ARM GAS  /tmp/ccTO1Kgv.s 			page 1


   1              		.cpu cortex-m4
   2              		.eabi_attribute 27, 1
   3              		.eabi_attribute 28, 1
   4              		.eabi_attribute 20, 1
   5              		.eabi_attribute 21, 1
   6              		.eabi_attribute 23, 3
   7              		.eabi_attribute 24, 1
   8              		.eabi_attribute 25, 1
   9              		.eabi_attribute 26, 1
  10              		.eabi_attribute 30, 1
  11              		.eabi_attribute 34, 1
  12              		.eabi_attribute 18, 4
  13              		.file	"actors_lookup.c"
  14              		.text
  15              	.Ltext0:
  16              		.cfi_sections	.debug_frame
  17              		.global	ACTORS_LOOKUP_SystemRegistry
  18              		.section	.bss.ACTORS_LOOKUP_SystemRegistry,"aw",%nobits
  19              		.align	2
  22              	ACTORS_LOOKUP_SystemRegistry:
  23 0000 00000000 		.space	40
  23      00000000 
  23      00000000 
  23      00000000 
  23      00000000 
  24              		.text
  25              	.Letext0:
  26              		.file 1 "/usr/include/newlib/machine/_default_types.h"
  27              		.file 2 "/usr/include/newlib/sys/_types.h"
  28              		.file 3 "/usr/include/newlib/sys/_stdint.h"
  29              		.file 4 "/usr/include/newlib/sys/types.h"
  30              		.file 5 "Middlewares/Third_Party/FreeRTOS/Source/CMSIS_RTOS_V2/cmsis_os2.h"
  31              		.file 6 "app/core/actor/../../config/events_list/events_list.h"
  32              		.file 7 "app/core/actor/actor.h"
  33              		.file 8 "app/config/actors_lookup/actors_lookup.h"
  34              		.file 9 "app/config/actors_lookup/actors_lookup.c"
ARM GAS  /tmp/ccTO1Kgv.s 			page 2


DEFINED SYMBOLS
                            *ABS*:0000000000000000 actors_lookup.c
     /tmp/ccTO1Kgv.s:22     .bss.ACTORS_LOOKUP_SystemRegistry:0000000000000000 ACTORS_LOOKUP_SystemRegistry
     /tmp/ccTO1Kgv.s:19     .bss.ACTORS_LOOKUP_SystemRegistry:0000000000000000 $d

NO UNDEFINED SYMBOLS
