ARM GAS  /tmp/ccvlPyvd.s 			page 1


   1              		.cpu cortex-m4
   2              		.eabi_attribute 27, 1
   3              		.eabi_attribute 28, 1
   4              		.eabi_attribute 20, 1
   5              		.eabi_attribute 21, 1
   6              		.eabi_attribute 23, 3
   7              		.eabi_attribute 24, 1
   8              		.eabi_attribute 25, 1
   9              		.eabi_attribute 26, 1
  10              		.eabi_attribute 30, 1
  11              		.eabi_attribute 34, 1
  12              		.eabi_attribute 18, 4
  13              		.file	"main.c"
  14              		.text
  15              	.Ltext0:
  16              		.cfi_sections	.debug_frame
  17              		.section	.text.HAL_TIM_PeriodElapsedCallback,"ax",%progbits
  18              		.align	1
  19              		.global	HAL_TIM_PeriodElapsedCallback
  20              		.arch armv7e-m
  21              		.syntax unified
  22              		.thumb
  23              		.thumb_func
  24              		.fpu fpv4-sp-d16
  26              	HAL_TIM_PeriodElapsedCallback:
  27              	.LVL0:
  28              	.LFB142:
  29              		.file 1 "Core/Src/main.c"
   1:Core/Src/main.c **** /* USER CODE BEGIN Header */
   2:Core/Src/main.c **** /**
   3:Core/Src/main.c ****   ******************************************************************************
   4:Core/Src/main.c ****   * @file           : main.c
   5:Core/Src/main.c ****   * @brief          : Main program body
   6:Core/Src/main.c ****   ******************************************************************************
   7:Core/Src/main.c ****   * @attention
   8:Core/Src/main.c ****   *
   9:Core/Src/main.c ****   * Copyright (c) 2023 STMicroelectronics.
  10:Core/Src/main.c ****   * All rights reserved.
  11:Core/Src/main.c ****   *
  12:Core/Src/main.c ****   * This software is licensed under terms that can be found in the LICENSE file
  13:Core/Src/main.c ****   * in the root directory of this software component.
  14:Core/Src/main.c ****   * If no LICENSE file comes with this software, it is provided AS-IS.
  15:Core/Src/main.c ****   *
  16:Core/Src/main.c ****   ******************************************************************************
  17:Core/Src/main.c ****   */
  18:Core/Src/main.c **** /* USER CODE END Header */
  19:Core/Src/main.c **** /* Includes ------------------------------------------------------------------*/
  20:Core/Src/main.c **** #include "main.h"
  21:Core/Src/main.c **** #include "cmsis_os.h"
  22:Core/Src/main.c **** #include "crc.h"
  23:Core/Src/main.c **** #include "lptim.h"
  24:Core/Src/main.c **** #include "quadspi.h"
  25:Core/Src/main.c **** #include "rng.h"
  26:Core/Src/main.c **** #include "rtc.h"
  27:Core/Src/main.c **** #include "usb_device.h"
  28:Core/Src/main.c **** #include "gpio.h"
  29:Core/Src/main.c **** 
ARM GAS  /tmp/ccvlPyvd.s 			page 2


  30:Core/Src/main.c **** /* Private includes ----------------------------------------------------------*/
  31:Core/Src/main.c **** /* USER CODE BEGIN Includes */
  32:Core/Src/main.c **** /* USER CODE END Includes */
  33:Core/Src/main.c **** 
  34:Core/Src/main.c **** /* Private typedef -----------------------------------------------------------*/
  35:Core/Src/main.c **** /* USER CODE BEGIN PTD */
  36:Core/Src/main.c **** 
  37:Core/Src/main.c **** /* USER CODE END PTD */
  38:Core/Src/main.c **** 
  39:Core/Src/main.c **** /* Private define ------------------------------------------------------------*/
  40:Core/Src/main.c **** /* USER CODE BEGIN PD */
  41:Core/Src/main.c **** 
  42:Core/Src/main.c **** /* USER CODE END PD */
  43:Core/Src/main.c **** 
  44:Core/Src/main.c **** /* Private macro -------------------------------------------------------------*/
  45:Core/Src/main.c **** /* USER CODE BEGIN PM */
  46:Core/Src/main.c **** 
  47:Core/Src/main.c **** /* USER CODE END PM */
  48:Core/Src/main.c **** 
  49:Core/Src/main.c **** /* Private variables ---------------------------------------------------------*/
  50:Core/Src/main.c **** 
  51:Core/Src/main.c **** /* USER CODE BEGIN PV */
  52:Core/Src/main.c **** 
  53:Core/Src/main.c **** /* USER CODE END PV */
  54:Core/Src/main.c **** 
  55:Core/Src/main.c **** /* Private function prototypes -----------------------------------------------*/
  56:Core/Src/main.c **** void SystemClock_Config(void);
  57:Core/Src/main.c **** void MX_FREERTOS_Init(void);
  58:Core/Src/main.c **** /* USER CODE BEGIN PFP */
  59:Core/Src/main.c **** 
  60:Core/Src/main.c **** /* USER CODE END PFP */
  61:Core/Src/main.c **** 
  62:Core/Src/main.c **** /* Private user code ---------------------------------------------------------*/
  63:Core/Src/main.c **** /* USER CODE BEGIN 0 */
  64:Core/Src/main.c **** 
  65:Core/Src/main.c **** /* USER CODE END 0 */
  66:Core/Src/main.c **** 
  67:Core/Src/main.c **** /**
  68:Core/Src/main.c ****   * @brief  The application entry point.
  69:Core/Src/main.c ****   * @retval int
  70:Core/Src/main.c ****   */
  71:Core/Src/main.c **** int main(void)
  72:Core/Src/main.c **** {
  73:Core/Src/main.c **** 
  74:Core/Src/main.c ****   /* USER CODE BEGIN 1 */
  75:Core/Src/main.c **** 
  76:Core/Src/main.c ****   /* USER CODE END 1 */
  77:Core/Src/main.c **** 
  78:Core/Src/main.c ****   /* MCU Configuration--------------------------------------------------------*/
  79:Core/Src/main.c **** 
  80:Core/Src/main.c ****   /* Reset of all peripherals, Initializes the Flash interface and the Systick. */
  81:Core/Src/main.c ****   HAL_Init();
  82:Core/Src/main.c **** 
  83:Core/Src/main.c ****   /* USER CODE BEGIN Init */
  84:Core/Src/main.c **** 
  85:Core/Src/main.c ****   /* USER CODE END Init */
  86:Core/Src/main.c **** 
ARM GAS  /tmp/ccvlPyvd.s 			page 3


  87:Core/Src/main.c ****   /* Configure the system clock */
  88:Core/Src/main.c ****   SystemClock_Config();
  89:Core/Src/main.c **** 
  90:Core/Src/main.c ****   /* USER CODE BEGIN SysInit */
  91:Core/Src/main.c **** 
  92:Core/Src/main.c ****   /* USER CODE END SysInit */
  93:Core/Src/main.c **** 
  94:Core/Src/main.c ****   /* Initialize all configured peripherals */
  95:Core/Src/main.c ****   MX_GPIO_Init();
  96:Core/Src/main.c ****   MX_RTC_Init();
  97:Core/Src/main.c ****   MX_LPTIM1_Init();
  98:Core/Src/main.c ****   MX_QUADSPI_Init();
  99:Core/Src/main.c ****   MX_CRC_Init();
 100:Core/Src/main.c ****   MX_RNG_Init();
 101:Core/Src/main.c ****   /* USER CODE BEGIN 2 */
 102:Core/Src/main.c ****   RETARGET_Init(); // init stdio, debug
 103:Core/Src/main.c ****   INFO_LED_Init();
 104:Core/Src/main.c **** 
 105:Core/Src/main.c ****   /* USER CODE END 2 */
 106:Core/Src/main.c **** 
 107:Core/Src/main.c ****   /* Init scheduler */
 108:Core/Src/main.c ****   osKernelInitialize();
 109:Core/Src/main.c **** 
 110:Core/Src/main.c ****   /* Call init function for freertos objects (in cmsis_os2.c) */
 111:Core/Src/main.c ****   MX_FREERTOS_Init();
 112:Core/Src/main.c **** 
 113:Core/Src/main.c ****   /* Init SystemView */
 114:Core/Src/main.c ****   SEGGER_SYSVIEW_Conf();
 115:Core/Src/main.c **** 
 116:Core/Src/main.c ****   /* Start scheduler */
 117:Core/Src/main.c ****   osKernelStart();
 118:Core/Src/main.c **** 
 119:Core/Src/main.c ****   /* We should never get here as control is now taken by the scheduler */
 120:Core/Src/main.c **** 
 121:Core/Src/main.c ****   /* Infinite loop */
 122:Core/Src/main.c ****   /* USER CODE BEGIN WHILE */
 123:Core/Src/main.c ****   while (1)
 124:Core/Src/main.c ****   {
 125:Core/Src/main.c ****     /* USER CODE END WHILE */
 126:Core/Src/main.c **** 
 127:Core/Src/main.c ****     /* USER CODE BEGIN 3 */
 128:Core/Src/main.c ****   }
 129:Core/Src/main.c ****   /* USER CODE END 3 */
 130:Core/Src/main.c **** }
 131:Core/Src/main.c **** 
 132:Core/Src/main.c **** /**
 133:Core/Src/main.c ****   * @brief System Clock Configuration
 134:Core/Src/main.c ****   * @retval None
 135:Core/Src/main.c ****   */
 136:Core/Src/main.c **** void SystemClock_Config(void)
 137:Core/Src/main.c **** {
 138:Core/Src/main.c ****   RCC_OscInitTypeDef RCC_OscInitStruct = {0};
 139:Core/Src/main.c ****   RCC_ClkInitTypeDef RCC_ClkInitStruct = {0};
 140:Core/Src/main.c **** 
 141:Core/Src/main.c ****   /** Configure the main internal regulator output voltage
 142:Core/Src/main.c ****   */
 143:Core/Src/main.c ****   if (HAL_PWREx_ControlVoltageScaling(PWR_REGULATOR_VOLTAGE_SCALE1) != HAL_OK)
ARM GAS  /tmp/ccvlPyvd.s 			page 4


 144:Core/Src/main.c ****   {
 145:Core/Src/main.c ****     Error_Handler();
 146:Core/Src/main.c ****   }
 147:Core/Src/main.c **** 
 148:Core/Src/main.c ****   /** Configure LSE Drive Capability
 149:Core/Src/main.c ****   */
 150:Core/Src/main.c ****   HAL_PWR_EnableBkUpAccess();
 151:Core/Src/main.c ****   __HAL_RCC_LSEDRIVE_CONFIG(RCC_LSEDRIVE_LOW);
 152:Core/Src/main.c **** 
 153:Core/Src/main.c ****   /** Initializes the RCC Oscillators according to the specified parameters
 154:Core/Src/main.c ****   * in the RCC_OscInitTypeDef structure.
 155:Core/Src/main.c ****   */
 156:Core/Src/main.c ****   RCC_OscInitStruct.OscillatorType = RCC_OSCILLATORTYPE_LSE|RCC_OSCILLATORTYPE_MSI;
 157:Core/Src/main.c ****   RCC_OscInitStruct.LSEState = RCC_LSE_ON;
 158:Core/Src/main.c ****   RCC_OscInitStruct.MSIState = RCC_MSI_ON;
 159:Core/Src/main.c ****   RCC_OscInitStruct.MSICalibrationValue = 0;
 160:Core/Src/main.c ****   RCC_OscInitStruct.MSIClockRange = RCC_MSIRANGE_6;
 161:Core/Src/main.c ****   RCC_OscInitStruct.PLL.PLLState = RCC_PLL_ON;
 162:Core/Src/main.c ****   RCC_OscInitStruct.PLL.PLLSource = RCC_PLLSOURCE_MSI;
 163:Core/Src/main.c ****   RCC_OscInitStruct.PLL.PLLM = 1;
 164:Core/Src/main.c ****   RCC_OscInitStruct.PLL.PLLN = 24;
 165:Core/Src/main.c ****   RCC_OscInitStruct.PLL.PLLQ = RCC_PLLQ_DIV2;
 166:Core/Src/main.c ****   RCC_OscInitStruct.PLL.PLLR = RCC_PLLR_DIV4;
 167:Core/Src/main.c ****   if (HAL_RCC_OscConfig(&RCC_OscInitStruct) != HAL_OK)
 168:Core/Src/main.c ****   {
 169:Core/Src/main.c ****     Error_Handler();
 170:Core/Src/main.c ****   }
 171:Core/Src/main.c **** 
 172:Core/Src/main.c ****   /** Initializes the CPU, AHB and APB buses clocks
 173:Core/Src/main.c ****   */
 174:Core/Src/main.c ****   RCC_ClkInitStruct.ClockType = RCC_CLOCKTYPE_HCLK|RCC_CLOCKTYPE_SYSCLK
 175:Core/Src/main.c ****                               |RCC_CLOCKTYPE_PCLK1|RCC_CLOCKTYPE_PCLK2;
 176:Core/Src/main.c ****   RCC_ClkInitStruct.SYSCLKSource = RCC_SYSCLKSOURCE_PLLCLK;
 177:Core/Src/main.c ****   RCC_ClkInitStruct.AHBCLKDivider = RCC_SYSCLK_DIV1;
 178:Core/Src/main.c ****   RCC_ClkInitStruct.APB1CLKDivider = RCC_HCLK_DIV1;
 179:Core/Src/main.c ****   RCC_ClkInitStruct.APB2CLKDivider = RCC_HCLK_DIV1;
 180:Core/Src/main.c **** 
 181:Core/Src/main.c ****   if (HAL_RCC_ClockConfig(&RCC_ClkInitStruct, FLASH_LATENCY_1) != HAL_OK)
 182:Core/Src/main.c ****   {
 183:Core/Src/main.c ****     Error_Handler();
 184:Core/Src/main.c ****   }
 185:Core/Src/main.c **** 
 186:Core/Src/main.c ****   /** Enable MSI Auto calibration
 187:Core/Src/main.c ****   */
 188:Core/Src/main.c ****   HAL_RCCEx_EnableMSIPLLMode();
 189:Core/Src/main.c **** }
 190:Core/Src/main.c **** 
 191:Core/Src/main.c **** /* USER CODE BEGIN 4 */
 192:Core/Src/main.c **** 
 193:Core/Src/main.c **** /* USER CODE END 4 */
 194:Core/Src/main.c **** 
 195:Core/Src/main.c **** /**
 196:Core/Src/main.c ****   * @brief  Period elapsed callback in non blocking mode
 197:Core/Src/main.c ****   * @note   This function is called  when TIM6 interrupt took place, inside
 198:Core/Src/main.c ****   * HAL_TIM_IRQHandler(). It makes a direct call to HAL_IncTick() to increment
 199:Core/Src/main.c ****   * a global variable "uwTick" used as application time base.
 200:Core/Src/main.c ****   * @param  htim : TIM handle
ARM GAS  /tmp/ccvlPyvd.s 			page 5


 201:Core/Src/main.c ****   * @retval None
 202:Core/Src/main.c ****   */
 203:Core/Src/main.c **** void HAL_TIM_PeriodElapsedCallback(TIM_HandleTypeDef *htim)
 204:Core/Src/main.c **** {
  30              		.loc 1 204 1 view -0
  31              		.cfi_startproc
  32              		@ args = 0, pretend = 0, frame = 0
  33              		@ frame_needed = 0, uses_anonymous_args = 0
  34              		.loc 1 204 1 is_stmt 0 view .LVU1
  35 0000 08B5     		push	{r3, lr}
  36              	.LCFI0:
  37              		.cfi_def_cfa_offset 8
  38              		.cfi_offset 3, -8
  39              		.cfi_offset 14, -4
 205:Core/Src/main.c ****   /* USER CODE BEGIN Callback 0 */
 206:Core/Src/main.c **** 
 207:Core/Src/main.c ****   /* USER CODE END Callback 0 */
 208:Core/Src/main.c ****   if (htim->Instance == TIM6) {
  40              		.loc 1 208 3 is_stmt 1 view .LVU2
  41              		.loc 1 208 11 is_stmt 0 view .LVU3
  42 0002 0268     		ldr	r2, [r0]
  43              		.loc 1 208 6 view .LVU4
  44 0004 034B     		ldr	r3, .L5
  45 0006 9A42     		cmp	r2, r3
  46 0008 00D0     		beq	.L4
  47              	.LVL1:
  48              	.L1:
 209:Core/Src/main.c ****     HAL_IncTick();
 210:Core/Src/main.c ****   }
 211:Core/Src/main.c ****   /* USER CODE BEGIN Callback 1 */
 212:Core/Src/main.c **** 
 213:Core/Src/main.c ****   /* USER CODE END Callback 1 */
 214:Core/Src/main.c **** }
  49              		.loc 1 214 1 view .LVU5
  50 000a 08BD     		pop	{r3, pc}
  51              	.LVL2:
  52              	.L4:
 209:Core/Src/main.c ****     HAL_IncTick();
  53              		.loc 1 209 5 is_stmt 1 view .LVU6
  54 000c FFF7FEFF 		bl	HAL_IncTick
  55              	.LVL3:
  56              		.loc 1 214 1 is_stmt 0 view .LVU7
  57 0010 FBE7     		b	.L1
  58              	.L6:
  59 0012 00BF     		.align	2
  60              	.L5:
  61 0014 00100040 		.word	1073745920
  62              		.cfi_endproc
  63              	.LFE142:
  65              		.section	.text.Error_Handler,"ax",%progbits
  66              		.align	1
  67              		.global	Error_Handler
  68              		.syntax unified
  69              		.thumb
  70              		.thumb_func
  71              		.fpu fpv4-sp-d16
  73              	Error_Handler:
ARM GAS  /tmp/ccvlPyvd.s 			page 6


  74              	.LFB143:
 215:Core/Src/main.c **** 
 216:Core/Src/main.c **** /**
 217:Core/Src/main.c ****   * @brief  This function is executed in case of error occurrence.
 218:Core/Src/main.c ****   * @retval None
 219:Core/Src/main.c ****   */
 220:Core/Src/main.c **** void Error_Handler(void)
 221:Core/Src/main.c **** {
  75              		.loc 1 221 1 is_stmt 1 view -0
  76              		.cfi_startproc
  77              		@ Volatile: function does not return.
  78              		@ args = 0, pretend = 0, frame = 0
  79              		@ frame_needed = 0, uses_anonymous_args = 0
  80              		@ link register save eliminated.
 222:Core/Src/main.c ****   /* USER CODE BEGIN Error_Handler_Debug */
 223:Core/Src/main.c ****   /* User can add his own implementation to report the HAL error return state */
 224:Core/Src/main.c ****   __disable_irq();
  81              		.loc 1 224 3 view .LVU9
  82              	.LBB4:
  83              	.LBI4:
  84              		.file 2 "Drivers/CMSIS/Include/cmsis_gcc.h"
   1:Drivers/CMSIS/Include/cmsis_gcc.h **** /**************************************************************************//**
   2:Drivers/CMSIS/Include/cmsis_gcc.h ****  * @file     cmsis_gcc.h
   3:Drivers/CMSIS/Include/cmsis_gcc.h ****  * @brief    CMSIS compiler GCC header file
   4:Drivers/CMSIS/Include/cmsis_gcc.h ****  * @version  V5.2.0
   5:Drivers/CMSIS/Include/cmsis_gcc.h ****  * @date     08. May 2019
   6:Drivers/CMSIS/Include/cmsis_gcc.h ****  ******************************************************************************/
   7:Drivers/CMSIS/Include/cmsis_gcc.h **** /*
   8:Drivers/CMSIS/Include/cmsis_gcc.h ****  * Copyright (c) 2009-2019 Arm Limited. All rights reserved.
   9:Drivers/CMSIS/Include/cmsis_gcc.h ****  *
  10:Drivers/CMSIS/Include/cmsis_gcc.h ****  * SPDX-License-Identifier: Apache-2.0
  11:Drivers/CMSIS/Include/cmsis_gcc.h ****  *
  12:Drivers/CMSIS/Include/cmsis_gcc.h ****  * Licensed under the Apache License, Version 2.0 (the License); you may
  13:Drivers/CMSIS/Include/cmsis_gcc.h ****  * not use this file except in compliance with the License.
  14:Drivers/CMSIS/Include/cmsis_gcc.h ****  * You may obtain a copy of the License at
  15:Drivers/CMSIS/Include/cmsis_gcc.h ****  *
  16:Drivers/CMSIS/Include/cmsis_gcc.h ****  * www.apache.org/licenses/LICENSE-2.0
  17:Drivers/CMSIS/Include/cmsis_gcc.h ****  *
  18:Drivers/CMSIS/Include/cmsis_gcc.h ****  * Unless required by applicable law or agreed to in writing, software
  19:Drivers/CMSIS/Include/cmsis_gcc.h ****  * distributed under the License is distributed on an AS IS BASIS, WITHOUT
  20:Drivers/CMSIS/Include/cmsis_gcc.h ****  * WARRANTIES OR CONDITIONS OF ANY KIND, either express or implied.
  21:Drivers/CMSIS/Include/cmsis_gcc.h ****  * See the License for the specific language governing permissions and
  22:Drivers/CMSIS/Include/cmsis_gcc.h ****  * limitations under the License.
  23:Drivers/CMSIS/Include/cmsis_gcc.h ****  */
  24:Drivers/CMSIS/Include/cmsis_gcc.h **** 
  25:Drivers/CMSIS/Include/cmsis_gcc.h **** #ifndef __CMSIS_GCC_H
  26:Drivers/CMSIS/Include/cmsis_gcc.h **** #define __CMSIS_GCC_H
  27:Drivers/CMSIS/Include/cmsis_gcc.h **** 
  28:Drivers/CMSIS/Include/cmsis_gcc.h **** /* ignore some GCC warnings */
  29:Drivers/CMSIS/Include/cmsis_gcc.h **** #pragma GCC diagnostic push
  30:Drivers/CMSIS/Include/cmsis_gcc.h **** #pragma GCC diagnostic ignored "-Wsign-conversion"
  31:Drivers/CMSIS/Include/cmsis_gcc.h **** #pragma GCC diagnostic ignored "-Wconversion"
  32:Drivers/CMSIS/Include/cmsis_gcc.h **** #pragma GCC diagnostic ignored "-Wunused-parameter"
  33:Drivers/CMSIS/Include/cmsis_gcc.h **** 
  34:Drivers/CMSIS/Include/cmsis_gcc.h **** /* Fallback for __has_builtin */
  35:Drivers/CMSIS/Include/cmsis_gcc.h **** #ifndef __has_builtin
  36:Drivers/CMSIS/Include/cmsis_gcc.h ****   #define __has_builtin(x) (0)
ARM GAS  /tmp/ccvlPyvd.s 			page 7


  37:Drivers/CMSIS/Include/cmsis_gcc.h **** #endif
  38:Drivers/CMSIS/Include/cmsis_gcc.h **** 
  39:Drivers/CMSIS/Include/cmsis_gcc.h **** /* CMSIS compiler specific defines */
  40:Drivers/CMSIS/Include/cmsis_gcc.h **** #ifndef   __ASM
  41:Drivers/CMSIS/Include/cmsis_gcc.h ****   #define __ASM                                  __asm
  42:Drivers/CMSIS/Include/cmsis_gcc.h **** #endif
  43:Drivers/CMSIS/Include/cmsis_gcc.h **** #ifndef   __INLINE
  44:Drivers/CMSIS/Include/cmsis_gcc.h ****   #define __INLINE                               inline
  45:Drivers/CMSIS/Include/cmsis_gcc.h **** #endif
  46:Drivers/CMSIS/Include/cmsis_gcc.h **** #ifndef   __STATIC_INLINE
  47:Drivers/CMSIS/Include/cmsis_gcc.h ****   #define __STATIC_INLINE                        static inline
  48:Drivers/CMSIS/Include/cmsis_gcc.h **** #endif
  49:Drivers/CMSIS/Include/cmsis_gcc.h **** #ifndef   __STATIC_FORCEINLINE                 
  50:Drivers/CMSIS/Include/cmsis_gcc.h ****   #define __STATIC_FORCEINLINE                   __attribute__((always_inline)) static inline
  51:Drivers/CMSIS/Include/cmsis_gcc.h **** #endif                                           
  52:Drivers/CMSIS/Include/cmsis_gcc.h **** #ifndef   __NO_RETURN
  53:Drivers/CMSIS/Include/cmsis_gcc.h ****   #define __NO_RETURN                            __attribute__((__noreturn__))
  54:Drivers/CMSIS/Include/cmsis_gcc.h **** #endif
  55:Drivers/CMSIS/Include/cmsis_gcc.h **** #ifndef   __USED
  56:Drivers/CMSIS/Include/cmsis_gcc.h ****   #define __USED                                 __attribute__((used))
  57:Drivers/CMSIS/Include/cmsis_gcc.h **** #endif
  58:Drivers/CMSIS/Include/cmsis_gcc.h **** #ifndef   __WEAK
  59:Drivers/CMSIS/Include/cmsis_gcc.h ****   #define __WEAK                                 __attribute__((weak))
  60:Drivers/CMSIS/Include/cmsis_gcc.h **** #endif
  61:Drivers/CMSIS/Include/cmsis_gcc.h **** #ifndef   __PACKED
  62:Drivers/CMSIS/Include/cmsis_gcc.h ****   #define __PACKED                               __attribute__((packed, aligned(1)))
  63:Drivers/CMSIS/Include/cmsis_gcc.h **** #endif
  64:Drivers/CMSIS/Include/cmsis_gcc.h **** #ifndef   __PACKED_STRUCT
  65:Drivers/CMSIS/Include/cmsis_gcc.h ****   #define __PACKED_STRUCT                        struct __attribute__((packed, aligned(1)))
  66:Drivers/CMSIS/Include/cmsis_gcc.h **** #endif
  67:Drivers/CMSIS/Include/cmsis_gcc.h **** #ifndef   __PACKED_UNION
  68:Drivers/CMSIS/Include/cmsis_gcc.h ****   #define __PACKED_UNION                         union __attribute__((packed, aligned(1)))
  69:Drivers/CMSIS/Include/cmsis_gcc.h **** #endif
  70:Drivers/CMSIS/Include/cmsis_gcc.h **** #ifndef   __UNALIGNED_UINT32        /* deprecated */
  71:Drivers/CMSIS/Include/cmsis_gcc.h ****   #pragma GCC diagnostic push
  72:Drivers/CMSIS/Include/cmsis_gcc.h ****   #pragma GCC diagnostic ignored "-Wpacked"
  73:Drivers/CMSIS/Include/cmsis_gcc.h ****   #pragma GCC diagnostic ignored "-Wattributes"
  74:Drivers/CMSIS/Include/cmsis_gcc.h ****   struct __attribute__((packed)) T_UINT32 { uint32_t v; };
  75:Drivers/CMSIS/Include/cmsis_gcc.h ****   #pragma GCC diagnostic pop
  76:Drivers/CMSIS/Include/cmsis_gcc.h ****   #define __UNALIGNED_UINT32(x)                  (((struct T_UINT32 *)(x))->v)
  77:Drivers/CMSIS/Include/cmsis_gcc.h **** #endif
  78:Drivers/CMSIS/Include/cmsis_gcc.h **** #ifndef   __UNALIGNED_UINT16_WRITE
  79:Drivers/CMSIS/Include/cmsis_gcc.h ****   #pragma GCC diagnostic push
  80:Drivers/CMSIS/Include/cmsis_gcc.h ****   #pragma GCC diagnostic ignored "-Wpacked"
  81:Drivers/CMSIS/Include/cmsis_gcc.h ****   #pragma GCC diagnostic ignored "-Wattributes"
  82:Drivers/CMSIS/Include/cmsis_gcc.h ****   __PACKED_STRUCT T_UINT16_WRITE { uint16_t v; };
  83:Drivers/CMSIS/Include/cmsis_gcc.h ****   #pragma GCC diagnostic pop
  84:Drivers/CMSIS/Include/cmsis_gcc.h ****   #define __UNALIGNED_UINT16_WRITE(addr, val)    (void)((((struct T_UINT16_WRITE *)(void *)(addr))-
  85:Drivers/CMSIS/Include/cmsis_gcc.h **** #endif
  86:Drivers/CMSIS/Include/cmsis_gcc.h **** #ifndef   __UNALIGNED_UINT16_READ
  87:Drivers/CMSIS/Include/cmsis_gcc.h ****   #pragma GCC diagnostic push
  88:Drivers/CMSIS/Include/cmsis_gcc.h ****   #pragma GCC diagnostic ignored "-Wpacked"
  89:Drivers/CMSIS/Include/cmsis_gcc.h ****   #pragma GCC diagnostic ignored "-Wattributes"
  90:Drivers/CMSIS/Include/cmsis_gcc.h ****   __PACKED_STRUCT T_UINT16_READ { uint16_t v; };
  91:Drivers/CMSIS/Include/cmsis_gcc.h ****   #pragma GCC diagnostic pop
  92:Drivers/CMSIS/Include/cmsis_gcc.h ****   #define __UNALIGNED_UINT16_READ(addr)          (((const struct T_UINT16_READ *)(const void *)(add
  93:Drivers/CMSIS/Include/cmsis_gcc.h **** #endif
ARM GAS  /tmp/ccvlPyvd.s 			page 8


  94:Drivers/CMSIS/Include/cmsis_gcc.h **** #ifndef   __UNALIGNED_UINT32_WRITE
  95:Drivers/CMSIS/Include/cmsis_gcc.h ****   #pragma GCC diagnostic push
  96:Drivers/CMSIS/Include/cmsis_gcc.h ****   #pragma GCC diagnostic ignored "-Wpacked"
  97:Drivers/CMSIS/Include/cmsis_gcc.h ****   #pragma GCC diagnostic ignored "-Wattributes"
  98:Drivers/CMSIS/Include/cmsis_gcc.h ****   __PACKED_STRUCT T_UINT32_WRITE { uint32_t v; };
  99:Drivers/CMSIS/Include/cmsis_gcc.h ****   #pragma GCC diagnostic pop
 100:Drivers/CMSIS/Include/cmsis_gcc.h ****   #define __UNALIGNED_UINT32_WRITE(addr, val)    (void)((((struct T_UINT32_WRITE *)(void *)(addr))-
 101:Drivers/CMSIS/Include/cmsis_gcc.h **** #endif
 102:Drivers/CMSIS/Include/cmsis_gcc.h **** #ifndef   __UNALIGNED_UINT32_READ
 103:Drivers/CMSIS/Include/cmsis_gcc.h ****   #pragma GCC diagnostic push
 104:Drivers/CMSIS/Include/cmsis_gcc.h ****   #pragma GCC diagnostic ignored "-Wpacked"
 105:Drivers/CMSIS/Include/cmsis_gcc.h ****   #pragma GCC diagnostic ignored "-Wattributes"
 106:Drivers/CMSIS/Include/cmsis_gcc.h ****   __PACKED_STRUCT T_UINT32_READ { uint32_t v; };
 107:Drivers/CMSIS/Include/cmsis_gcc.h ****   #pragma GCC diagnostic pop
 108:Drivers/CMSIS/Include/cmsis_gcc.h ****   #define __UNALIGNED_UINT32_READ(addr)          (((const struct T_UINT32_READ *)(const void *)(add
 109:Drivers/CMSIS/Include/cmsis_gcc.h **** #endif
 110:Drivers/CMSIS/Include/cmsis_gcc.h **** #ifndef   __ALIGNED
 111:Drivers/CMSIS/Include/cmsis_gcc.h ****   #define __ALIGNED(x)                           __attribute__((aligned(x)))
 112:Drivers/CMSIS/Include/cmsis_gcc.h **** #endif
 113:Drivers/CMSIS/Include/cmsis_gcc.h **** #ifndef   __RESTRICT
 114:Drivers/CMSIS/Include/cmsis_gcc.h ****   #define __RESTRICT                             __restrict
 115:Drivers/CMSIS/Include/cmsis_gcc.h **** #endif
 116:Drivers/CMSIS/Include/cmsis_gcc.h **** #ifndef   __COMPILER_BARRIER
 117:Drivers/CMSIS/Include/cmsis_gcc.h ****   #define __COMPILER_BARRIER()                   __ASM volatile("":::"memory")
 118:Drivers/CMSIS/Include/cmsis_gcc.h **** #endif
 119:Drivers/CMSIS/Include/cmsis_gcc.h **** 
 120:Drivers/CMSIS/Include/cmsis_gcc.h **** /* #########################  Startup and Lowlevel Init  ######################## */
 121:Drivers/CMSIS/Include/cmsis_gcc.h **** 
 122:Drivers/CMSIS/Include/cmsis_gcc.h **** #ifndef __PROGRAM_START
 123:Drivers/CMSIS/Include/cmsis_gcc.h **** 
 124:Drivers/CMSIS/Include/cmsis_gcc.h **** /**
 125:Drivers/CMSIS/Include/cmsis_gcc.h ****   \brief   Initializes data and bss sections
 126:Drivers/CMSIS/Include/cmsis_gcc.h ****   \details This default implementations initialized all data and additional bss
 127:Drivers/CMSIS/Include/cmsis_gcc.h ****            sections relying on .copy.table and .zero.table specified properly
 128:Drivers/CMSIS/Include/cmsis_gcc.h ****            in the used linker script.
 129:Drivers/CMSIS/Include/cmsis_gcc.h ****   
 130:Drivers/CMSIS/Include/cmsis_gcc.h ****  */
 131:Drivers/CMSIS/Include/cmsis_gcc.h **** __STATIC_FORCEINLINE __NO_RETURN void __cmsis_start(void)
 132:Drivers/CMSIS/Include/cmsis_gcc.h **** {
 133:Drivers/CMSIS/Include/cmsis_gcc.h ****   extern void _start(void) __NO_RETURN;
 134:Drivers/CMSIS/Include/cmsis_gcc.h ****   
 135:Drivers/CMSIS/Include/cmsis_gcc.h ****   typedef struct {
 136:Drivers/CMSIS/Include/cmsis_gcc.h ****     uint32_t const* src;
 137:Drivers/CMSIS/Include/cmsis_gcc.h ****     uint32_t* dest;
 138:Drivers/CMSIS/Include/cmsis_gcc.h ****     uint32_t  wlen;
 139:Drivers/CMSIS/Include/cmsis_gcc.h ****   } __copy_table_t;
 140:Drivers/CMSIS/Include/cmsis_gcc.h ****   
 141:Drivers/CMSIS/Include/cmsis_gcc.h ****   typedef struct {
 142:Drivers/CMSIS/Include/cmsis_gcc.h ****     uint32_t* dest;
 143:Drivers/CMSIS/Include/cmsis_gcc.h ****     uint32_t  wlen;
 144:Drivers/CMSIS/Include/cmsis_gcc.h ****   } __zero_table_t;
 145:Drivers/CMSIS/Include/cmsis_gcc.h ****   
 146:Drivers/CMSIS/Include/cmsis_gcc.h ****   extern const __copy_table_t __copy_table_start__;
 147:Drivers/CMSIS/Include/cmsis_gcc.h ****   extern const __copy_table_t __copy_table_end__;
 148:Drivers/CMSIS/Include/cmsis_gcc.h ****   extern const __zero_table_t __zero_table_start__;
 149:Drivers/CMSIS/Include/cmsis_gcc.h ****   extern const __zero_table_t __zero_table_end__;
 150:Drivers/CMSIS/Include/cmsis_gcc.h **** 
ARM GAS  /tmp/ccvlPyvd.s 			page 9


 151:Drivers/CMSIS/Include/cmsis_gcc.h ****   for (__copy_table_t const* pTable = &__copy_table_start__; pTable < &__copy_table_end__; ++pTable
 152:Drivers/CMSIS/Include/cmsis_gcc.h ****     for(uint32_t i=0u; i<pTable->wlen; ++i) {
 153:Drivers/CMSIS/Include/cmsis_gcc.h ****       pTable->dest[i] = pTable->src[i];
 154:Drivers/CMSIS/Include/cmsis_gcc.h ****     }
 155:Drivers/CMSIS/Include/cmsis_gcc.h ****   }
 156:Drivers/CMSIS/Include/cmsis_gcc.h ****  
 157:Drivers/CMSIS/Include/cmsis_gcc.h ****   for (__zero_table_t const* pTable = &__zero_table_start__; pTable < &__zero_table_end__; ++pTable
 158:Drivers/CMSIS/Include/cmsis_gcc.h ****     for(uint32_t i=0u; i<pTable->wlen; ++i) {
 159:Drivers/CMSIS/Include/cmsis_gcc.h ****       pTable->dest[i] = 0u;
 160:Drivers/CMSIS/Include/cmsis_gcc.h ****     }
 161:Drivers/CMSIS/Include/cmsis_gcc.h ****   }
 162:Drivers/CMSIS/Include/cmsis_gcc.h ****  
 163:Drivers/CMSIS/Include/cmsis_gcc.h ****   _start();
 164:Drivers/CMSIS/Include/cmsis_gcc.h **** }
 165:Drivers/CMSIS/Include/cmsis_gcc.h ****   
 166:Drivers/CMSIS/Include/cmsis_gcc.h **** #define __PROGRAM_START           __cmsis_start
 167:Drivers/CMSIS/Include/cmsis_gcc.h **** #endif
 168:Drivers/CMSIS/Include/cmsis_gcc.h **** 
 169:Drivers/CMSIS/Include/cmsis_gcc.h **** #ifndef __INITIAL_SP
 170:Drivers/CMSIS/Include/cmsis_gcc.h **** #define __INITIAL_SP              __StackTop
 171:Drivers/CMSIS/Include/cmsis_gcc.h **** #endif
 172:Drivers/CMSIS/Include/cmsis_gcc.h **** 
 173:Drivers/CMSIS/Include/cmsis_gcc.h **** #ifndef __STACK_LIMIT
 174:Drivers/CMSIS/Include/cmsis_gcc.h **** #define __STACK_LIMIT             __StackLimit
 175:Drivers/CMSIS/Include/cmsis_gcc.h **** #endif
 176:Drivers/CMSIS/Include/cmsis_gcc.h **** 
 177:Drivers/CMSIS/Include/cmsis_gcc.h **** #ifndef __VECTOR_TABLE
 178:Drivers/CMSIS/Include/cmsis_gcc.h **** #define __VECTOR_TABLE            __Vectors
 179:Drivers/CMSIS/Include/cmsis_gcc.h **** #endif
 180:Drivers/CMSIS/Include/cmsis_gcc.h **** 
 181:Drivers/CMSIS/Include/cmsis_gcc.h **** #ifndef __VECTOR_TABLE_ATTRIBUTE
 182:Drivers/CMSIS/Include/cmsis_gcc.h **** #define __VECTOR_TABLE_ATTRIBUTE  __attribute((used, section(".vectors")))
 183:Drivers/CMSIS/Include/cmsis_gcc.h **** #endif
 184:Drivers/CMSIS/Include/cmsis_gcc.h **** 
 185:Drivers/CMSIS/Include/cmsis_gcc.h **** /* ###########################  Core Function Access  ########################### */
 186:Drivers/CMSIS/Include/cmsis_gcc.h **** /** \ingroup  CMSIS_Core_FunctionInterface
 187:Drivers/CMSIS/Include/cmsis_gcc.h ****     \defgroup CMSIS_Core_RegAccFunctions CMSIS Core Register Access Functions
 188:Drivers/CMSIS/Include/cmsis_gcc.h ****   @{
 189:Drivers/CMSIS/Include/cmsis_gcc.h ****  */
 190:Drivers/CMSIS/Include/cmsis_gcc.h **** 
 191:Drivers/CMSIS/Include/cmsis_gcc.h **** /**
 192:Drivers/CMSIS/Include/cmsis_gcc.h ****   \brief   Enable IRQ Interrupts
 193:Drivers/CMSIS/Include/cmsis_gcc.h ****   \details Enables IRQ interrupts by clearing the I-bit in the CPSR.
 194:Drivers/CMSIS/Include/cmsis_gcc.h ****            Can only be executed in Privileged modes.
 195:Drivers/CMSIS/Include/cmsis_gcc.h ****  */
 196:Drivers/CMSIS/Include/cmsis_gcc.h **** __STATIC_FORCEINLINE void __enable_irq(void)
 197:Drivers/CMSIS/Include/cmsis_gcc.h **** {
 198:Drivers/CMSIS/Include/cmsis_gcc.h ****   __ASM volatile ("cpsie i" : : : "memory");
 199:Drivers/CMSIS/Include/cmsis_gcc.h **** }
 200:Drivers/CMSIS/Include/cmsis_gcc.h **** 
 201:Drivers/CMSIS/Include/cmsis_gcc.h **** 
 202:Drivers/CMSIS/Include/cmsis_gcc.h **** /**
 203:Drivers/CMSIS/Include/cmsis_gcc.h ****   \brief   Disable IRQ Interrupts
 204:Drivers/CMSIS/Include/cmsis_gcc.h ****   \details Disables IRQ interrupts by setting the I-bit in the CPSR.
 205:Drivers/CMSIS/Include/cmsis_gcc.h ****            Can only be executed in Privileged modes.
 206:Drivers/CMSIS/Include/cmsis_gcc.h ****  */
 207:Drivers/CMSIS/Include/cmsis_gcc.h **** __STATIC_FORCEINLINE void __disable_irq(void)
ARM GAS  /tmp/ccvlPyvd.s 			page 10


  85              		.loc 2 207 27 view .LVU10
  86              	.LBB5:
 208:Drivers/CMSIS/Include/cmsis_gcc.h **** {
 209:Drivers/CMSIS/Include/cmsis_gcc.h ****   __ASM volatile ("cpsid i" : : : "memory");
  87              		.loc 2 209 3 view .LVU11
  88              		.syntax unified
  89              	@ 209 "Drivers/CMSIS/Include/cmsis_gcc.h" 1
  90 0000 72B6     		cpsid i
  91              	@ 0 "" 2
  92              		.thumb
  93              		.syntax unified
  94              	.L8:
  95              	.LBE5:
  96              	.LBE4:
 225:Core/Src/main.c ****   while (1)
  97              		.loc 1 225 3 discriminator 1 view .LVU12
 226:Core/Src/main.c ****   {
 227:Core/Src/main.c ****   }
  98              		.loc 1 227 3 discriminator 1 view .LVU13
 225:Core/Src/main.c ****   while (1)
  99              		.loc 1 225 9 discriminator 1 view .LVU14
 100 0002 FEE7     		b	.L8
 101              		.cfi_endproc
 102              	.LFE143:
 104              		.section	.text.SystemClock_Config,"ax",%progbits
 105              		.align	1
 106              		.global	SystemClock_Config
 107              		.syntax unified
 108              		.thumb
 109              		.thumb_func
 110              		.fpu fpv4-sp-d16
 112              	SystemClock_Config:
 113              	.LFB141:
 137:Core/Src/main.c ****   RCC_OscInitTypeDef RCC_OscInitStruct = {0};
 114              		.loc 1 137 1 view -0
 115              		.cfi_startproc
 116              		@ args = 0, pretend = 0, frame = 88
 117              		@ frame_needed = 0, uses_anonymous_args = 0
 118 0000 00B5     		push	{lr}
 119              	.LCFI1:
 120              		.cfi_def_cfa_offset 4
 121              		.cfi_offset 14, -4
 122 0002 97B0     		sub	sp, sp, #92
 123              	.LCFI2:
 124              		.cfi_def_cfa_offset 96
 138:Core/Src/main.c ****   RCC_ClkInitTypeDef RCC_ClkInitStruct = {0};
 125              		.loc 1 138 3 view .LVU16
 138:Core/Src/main.c ****   RCC_ClkInitTypeDef RCC_ClkInitStruct = {0};
 126              		.loc 1 138 22 is_stmt 0 view .LVU17
 127 0004 4422     		movs	r2, #68
 128 0006 0021     		movs	r1, #0
 129 0008 05A8     		add	r0, sp, #20
 130 000a FFF7FEFF 		bl	memset
 131              	.LVL4:
 139:Core/Src/main.c **** 
 132              		.loc 1 139 3 is_stmt 1 view .LVU18
 139:Core/Src/main.c **** 
ARM GAS  /tmp/ccvlPyvd.s 			page 11


 133              		.loc 1 139 22 is_stmt 0 view .LVU19
 134 000e 0023     		movs	r3, #0
 135 0010 0093     		str	r3, [sp]
 136 0012 0193     		str	r3, [sp, #4]
 137 0014 0293     		str	r3, [sp, #8]
 138 0016 0393     		str	r3, [sp, #12]
 139 0018 0493     		str	r3, [sp, #16]
 143:Core/Src/main.c ****   {
 140              		.loc 1 143 3 is_stmt 1 view .LVU20
 143:Core/Src/main.c ****   {
 141              		.loc 1 143 7 is_stmt 0 view .LVU21
 142 001a 4FF40070 		mov	r0, #512
 143 001e FFF7FEFF 		bl	HAL_PWREx_ControlVoltageScaling
 144              	.LVL5:
 143:Core/Src/main.c ****   {
 145              		.loc 1 143 6 view .LVU22
 146 0022 0028     		cmp	r0, #0
 147 0024 30D1     		bne	.L14
 150:Core/Src/main.c ****   __HAL_RCC_LSEDRIVE_CONFIG(RCC_LSEDRIVE_LOW);
 148              		.loc 1 150 3 is_stmt 1 view .LVU23
 149 0026 FFF7FEFF 		bl	HAL_PWR_EnableBkUpAccess
 150              	.LVL6:
 151:Core/Src/main.c **** 
 151              		.loc 1 151 3 view .LVU24
 152 002a 1A4A     		ldr	r2, .L17
 153 002c D2F89030 		ldr	r3, [r2, #144]
 154 0030 23F01803 		bic	r3, r3, #24
 155 0034 C2F89030 		str	r3, [r2, #144]
 156:Core/Src/main.c ****   RCC_OscInitStruct.LSEState = RCC_LSE_ON;
 156              		.loc 1 156 3 view .LVU25
 156:Core/Src/main.c ****   RCC_OscInitStruct.LSEState = RCC_LSE_ON;
 157              		.loc 1 156 36 is_stmt 0 view .LVU26
 158 0038 1423     		movs	r3, #20
 159 003a 0593     		str	r3, [sp, #20]
 157:Core/Src/main.c ****   RCC_OscInitStruct.MSIState = RCC_MSI_ON;
 160              		.loc 1 157 3 is_stmt 1 view .LVU27
 157:Core/Src/main.c ****   RCC_OscInitStruct.MSIState = RCC_MSI_ON;
 161              		.loc 1 157 30 is_stmt 0 view .LVU28
 162 003c 0123     		movs	r3, #1
 163 003e 0793     		str	r3, [sp, #28]
 158:Core/Src/main.c ****   RCC_OscInitStruct.MSICalibrationValue = 0;
 164              		.loc 1 158 3 is_stmt 1 view .LVU29
 158:Core/Src/main.c ****   RCC_OscInitStruct.MSICalibrationValue = 0;
 165              		.loc 1 158 30 is_stmt 0 view .LVU30
 166 0040 0C93     		str	r3, [sp, #48]
 159:Core/Src/main.c ****   RCC_OscInitStruct.MSIClockRange = RCC_MSIRANGE_6;
 167              		.loc 1 159 3 is_stmt 1 view .LVU31
 159:Core/Src/main.c ****   RCC_OscInitStruct.MSIClockRange = RCC_MSIRANGE_6;
 168              		.loc 1 159 41 is_stmt 0 view .LVU32
 169 0042 0022     		movs	r2, #0
 170 0044 0D92     		str	r2, [sp, #52]
 160:Core/Src/main.c ****   RCC_OscInitStruct.PLL.PLLState = RCC_PLL_ON;
 171              		.loc 1 160 3 is_stmt 1 view .LVU33
 160:Core/Src/main.c ****   RCC_OscInitStruct.PLL.PLLState = RCC_PLL_ON;
 172              		.loc 1 160 35 is_stmt 0 view .LVU34
 173 0046 6022     		movs	r2, #96
 174 0048 0E92     		str	r2, [sp, #56]
ARM GAS  /tmp/ccvlPyvd.s 			page 12


 161:Core/Src/main.c ****   RCC_OscInitStruct.PLL.PLLSource = RCC_PLLSOURCE_MSI;
 175              		.loc 1 161 3 is_stmt 1 view .LVU35
 161:Core/Src/main.c ****   RCC_OscInitStruct.PLL.PLLSource = RCC_PLLSOURCE_MSI;
 176              		.loc 1 161 34 is_stmt 0 view .LVU36
 177 004a 0222     		movs	r2, #2
 178 004c 1092     		str	r2, [sp, #64]
 162:Core/Src/main.c ****   RCC_OscInitStruct.PLL.PLLM = 1;
 179              		.loc 1 162 3 is_stmt 1 view .LVU37
 162:Core/Src/main.c ****   RCC_OscInitStruct.PLL.PLLM = 1;
 180              		.loc 1 162 35 is_stmt 0 view .LVU38
 181 004e 1193     		str	r3, [sp, #68]
 163:Core/Src/main.c ****   RCC_OscInitStruct.PLL.PLLN = 24;
 182              		.loc 1 163 3 is_stmt 1 view .LVU39
 163:Core/Src/main.c ****   RCC_OscInitStruct.PLL.PLLN = 24;
 183              		.loc 1 163 30 is_stmt 0 view .LVU40
 184 0050 1293     		str	r3, [sp, #72]
 164:Core/Src/main.c ****   RCC_OscInitStruct.PLL.PLLQ = RCC_PLLQ_DIV2;
 185              		.loc 1 164 3 is_stmt 1 view .LVU41
 164:Core/Src/main.c ****   RCC_OscInitStruct.PLL.PLLQ = RCC_PLLQ_DIV2;
 186              		.loc 1 164 30 is_stmt 0 view .LVU42
 187 0052 1823     		movs	r3, #24
 188 0054 1393     		str	r3, [sp, #76]
 165:Core/Src/main.c ****   RCC_OscInitStruct.PLL.PLLR = RCC_PLLR_DIV4;
 189              		.loc 1 165 3 is_stmt 1 view .LVU43
 165:Core/Src/main.c ****   RCC_OscInitStruct.PLL.PLLR = RCC_PLLR_DIV4;
 190              		.loc 1 165 30 is_stmt 0 view .LVU44
 191 0056 1492     		str	r2, [sp, #80]
 166:Core/Src/main.c ****   if (HAL_RCC_OscConfig(&RCC_OscInitStruct) != HAL_OK)
 192              		.loc 1 166 3 is_stmt 1 view .LVU45
 166:Core/Src/main.c ****   if (HAL_RCC_OscConfig(&RCC_OscInitStruct) != HAL_OK)
 193              		.loc 1 166 30 is_stmt 0 view .LVU46
 194 0058 0423     		movs	r3, #4
 195 005a 1593     		str	r3, [sp, #84]
 167:Core/Src/main.c ****   {
 196              		.loc 1 167 3 is_stmt 1 view .LVU47
 167:Core/Src/main.c ****   {
 197              		.loc 1 167 7 is_stmt 0 view .LVU48
 198 005c 05A8     		add	r0, sp, #20
 199 005e FFF7FEFF 		bl	HAL_RCC_OscConfig
 200              	.LVL7:
 167:Core/Src/main.c ****   {
 201              		.loc 1 167 6 view .LVU49
 202 0062 98B9     		cbnz	r0, .L15
 174:Core/Src/main.c ****                               |RCC_CLOCKTYPE_PCLK1|RCC_CLOCKTYPE_PCLK2;
 203              		.loc 1 174 3 is_stmt 1 view .LVU50
 174:Core/Src/main.c ****                               |RCC_CLOCKTYPE_PCLK1|RCC_CLOCKTYPE_PCLK2;
 204              		.loc 1 174 31 is_stmt 0 view .LVU51
 205 0064 0F23     		movs	r3, #15
 206 0066 0093     		str	r3, [sp]
 176:Core/Src/main.c ****   RCC_ClkInitStruct.AHBCLKDivider = RCC_SYSCLK_DIV1;
 207              		.loc 1 176 3 is_stmt 1 view .LVU52
 176:Core/Src/main.c ****   RCC_ClkInitStruct.AHBCLKDivider = RCC_SYSCLK_DIV1;
 208              		.loc 1 176 34 is_stmt 0 view .LVU53
 209 0068 0323     		movs	r3, #3
 210 006a 0193     		str	r3, [sp, #4]
 177:Core/Src/main.c ****   RCC_ClkInitStruct.APB1CLKDivider = RCC_HCLK_DIV1;
 211              		.loc 1 177 3 is_stmt 1 view .LVU54
ARM GAS  /tmp/ccvlPyvd.s 			page 13


 177:Core/Src/main.c ****   RCC_ClkInitStruct.APB1CLKDivider = RCC_HCLK_DIV1;
 212              		.loc 1 177 35 is_stmt 0 view .LVU55
 213 006c 0023     		movs	r3, #0
 214 006e 0293     		str	r3, [sp, #8]
 178:Core/Src/main.c ****   RCC_ClkInitStruct.APB2CLKDivider = RCC_HCLK_DIV1;
 215              		.loc 1 178 3 is_stmt 1 view .LVU56
 178:Core/Src/main.c ****   RCC_ClkInitStruct.APB2CLKDivider = RCC_HCLK_DIV1;
 216              		.loc 1 178 36 is_stmt 0 view .LVU57
 217 0070 0393     		str	r3, [sp, #12]
 179:Core/Src/main.c **** 
 218              		.loc 1 179 3 is_stmt 1 view .LVU58
 179:Core/Src/main.c **** 
 219              		.loc 1 179 36 is_stmt 0 view .LVU59
 220 0072 0493     		str	r3, [sp, #16]
 181:Core/Src/main.c ****   {
 221              		.loc 1 181 3 is_stmt 1 view .LVU60
 181:Core/Src/main.c ****   {
 222              		.loc 1 181 7 is_stmt 0 view .LVU61
 223 0074 0121     		movs	r1, #1
 224 0076 6846     		mov	r0, sp
 225 0078 FFF7FEFF 		bl	HAL_RCC_ClockConfig
 226              	.LVL8:
 181:Core/Src/main.c ****   {
 227              		.loc 1 181 6 view .LVU62
 228 007c 40B9     		cbnz	r0, .L16
 188:Core/Src/main.c **** }
 229              		.loc 1 188 3 is_stmt 1 view .LVU63
 230 007e FFF7FEFF 		bl	HAL_RCCEx_EnableMSIPLLMode
 231              	.LVL9:
 189:Core/Src/main.c **** 
 232              		.loc 1 189 1 is_stmt 0 view .LVU64
 233 0082 17B0     		add	sp, sp, #92
 234              	.LCFI3:
 235              		.cfi_remember_state
 236              		.cfi_def_cfa_offset 4
 237              		@ sp needed
 238 0084 5DF804FB 		ldr	pc, [sp], #4
 239              	.L14:
 240              	.LCFI4:
 241              		.cfi_restore_state
 145:Core/Src/main.c ****   }
 242              		.loc 1 145 5 is_stmt 1 view .LVU65
 243 0088 FFF7FEFF 		bl	Error_Handler
 244              	.LVL10:
 245              	.L15:
 169:Core/Src/main.c ****   }
 246              		.loc 1 169 5 view .LVU66
 247 008c FFF7FEFF 		bl	Error_Handler
 248              	.LVL11:
 249              	.L16:
 183:Core/Src/main.c ****   }
 250              		.loc 1 183 5 view .LVU67
 251 0090 FFF7FEFF 		bl	Error_Handler
 252              	.LVL12:
 253              	.L18:
 254              		.align	2
 255              	.L17:
ARM GAS  /tmp/ccvlPyvd.s 			page 14


 256 0094 00100240 		.word	1073876992
 257              		.cfi_endproc
 258              	.LFE141:
 260              		.section	.text.main,"ax",%progbits
 261              		.align	1
 262              		.global	main
 263              		.syntax unified
 264              		.thumb
 265              		.thumb_func
 266              		.fpu fpv4-sp-d16
 268              	main:
 269              	.LFB140:
  72:Core/Src/main.c **** 
 270              		.loc 1 72 1 view -0
 271              		.cfi_startproc
 272              		@ Volatile: function does not return.
 273              		@ args = 0, pretend = 0, frame = 0
 274              		@ frame_needed = 0, uses_anonymous_args = 0
 275 0000 08B5     		push	{r3, lr}
 276              	.LCFI5:
 277              		.cfi_def_cfa_offset 8
 278              		.cfi_offset 3, -8
 279              		.cfi_offset 14, -4
  81:Core/Src/main.c **** 
 280              		.loc 1 81 3 view .LVU69
 281 0002 FFF7FEFF 		bl	HAL_Init
 282              	.LVL13:
  88:Core/Src/main.c **** 
 283              		.loc 1 88 3 view .LVU70
 284 0006 FFF7FEFF 		bl	SystemClock_Config
 285              	.LVL14:
  95:Core/Src/main.c ****   MX_RTC_Init();
 286              		.loc 1 95 3 view .LVU71
 287 000a FFF7FEFF 		bl	MX_GPIO_Init
 288              	.LVL15:
  96:Core/Src/main.c ****   MX_LPTIM1_Init();
 289              		.loc 1 96 3 view .LVU72
 290 000e FFF7FEFF 		bl	MX_RTC_Init
 291              	.LVL16:
  97:Core/Src/main.c ****   MX_QUADSPI_Init();
 292              		.loc 1 97 3 view .LVU73
 293 0012 FFF7FEFF 		bl	MX_LPTIM1_Init
 294              	.LVL17:
  98:Core/Src/main.c ****   MX_CRC_Init();
 295              		.loc 1 98 3 view .LVU74
 296 0016 FFF7FEFF 		bl	MX_QUADSPI_Init
 297              	.LVL18:
  99:Core/Src/main.c ****   MX_RNG_Init();
 298              		.loc 1 99 3 view .LVU75
 299 001a FFF7FEFF 		bl	MX_CRC_Init
 300              	.LVL19:
 100:Core/Src/main.c ****   /* USER CODE BEGIN 2 */
 301              		.loc 1 100 3 view .LVU76
 302 001e FFF7FEFF 		bl	MX_RNG_Init
 303              	.LVL20:
 102:Core/Src/main.c ****   INFO_LED_Init();
 304              		.loc 1 102 3 view .LVU77
ARM GAS  /tmp/ccvlPyvd.s 			page 15


 305 0022 FFF7FEFF 		bl	RETARGET_Init
 306              	.LVL21:
 103:Core/Src/main.c **** 
 307              		.loc 1 103 3 view .LVU78
 308 0026 FFF7FEFF 		bl	INFO_LED_Init
 309              	.LVL22:
 108:Core/Src/main.c **** 
 310              		.loc 1 108 3 view .LVU79
 311 002a FFF7FEFF 		bl	osKernelInitialize
 312              	.LVL23:
 111:Core/Src/main.c **** 
 313              		.loc 1 111 3 view .LVU80
 314 002e FFF7FEFF 		bl	MX_FREERTOS_Init
 315              	.LVL24:
 114:Core/Src/main.c **** 
 316              		.loc 1 114 3 view .LVU81
 317 0032 FFF7FEFF 		bl	SEGGER_SYSVIEW_Conf
 318              	.LVL25:
 117:Core/Src/main.c **** 
 319              		.loc 1 117 3 view .LVU82
 320 0036 FFF7FEFF 		bl	osKernelStart
 321              	.LVL26:
 322              	.L20:
 123:Core/Src/main.c ****   {
 323              		.loc 1 123 3 discriminator 1 view .LVU83
 128:Core/Src/main.c ****   /* USER CODE END 3 */
 324              		.loc 1 128 3 discriminator 1 view .LVU84
 123:Core/Src/main.c ****   {
 325              		.loc 1 123 9 discriminator 1 view .LVU85
 326 003a FEE7     		b	.L20
 327              		.cfi_endproc
 328              	.LFE140:
 330              		.text
 331              	.Letext0:
 332              		.file 3 "Drivers/CMSIS/Device/ST/STM32L4xx/Include/stm32l412xx.h"
 333              		.file 4 "/usr/lib/gcc/arm-none-eabi/10.3.1/include/stdint.h"
 334              		.file 5 "Drivers/STM32L4xx_HAL_Driver/Inc/stm32l4xx_hal_def.h"
 335              		.file 6 "Drivers/STM32L4xx_HAL_Driver/Inc/stm32l4xx_hal_rcc.h"
 336              		.file 7 "Drivers/STM32L4xx_HAL_Driver/Inc/stm32l4xx_hal_dma.h"
 337              		.file 8 "Drivers/STM32L4xx_HAL_Driver/Inc/stm32l4xx_hal_tim.h"
 338              		.file 9 "Drivers/STM32L4xx_HAL_Driver/Inc/stm32l4xx_hal.h"
 339              		.file 10 "Drivers/STM32L4xx_HAL_Driver/Inc/stm32l4xx_hal_pwr_ex.h"
 340              		.file 11 "Drivers/STM32L4xx_HAL_Driver/Inc/stm32l4xx_hal_pwr.h"
 341              		.file 12 "Drivers/STM32L4xx_HAL_Driver/Inc/stm32l4xx_hal_rcc_ex.h"
 342              		.file 13 "Core/Inc/gpio.h"
 343              		.file 14 "Core/Inc/rtc.h"
 344              		.file 15 "Core/Inc/lptim.h"
 345              		.file 16 "Core/Inc/quadspi.h"
 346              		.file 17 "Core/Inc/crc.h"
 347              		.file 18 "Core/Inc/rng.h"
 348              		.file 19 "app/core/retarget/retarget.h"
 349              		.file 20 "app/core/info_led/info_led.h"
 350              		.file 21 "Middlewares/Third_Party/FreeRTOS/Source/CMSIS_RTOS_V2/cmsis_os2.h"
 351              		.file 22 "libraries/SystemView/SYSVIEW/SEGGER_SYSVIEW.h"
 352              		.file 23 "<built-in>"
ARM GAS  /tmp/ccvlPyvd.s 			page 16


DEFINED SYMBOLS
                            *ABS*:0000000000000000 main.c
     /tmp/ccvlPyvd.s:18     .text.HAL_TIM_PeriodElapsedCallback:0000000000000000 $t
     /tmp/ccvlPyvd.s:26     .text.HAL_TIM_PeriodElapsedCallback:0000000000000000 HAL_TIM_PeriodElapsedCallback
     /tmp/ccvlPyvd.s:61     .text.HAL_TIM_PeriodElapsedCallback:0000000000000014 $d
     /tmp/ccvlPyvd.s:66     .text.Error_Handler:0000000000000000 $t
     /tmp/ccvlPyvd.s:73     .text.Error_Handler:0000000000000000 Error_Handler
     /tmp/ccvlPyvd.s:105    .text.SystemClock_Config:0000000000000000 $t
     /tmp/ccvlPyvd.s:112    .text.SystemClock_Config:0000000000000000 SystemClock_Config
     /tmp/ccvlPyvd.s:256    .text.SystemClock_Config:0000000000000094 $d
     /tmp/ccvlPyvd.s:261    .text.main:0000000000000000 $t
     /tmp/ccvlPyvd.s:268    .text.main:0000000000000000 main

UNDEFINED SYMBOLS
HAL_IncTick
memset
HAL_PWREx_ControlVoltageScaling
HAL_PWR_EnableBkUpAccess
HAL_RCC_OscConfig
HAL_RCC_ClockConfig
HAL_RCCEx_EnableMSIPLLMode
HAL_Init
MX_GPIO_Init
MX_RTC_Init
MX_LPTIM1_Init
MX_QUADSPI_Init
MX_CRC_Init
MX_RNG_Init
RETARGET_Init
INFO_LED_Init
osKernelInitialize
MX_FREERTOS_Init
SEGGER_SYSVIEW_Conf
osKernelStart
