ARM GAS  /tmp/ccSl9oii.s 			page 1


   1              		.cpu cortex-m4
   2              		.eabi_attribute 27, 1
   3              		.eabi_attribute 28, 1
   4              		.eabi_attribute 20, 1
   5              		.eabi_attribute 21, 1
   6              		.eabi_attribute 23, 3
   7              		.eabi_attribute 24, 1
   8              		.eabi_attribute 25, 1
   9              		.eabi_attribute 26, 1
  10              		.eabi_attribute 30, 1
  11              		.eabi_attribute 34, 1
  12              		.eabi_attribute 18, 4
  13              		.file	"sht3x.c"
  14              		.text
  15              	.Ltext0:
  16              		.cfi_sections	.debug_frame
  17              		.section	.text.SHT3x_CRC8,"ax",%progbits
  18              		.align	1
  19              		.global	SHT3x_CRC8
  20              		.arch armv7e-m
  21              		.syntax unified
  22              		.thumb
  23              		.thumb_func
  24              		.fpu fpv4-sp-d16
  26              	SHT3x_CRC8:
  27              	.LVL0:
  28              	.LFB143:
  29              		.file 1 "app/drivers/sht3x/sht3x.c"
   1:app/drivers/sht3x/sht3x.c **** /*!
   2:app/drivers/sht3x/sht3x.c ****  * @file sht3x.c
   3:app/drivers/sht3x/sht3x.c ****  * @brief implementation of sht3x
   4:app/drivers/sht3x/sht3x.c ****  *
   5:app/drivers/sht3x/sht3x.c ****  * Detailed description of the implementation file.
   6:app/drivers/sht3x/sht3x.c ****  *
   7:app/drivers/sht3x/sht3x.c ****  * @date 04/08/2024
   8:app/drivers/sht3x/sht3x.c ****  * @author artempolisskyi
   9:app/drivers/sht3x/sht3x.c ****  */
  10:app/drivers/sht3x/sht3x.c **** 
  11:app/drivers/sht3x/sht3x.c **** #include "sht3x.h"
  12:app/drivers/sht3x/sht3x.c **** #include "main.h"
  13:app/drivers/sht3x/sht3x.c **** 
  14:app/drivers/sht3x/sht3x.c **** SHT3x_IO_t SHT3x_IO = {
  15:app/drivers/sht3x/sht3x.c ****         .i2cAddress = 0x00,
  16:app/drivers/sht3x/sht3x.c ****         .write = NULL,
  17:app/drivers/sht3x/sht3x.c ****         .read = NULL,
  18:app/drivers/sht3x/sht3x.c ****         .delayMs = NULL,
  19:app/drivers/sht3x/sht3x.c ****         .crc8 = NULL
  20:app/drivers/sht3x/sht3x.c **** };
  21:app/drivers/sht3x/sht3x.c **** 
  22:app/drivers/sht3x/sht3x.c **** static const uint8_t crc8LookupTable[16 * 16] = {
  23:app/drivers/sht3x/sht3x.c ****         0x00, 0x31, 0x62, 0x53, 0xc4, 0xf5, 0xa6, 0x97,
  24:app/drivers/sht3x/sht3x.c ****         0xb9, 0x88, 0xdb, 0xea, 0x7d, 0x4c, 0x1f, 0x2e,
  25:app/drivers/sht3x/sht3x.c ****         0x43, 0x72, 0x21, 0x10, 0x87, 0xb6, 0xe5, 0xd4,
  26:app/drivers/sht3x/sht3x.c ****         0xfa, 0xcb, 0x98, 0xa9, 0x3e, 0x0f, 0x5c, 0x6d,
  27:app/drivers/sht3x/sht3x.c ****         0x86, 0xb7, 0xe4, 0xd5, 0x42, 0x73, 0x20, 0x11,
  28:app/drivers/sht3x/sht3x.c ****         0x3f, 0x0e, 0x5d, 0x6c, 0xfb, 0xca, 0x99, 0xa8,
  29:app/drivers/sht3x/sht3x.c ****         0xc5, 0xf4, 0xa7, 0x96, 0x01, 0x30, 0x63, 0x52,
ARM GAS  /tmp/ccSl9oii.s 			page 2


  30:app/drivers/sht3x/sht3x.c ****         0x7c, 0x4d, 0x1e, 0x2f, 0xb8, 0x89, 0xda, 0xeb,
  31:app/drivers/sht3x/sht3x.c ****         0x3d, 0x0c, 0x5f, 0x6e, 0xf9, 0xc8, 0x9b, 0xaa,
  32:app/drivers/sht3x/sht3x.c ****         0x84, 0xb5, 0xe6, 0xd7, 0x40, 0x71, 0x22, 0x13,
  33:app/drivers/sht3x/sht3x.c ****         0x7e, 0x4f, 0x1c, 0x2d, 0xba, 0x8b, 0xd8, 0xe9,
  34:app/drivers/sht3x/sht3x.c ****         0xc7, 0xf6, 0xa5, 0x94, 0x03, 0x32, 0x61, 0x50,
  35:app/drivers/sht3x/sht3x.c ****         0xbb, 0x8a, 0xd9, 0xe8, 0x7f, 0x4e, 0x1d, 0x2c,
  36:app/drivers/sht3x/sht3x.c ****         0x02, 0x33, 0x60, 0x51, 0xc6, 0xf7, 0xa4, 0x95,
  37:app/drivers/sht3x/sht3x.c ****         0xf8, 0xc9, 0x9a, 0xab, 0x3c, 0x0d, 0x5e, 0x6f,
  38:app/drivers/sht3x/sht3x.c ****         0x41, 0x70, 0x23, 0x12, 0x85, 0xb4, 0xe7, 0xd6,
  39:app/drivers/sht3x/sht3x.c ****         0x7a, 0x4b, 0x18, 0x29, 0xbe, 0x8f, 0xdc, 0xed,
  40:app/drivers/sht3x/sht3x.c ****         0xc3, 0xf2, 0xa1, 0x90, 0x07, 0x36, 0x65, 0x54,
  41:app/drivers/sht3x/sht3x.c ****         0x39, 0x08, 0x5b, 0x6a, 0xfd, 0xcc, 0x9f, 0xae,
  42:app/drivers/sht3x/sht3x.c ****         0x80, 0xb1, 0xe2, 0xd3, 0x44, 0x75, 0x26, 0x17,
  43:app/drivers/sht3x/sht3x.c ****         0xfc, 0xcd, 0x9e, 0xaf, 0x38, 0x09, 0x5a, 0x6b,
  44:app/drivers/sht3x/sht3x.c ****         0x45, 0x74, 0x27, 0x16, 0x81, 0xb0, 0xe3, 0xd2,
  45:app/drivers/sht3x/sht3x.c ****         0xbf, 0x8e, 0xdd, 0xec, 0x7b, 0x4a, 0x19, 0x28,
  46:app/drivers/sht3x/sht3x.c ****         0x06, 0x37, 0x64, 0x55, 0xc2, 0xf3, 0xa0, 0x91,
  47:app/drivers/sht3x/sht3x.c ****         0x47, 0x76, 0x25, 0x14, 0x83, 0xb2, 0xe1, 0xd0,
  48:app/drivers/sht3x/sht3x.c ****         0xfe, 0xcf, 0x9c, 0xad, 0x3a, 0x0b, 0x58, 0x69,
  49:app/drivers/sht3x/sht3x.c ****         0x04, 0x35, 0x66, 0x57, 0xc0, 0xf1, 0xa2, 0x93,
  50:app/drivers/sht3x/sht3x.c ****         0xbd, 0x8c, 0xdf, 0xee, 0x79, 0x48, 0x1b, 0x2a,
  51:app/drivers/sht3x/sht3x.c ****         0xc1, 0xf0, 0xa3, 0x92, 0x05, 0x34, 0x67, 0x56,
  52:app/drivers/sht3x/sht3x.c ****         0x78, 0x49, 0x1a, 0x2b, 0xbc, 0x8d, 0xde, 0xef,
  53:app/drivers/sht3x/sht3x.c ****         0x82, 0xb3, 0xe0, 0xd1, 0x46, 0x77, 0x24, 0x15,
  54:app/drivers/sht3x/sht3x.c ****         0x3b, 0x0a, 0x59, 0x68, 0xff, 0xce, 0x9d, 0xac
  55:app/drivers/sht3x/sht3x.c **** };
  56:app/drivers/sht3x/sht3x.c **** 
  57:app/drivers/sht3x/sht3x.c **** SHT3x_RESULT SHT3x_InitIO(uint8_t i2cAddress, SHT3x_Write_Func write, SHT3x_Read_Func read, SHT3x_D
  58:app/drivers/sht3x/sht3x.c ****   SHT3x_IO.i2cAddress = i2cAddress;
  59:app/drivers/sht3x/sht3x.c ****   SHT3x_IO.write = write;
  60:app/drivers/sht3x/sht3x.c ****   SHT3x_IO.read = read;
  61:app/drivers/sht3x/sht3x.c ****   SHT3x_IO.delayMs = delayMs;
  62:app/drivers/sht3x/sht3x.c ****   SHT3x_IO.crc8 = (crc8 == NULL)
  63:app/drivers/sht3x/sht3x.c ****     ? SHT3x_CRC8
  64:app/drivers/sht3x/sht3x.c ****     : crc8;
  65:app/drivers/sht3x/sht3x.c **** 
  66:app/drivers/sht3x/sht3x.c ****   return SHT3x_OK;
  67:app/drivers/sht3x/sht3x.c **** }
  68:app/drivers/sht3x/sht3x.c **** 
  69:app/drivers/sht3x/sht3x.c **** /**
  70:app/drivers/sht3x/sht3x.c ****  * @brief Read the serial number of the SHT3x sensor.
  71:app/drivers/sht3x/sht3x.c ****  *
  72:app/drivers/sht3x/sht3x.c ****  * Serial number structure:
  73:app/drivers/sht3x/sht3x.c ****  * - 2 bytes: Serial number word 1
  74:app/drivers/sht3x/sht3x.c ****  * - 1 byte: CRC for serial number word 1
  75:app/drivers/sht3x/sht3x.c ****  * - 2 bytes: Serial number word 2
  76:app/drivers/sht3x/sht3x.c ****  * - 1 byte: CRC for serial number word 2
  77:app/drivers/sht3x/sht3x.c ****  *
  78:app/drivers/sht3x/sht3x.c ****  * @note the sensor needs the time tIDLE = 1ms to respond to the I2C read header with an ACK Bit
  79:app/drivers/sht3x/sht3x.c ****  *
  80:app/drivers/sht3x/sht3x.c ****  * @see https://sensirion.com/media/documents/E5762713/63D103C2/Sensirion_electronic_identification
  81:app/drivers/sht3x/sht3x.c ****  * @param id
  82:app/drivers/sht3x/sht3x.c ****  * @return
  83:app/drivers/sht3x/sht3x.c ****  */
  84:app/drivers/sht3x/sht3x.c **** SHT3x_RESULT SHT3x_ReadDeviceID(uint32_t *id) {
  85:app/drivers/sht3x/sht3x.c ****     uint8_t serialNumberData[SHT3x_SERIAL_NUMBER_SIZE] = {0x00, 0x00, 0x00, 0x00, 0x00, 0x00};
  86:app/drivers/sht3x/sht3x.c ****     uint8_t serialNumberCMD[] = {SHT3x_SERIAL_NUMBER_CMD_ID >> 8, SHT3x_SERIAL_NUMBER_CMD_ID & 0xFF
ARM GAS  /tmp/ccSl9oii.s 			page 3


  87:app/drivers/sht3x/sht3x.c **** 
  88:app/drivers/sht3x/sht3x.c ****     SHT3x_RESULT result = SHT3x_IO.write(SHT3x_IO.i2cAddress, serialNumberCMD, SHT3x_CMD_SIZE);
  89:app/drivers/sht3x/sht3x.c **** 
  90:app/drivers/sht3x/sht3x.c ****     if (result != SHT3x_OK)
  91:app/drivers/sht3x/sht3x.c ****       return result;
  92:app/drivers/sht3x/sht3x.c **** 
  93:app/drivers/sht3x/sht3x.c ****     SHT3x_IO.delayMs(1);
  94:app/drivers/sht3x/sht3x.c **** 
  95:app/drivers/sht3x/sht3x.c ****     result = SHT3x_IO.read(SHT3x_IO.i2cAddress, serialNumberData, SHT3x_SERIAL_NUMBER_SIZE);
  96:app/drivers/sht3x/sht3x.c **** 
  97:app/drivers/sht3x/sht3x.c ****     if (result != SHT3x_OK)
  98:app/drivers/sht3x/sht3x.c ****       return result;
  99:app/drivers/sht3x/sht3x.c **** 
 100:app/drivers/sht3x/sht3x.c ****     // Check CRC
 101:app/drivers/sht3x/sht3x.c ****     uint8_t word1ReceivedCRC = serialNumberData[2];
 102:app/drivers/sht3x/sht3x.c ****     uint8_t word2ReceivedCRC = serialNumberData[5];
 103:app/drivers/sht3x/sht3x.c ****     bool word1CRCValid = SHT3x_IO.crc8(serialNumberData, 2) == word1ReceivedCRC;
 104:app/drivers/sht3x/sht3x.c ****     bool word2CRCValid = SHT3x_IO.crc8(serialNumberData + 3, 2) == word2ReceivedCRC;
 105:app/drivers/sht3x/sht3x.c ****     if (word1CRCValid == false || word2CRCValid == false) {
 106:app/drivers/sht3x/sht3x.c ****       return SHT3x_CRC_ERROR;
 107:app/drivers/sht3x/sht3x.c ****     }
 108:app/drivers/sht3x/sht3x.c **** 
 109:app/drivers/sht3x/sht3x.c ****     *id = serialNumberData[0] << 24 | serialNumberData[1] << 16 | serialNumberData[3] << 8 | serial
 110:app/drivers/sht3x/sht3x.c **** 
 111:app/drivers/sht3x/sht3x.c ****     return SHT3x_OK;
 112:app/drivers/sht3x/sht3x.c **** }
 113:app/drivers/sht3x/sht3x.c **** 
 114:app/drivers/sht3x/sht3x.c **** float SHT3x_RawToTemperatureC(uint16_t rawTemperature) {
 115:app/drivers/sht3x/sht3x.c ****   return -45.0f + 175.0f * (rawTemperature / 65535.0f);
 116:app/drivers/sht3x/sht3x.c **** }
 117:app/drivers/sht3x/sht3x.c **** 
 118:app/drivers/sht3x/sht3x.c **** float SHT3x_RawToHumidityRH(uint16_t rawHumidity) {
 119:app/drivers/sht3x/sht3x.c ****   return 100.0f * (rawHumidity / 65535.0f);
 120:app/drivers/sht3x/sht3x.c **** }
 121:app/drivers/sht3x/sht3x.c **** 
 122:app/drivers/sht3x/sht3x.c **** uint8_t SHT3x_CRC8(uint8_t *data, uint8_t len) {
  30              		.loc 1 122 48 view -0
  31              		.cfi_startproc
  32              		@ args = 0, pretend = 0, frame = 0
  33              		@ frame_needed = 0, uses_anonymous_args = 0
  34              		@ link register save eliminated.
  35              		.loc 1 122 48 is_stmt 0 view .LVU1
  36 0000 8446     		mov	ip, r0
 123:app/drivers/sht3x/sht3x.c ****   uint8_t crc = 0xFF;  // Initial value
  37              		.loc 1 123 3 is_stmt 1 view .LVU2
  38              	.LVL1:
 124:app/drivers/sht3x/sht3x.c **** 
 125:app/drivers/sht3x/sht3x.c ****   for (uint8_t i = 0; i < len; i++) {
  39              		.loc 1 125 3 view .LVU3
  40              	.LBB2:
  41              		.loc 1 125 8 view .LVU4
  42              		.loc 1 125 16 is_stmt 0 view .LVU5
  43 0002 0023     		movs	r3, #0
  44              	.LBE2:
 123:app/drivers/sht3x/sht3x.c ****   uint8_t crc = 0xFF;  // Initial value
  45              		.loc 1 123 11 view .LVU6
  46 0004 FF20     		movs	r0, #255
ARM GAS  /tmp/ccSl9oii.s 			page 4


  47              	.LVL2:
  48              	.LBB3:
  49              		.loc 1 125 23 is_stmt 1 view .LVU7
  50              		.loc 1 125 3 is_stmt 0 view .LVU8
  51 0006 8B42     		cmp	r3, r1
  52 0008 0CD2     		bcs	.L8
  53              	.LBE3:
 122:app/drivers/sht3x/sht3x.c ****   uint8_t crc = 0xFF;  // Initial value
  54              		.loc 1 122 48 view .LVU9
  55 000a 10B4     		push	{r4}
  56              	.LCFI0:
  57              		.cfi_def_cfa_offset 4
  58              		.cfi_offset 4, -4
  59              	.L3:
  60              	.LBB4:
 126:app/drivers/sht3x/sht3x.c ****     crc = crc8LookupTable[crc ^ data[i]];
  61              		.loc 1 126 5 is_stmt 1 discriminator 3 view .LVU10
  62              		.loc 1 126 37 is_stmt 0 discriminator 3 view .LVU11
  63 000c 1CF80320 		ldrb	r2, [ip, r3]	@ zero_extendqisi2
  64              		.loc 1 126 31 discriminator 3 view .LVU12
  65 0010 4240     		eors	r2, r2, r0
  66              		.loc 1 126 9 discriminator 3 view .LVU13
  67 0012 054C     		ldr	r4, .L9
  68 0014 A05C     		ldrb	r0, [r4, r2]	@ zero_extendqisi2
  69              	.LVL3:
 125:app/drivers/sht3x/sht3x.c ****     crc = crc8LookupTable[crc ^ data[i]];
  70              		.loc 1 125 32 is_stmt 1 discriminator 3 view .LVU14
 125:app/drivers/sht3x/sht3x.c ****     crc = crc8LookupTable[crc ^ data[i]];
  71              		.loc 1 125 33 is_stmt 0 discriminator 3 view .LVU15
  72 0016 0133     		adds	r3, r3, #1
  73              	.LVL4:
 125:app/drivers/sht3x/sht3x.c ****     crc = crc8LookupTable[crc ^ data[i]];
  74              		.loc 1 125 33 discriminator 3 view .LVU16
  75 0018 DBB2     		uxtb	r3, r3
  76              	.LVL5:
 125:app/drivers/sht3x/sht3x.c ****     crc = crc8LookupTable[crc ^ data[i]];
  77              		.loc 1 125 23 is_stmt 1 discriminator 3 view .LVU17
 125:app/drivers/sht3x/sht3x.c ****     crc = crc8LookupTable[crc ^ data[i]];
  78              		.loc 1 125 3 is_stmt 0 discriminator 3 view .LVU18
  79 001a 8B42     		cmp	r3, r1
  80 001c F6D3     		bcc	.L3
  81              	.LBE4:
 127:app/drivers/sht3x/sht3x.c ****   }
 128:app/drivers/sht3x/sht3x.c **** 
 129:app/drivers/sht3x/sht3x.c ****   return crc;
  82              		.loc 1 129 3 is_stmt 1 view .LVU19
 130:app/drivers/sht3x/sht3x.c **** }...
  83              		.loc 1 130 1 is_stmt 0 view .LVU20
  84 001e 5DF8044B 		ldr	r4, [sp], #4
  85              	.LCFI1:
  86              		.cfi_restore 4
  87              		.cfi_def_cfa_offset 0
  88 0022 7047     		bx	lr
  89              	.L8:
  90              		.loc 1 130 1 view .LVU21
  91 0024 7047     		bx	lr
  92              	.L10:
ARM GAS  /tmp/ccSl9oii.s 			page 5


  93 0026 00BF     		.align	2
  94              	.L9:
  95 0028 00000000 		.word	.LANCHOR0
  96              		.cfi_endproc
  97              	.LFE143:
  99              		.section	.text.SHT3x_InitIO,"ax",%progbits
 100              		.align	1
 101              		.global	SHT3x_InitIO
 102              		.syntax unified
 103              		.thumb
 104              		.thumb_func
 105              		.fpu fpv4-sp-d16
 107              	SHT3x_InitIO:
 108              	.LVL6:
 109              	.LFB139:
  57:app/drivers/sht3x/sht3x.c **** SHT3x_RESULT SHT3x_InitIO(uint8_t i2cAddress, SHT3x_Write_Func write, SHT3x_Read_Func read, SHT3x_D
 110              		.loc 1 57 143 is_stmt 1 view -0
 111              		.cfi_startproc
 112              		@ args = 4, pretend = 0, frame = 0
 113              		@ frame_needed = 0, uses_anonymous_args = 0
 114              		@ link register save eliminated.
  57:app/drivers/sht3x/sht3x.c **** SHT3x_RESULT SHT3x_InitIO(uint8_t i2cAddress, SHT3x_Write_Func write, SHT3x_Read_Func read, SHT3x_D
 115              		.loc 1 57 143 is_stmt 0 view .LVU23
 116 0000 30B4     		push	{r4, r5}
 117              	.LCFI2:
 118              		.cfi_def_cfa_offset 8
 119              		.cfi_offset 4, -8
 120              		.cfi_offset 5, -4
 121 0002 029D     		ldr	r5, [sp, #8]
  58:app/drivers/sht3x/sht3x.c ****   SHT3x_IO.i2cAddress = i2cAddress;
 122              		.loc 1 58 3 is_stmt 1 view .LVU24
  58:app/drivers/sht3x/sht3x.c ****   SHT3x_IO.i2cAddress = i2cAddress;
 123              		.loc 1 58 23 is_stmt 0 view .LVU25
 124 0004 064C     		ldr	r4, .L16
 125 0006 2070     		strb	r0, [r4]
  59:app/drivers/sht3x/sht3x.c ****   SHT3x_IO.write = write;
 126              		.loc 1 59 3 is_stmt 1 view .LVU26
  59:app/drivers/sht3x/sht3x.c ****   SHT3x_IO.write = write;
 127              		.loc 1 59 18 is_stmt 0 view .LVU27
 128 0008 6160     		str	r1, [r4, #4]
  60:app/drivers/sht3x/sht3x.c ****   SHT3x_IO.read = read;
 129              		.loc 1 60 3 is_stmt 1 view .LVU28
  60:app/drivers/sht3x/sht3x.c ****   SHT3x_IO.read = read;
 130              		.loc 1 60 17 is_stmt 0 view .LVU29
 131 000a A260     		str	r2, [r4, #8]
  61:app/drivers/sht3x/sht3x.c ****   SHT3x_IO.delayMs = delayMs;
 132              		.loc 1 61 3 is_stmt 1 view .LVU30
  61:app/drivers/sht3x/sht3x.c ****   SHT3x_IO.delayMs = delayMs;
 133              		.loc 1 61 20 is_stmt 0 view .LVU31
 134 000c E360     		str	r3, [r4, #12]
  62:app/drivers/sht3x/sht3x.c ****   SHT3x_IO.crc8 = (crc8 == NULL)
 135              		.loc 1 62 3 is_stmt 1 view .LVU32
  64:app/drivers/sht3x/sht3x.c ****     : crc8;
 136              		.loc 1 64 5 is_stmt 0 view .LVU33
 137 000e 25B1     		cbz	r5, .L15
 138              	.L12:
  62:app/drivers/sht3x/sht3x.c ****   SHT3x_IO.crc8 = (crc8 == NULL)
ARM GAS  /tmp/ccSl9oii.s 			page 6


 139              		.loc 1 62 17 view .LVU34
 140 0010 034B     		ldr	r3, .L16
 141              	.LVL7:
  62:app/drivers/sht3x/sht3x.c ****   SHT3x_IO.crc8 = (crc8 == NULL)
 142              		.loc 1 62 17 view .LVU35
 143 0012 1D61     		str	r5, [r3, #16]
  66:app/drivers/sht3x/sht3x.c ****   return SHT3x_OK;
 144              		.loc 1 66 3 is_stmt 1 view .LVU36
  67:app/drivers/sht3x/sht3x.c **** }
 145              		.loc 1 67 1 is_stmt 0 view .LVU37
 146 0014 0020     		movs	r0, #0
 147              	.LVL8:
  67:app/drivers/sht3x/sht3x.c **** }
 148              		.loc 1 67 1 view .LVU38
 149 0016 30BC     		pop	{r4, r5}
 150              	.LCFI3:
 151              		.cfi_remember_state
 152              		.cfi_restore 5
 153              		.cfi_restore 4
 154              		.cfi_def_cfa_offset 0
 155              	.LVL9:
  67:app/drivers/sht3x/sht3x.c **** }
 156              		.loc 1 67 1 view .LVU39
 157 0018 7047     		bx	lr
 158              	.LVL10:
 159              	.L15:
 160              	.LCFI4:
 161              		.cfi_restore_state
  64:app/drivers/sht3x/sht3x.c ****     : crc8;
 162              		.loc 1 64 5 view .LVU40
 163 001a 024D     		ldr	r5, .L16+4
 164 001c F8E7     		b	.L12
 165              	.L17:
 166 001e 00BF     		.align	2
 167              	.L16:
 168 0020 00000000 		.word	.LANCHOR1
 169 0024 00000000 		.word	SHT3x_CRC8
 170              		.cfi_endproc
 171              	.LFE139:
 173              		.section	.text.SHT3x_ReadDeviceID,"ax",%progbits
 174              		.align	1
 175              		.global	SHT3x_ReadDeviceID
 176              		.syntax unified
 177              		.thumb
 178              		.thumb_func
 179              		.fpu fpv4-sp-d16
 181              	SHT3x_ReadDeviceID:
 182              	.LVL11:
 183              	.LFB140:
  84:app/drivers/sht3x/sht3x.c **** SHT3x_RESULT SHT3x_ReadDeviceID(uint32_t *id) {
 184              		.loc 1 84 47 is_stmt 1 view -0
 185              		.cfi_startproc
 186              		@ args = 0, pretend = 0, frame = 16
 187              		@ frame_needed = 0, uses_anonymous_args = 0
  84:app/drivers/sht3x/sht3x.c **** SHT3x_RESULT SHT3x_ReadDeviceID(uint32_t *id) {
 188              		.loc 1 84 47 is_stmt 0 view .LVU42
 189 0000 2DE9F043 		push	{r4, r5, r6, r7, r8, r9, lr}
ARM GAS  /tmp/ccSl9oii.s 			page 7


 190              	.LCFI5:
 191              		.cfi_def_cfa_offset 28
 192              		.cfi_offset 4, -28
 193              		.cfi_offset 5, -24
 194              		.cfi_offset 6, -20
 195              		.cfi_offset 7, -16
 196              		.cfi_offset 8, -12
 197              		.cfi_offset 9, -8
 198              		.cfi_offset 14, -4
 199 0004 85B0     		sub	sp, sp, #20
 200              	.LCFI6:
 201              		.cfi_def_cfa_offset 48
 202 0006 0446     		mov	r4, r0
  85:app/drivers/sht3x/sht3x.c ****     uint8_t serialNumberData[SHT3x_SERIAL_NUMBER_SIZE] = {0x00, 0x00, 0x00, 0x00, 0x00, 0x00};
 203              		.loc 1 85 5 is_stmt 1 view .LVU43
  85:app/drivers/sht3x/sht3x.c ****     uint8_t serialNumberData[SHT3x_SERIAL_NUMBER_SIZE] = {0x00, 0x00, 0x00, 0x00, 0x00, 0x00};
 204              		.loc 1 85 13 is_stmt 0 view .LVU44
 205 0008 244B     		ldr	r3, .L23
 206 000a 93E80300 		ldm	r3, {r0, r1}
 207              	.LVL12:
  85:app/drivers/sht3x/sht3x.c ****     uint8_t serialNumberData[SHT3x_SERIAL_NUMBER_SIZE] = {0x00, 0x00, 0x00, 0x00, 0x00, 0x00};
 208              		.loc 1 85 13 view .LVU45
 209 000e 0290     		str	r0, [sp, #8]
 210 0010 ADF80C10 		strh	r1, [sp, #12]	@ movhi
  86:app/drivers/sht3x/sht3x.c ****     uint8_t serialNumberCMD[] = {SHT3x_SERIAL_NUMBER_CMD_ID >> 8, SHT3x_SERIAL_NUMBER_CMD_ID & 0xFF
 211              		.loc 1 86 5 is_stmt 1 view .LVU46
  86:app/drivers/sht3x/sht3x.c ****     uint8_t serialNumberCMD[] = {SHT3x_SERIAL_NUMBER_CMD_ID >> 8, SHT3x_SERIAL_NUMBER_CMD_ID & 0xFF
 212              		.loc 1 86 13 is_stmt 0 view .LVU47
 213 0014 48F23623 		movw	r3, #33334
 214 0018 ADF80430 		strh	r3, [sp, #4]	@ movhi
  88:app/drivers/sht3x/sht3x.c ****     SHT3x_RESULT result = SHT3x_IO.write(SHT3x_IO.i2cAddress, serialNumberCMD, SHT3x_CMD_SIZE);
 215              		.loc 1 88 5 is_stmt 1 view .LVU48
  88:app/drivers/sht3x/sht3x.c ****     SHT3x_RESULT result = SHT3x_IO.write(SHT3x_IO.i2cAddress, serialNumberCMD, SHT3x_CMD_SIZE);
 216              		.loc 1 88 35 is_stmt 0 view .LVU49
 217 001c 204B     		ldr	r3, .L23+4
 218 001e 5D68     		ldr	r5, [r3, #4]
  88:app/drivers/sht3x/sht3x.c ****     SHT3x_RESULT result = SHT3x_IO.write(SHT3x_IO.i2cAddress, serialNumberCMD, SHT3x_CMD_SIZE);
 219              		.loc 1 88 27 view .LVU50
 220 0020 0222     		movs	r2, #2
 221 0022 01A9     		add	r1, sp, #4
 222 0024 1878     		ldrb	r0, [r3]	@ zero_extendqisi2
 223 0026 A847     		blx	r5
 224              	.LVL13:
  90:app/drivers/sht3x/sht3x.c ****     if (result != SHT3x_OK)
 225              		.loc 1 90 5 is_stmt 1 view .LVU51
  90:app/drivers/sht3x/sht3x.c ****     if (result != SHT3x_OK)
 226              		.loc 1 90 8 is_stmt 0 view .LVU52
 227 0028 0546     		mov	r5, r0
 228 002a 60BB     		cbnz	r0, .L18
  93:app/drivers/sht3x/sht3x.c ****     SHT3x_IO.delayMs(1);
 229              		.loc 1 93 5 is_stmt 1 view .LVU53
  93:app/drivers/sht3x/sht3x.c ****     SHT3x_IO.delayMs(1);
 230              		.loc 1 93 13 is_stmt 0 view .LVU54
 231 002c 1C4D     		ldr	r5, .L23+4
 232 002e EB68     		ldr	r3, [r5, #12]
  93:app/drivers/sht3x/sht3x.c ****     SHT3x_IO.delayMs(1);
 233              		.loc 1 93 5 view .LVU55
ARM GAS  /tmp/ccSl9oii.s 			page 8


 234 0030 0120     		movs	r0, #1
 235              	.LVL14:
  93:app/drivers/sht3x/sht3x.c ****     SHT3x_IO.delayMs(1);
 236              		.loc 1 93 5 view .LVU56
 237 0032 9847     		blx	r3
 238              	.LVL15:
  95:app/drivers/sht3x/sht3x.c ****     result = SHT3x_IO.read(SHT3x_IO.i2cAddress, serialNumberData, SHT3x_SERIAL_NUMBER_SIZE);
 239              		.loc 1 95 5 is_stmt 1 view .LVU57
  95:app/drivers/sht3x/sht3x.c ****     result = SHT3x_IO.read(SHT3x_IO.i2cAddress, serialNumberData, SHT3x_SERIAL_NUMBER_SIZE);
 240              		.loc 1 95 22 is_stmt 0 view .LVU58
 241 0034 AB68     		ldr	r3, [r5, #8]
  95:app/drivers/sht3x/sht3x.c ****     result = SHT3x_IO.read(SHT3x_IO.i2cAddress, serialNumberData, SHT3x_SERIAL_NUMBER_SIZE);
 242              		.loc 1 95 14 view .LVU59
 243 0036 0622     		movs	r2, #6
 244 0038 02A9     		add	r1, sp, #8
 245 003a 2878     		ldrb	r0, [r5]	@ zero_extendqisi2
 246 003c 9847     		blx	r3
 247              	.LVL16:
  97:app/drivers/sht3x/sht3x.c ****     if (result != SHT3x_OK)
 248              		.loc 1 97 5 is_stmt 1 view .LVU60
  97:app/drivers/sht3x/sht3x.c ****     if (result != SHT3x_OK)
 249              		.loc 1 97 8 is_stmt 0 view .LVU61
 250 003e 0546     		mov	r5, r0
 251 0040 08BB     		cbnz	r0, .L18
 101:app/drivers/sht3x/sht3x.c ****     uint8_t word1ReceivedCRC = serialNumberData[2];
 252              		.loc 1 101 5 is_stmt 1 view .LVU62
 101:app/drivers/sht3x/sht3x.c ****     uint8_t word1ReceivedCRC = serialNumberData[2];
 253              		.loc 1 101 13 is_stmt 0 view .LVU63
 254 0042 9DF80A80 		ldrb	r8, [sp, #10]	@ zero_extendqisi2
 255              	.LVL17:
 102:app/drivers/sht3x/sht3x.c ****     uint8_t word2ReceivedCRC = serialNumberData[5];
 256              		.loc 1 102 5 is_stmt 1 view .LVU64
 102:app/drivers/sht3x/sht3x.c ****     uint8_t word2ReceivedCRC = serialNumberData[5];
 257              		.loc 1 102 13 is_stmt 0 view .LVU65
 258 0046 9DF80D90 		ldrb	r9, [sp, #13]	@ zero_extendqisi2
 259              	.LVL18:
 103:app/drivers/sht3x/sht3x.c ****     bool word1CRCValid = SHT3x_IO.crc8(serialNumberData, 2) == word1ReceivedCRC;
 260              		.loc 1 103 5 is_stmt 1 view .LVU66
 103:app/drivers/sht3x/sht3x.c ****     bool word1CRCValid = SHT3x_IO.crc8(serialNumberData, 2) == word1ReceivedCRC;
 261              		.loc 1 103 34 is_stmt 0 view .LVU67
 262 004a 154F     		ldr	r7, .L23+4
 263 004c 3B69     		ldr	r3, [r7, #16]
 103:app/drivers/sht3x/sht3x.c ****     bool word1CRCValid = SHT3x_IO.crc8(serialNumberData, 2) == word1ReceivedCRC;
 264              		.loc 1 103 26 view .LVU68
 265 004e 0221     		movs	r1, #2
 266 0050 02A8     		add	r0, sp, #8
 267              	.LVL19:
 103:app/drivers/sht3x/sht3x.c ****     bool word1CRCValid = SHT3x_IO.crc8(serialNumberData, 2) == word1ReceivedCRC;
 268              		.loc 1 103 26 view .LVU69
 269 0052 9847     		blx	r3
 270              	.LVL20:
 271 0054 0646     		mov	r6, r0
 272              	.LVL21:
 104:app/drivers/sht3x/sht3x.c ****     bool word2CRCValid = SHT3x_IO.crc8(serialNumberData + 3, 2) == word2ReceivedCRC;
 273              		.loc 1 104 5 is_stmt 1 view .LVU70
 104:app/drivers/sht3x/sht3x.c ****     bool word2CRCValid = SHT3x_IO.crc8(serialNumberData + 3, 2) == word2ReceivedCRC;
 274              		.loc 1 104 34 is_stmt 0 view .LVU71
ARM GAS  /tmp/ccSl9oii.s 			page 9


 275 0056 3B69     		ldr	r3, [r7, #16]
 104:app/drivers/sht3x/sht3x.c ****     bool word2CRCValid = SHT3x_IO.crc8(serialNumberData + 3, 2) == word2ReceivedCRC;
 276              		.loc 1 104 26 view .LVU72
 277 0058 0221     		movs	r1, #2
 278 005a 0DF10B00 		add	r0, sp, #11
 279 005e 9847     		blx	r3
 280              	.LVL22:
 105:app/drivers/sht3x/sht3x.c ****     if (word1CRCValid == false || word2CRCValid == false) {
 281              		.loc 1 105 5 is_stmt 1 view .LVU73
 105:app/drivers/sht3x/sht3x.c ****     if (word1CRCValid == false || word2CRCValid == false) {
 282              		.loc 1 105 8 is_stmt 0 view .LVU74
 283 0060 4645     		cmp	r6, r8
 284 0062 14D1     		bne	.L20
 105:app/drivers/sht3x/sht3x.c ****     if (word1CRCValid == false || word2CRCValid == false) {
 285              		.loc 1 105 32 discriminator 1 view .LVU75
 286 0064 4845     		cmp	r0, r9
 287 0066 15D1     		bne	.L21
 109:app/drivers/sht3x/sht3x.c ****     *id = serialNumberData[0] << 24 | serialNumberData[1] << 16 | serialNumberData[3] << 8 | serial
 288              		.loc 1 109 5 is_stmt 1 view .LVU76
 109:app/drivers/sht3x/sht3x.c ****     *id = serialNumberData[0] << 24 | serialNumberData[1] << 16 | serialNumberData[3] << 8 | serial
 289              		.loc 1 109 27 is_stmt 0 view .LVU77
 290 0068 9DF80820 		ldrb	r2, [sp, #8]	@ zero_extendqisi2
 109:app/drivers/sht3x/sht3x.c ****     *id = serialNumberData[0] << 24 | serialNumberData[1] << 16 | serialNumberData[3] << 8 | serial
 291              		.loc 1 109 55 view .LVU78
 292 006c 9DF80930 		ldrb	r3, [sp, #9]	@ zero_extendqisi2
 109:app/drivers/sht3x/sht3x.c ****     *id = serialNumberData[0] << 24 | serialNumberData[1] << 16 | serialNumberData[3] << 8 | serial
 293              		.loc 1 109 59 view .LVU79
 294 0070 1B04     		lsls	r3, r3, #16
 109:app/drivers/sht3x/sht3x.c ****     *id = serialNumberData[0] << 24 | serialNumberData[1] << 16 | serialNumberData[3] << 8 | serial
 295              		.loc 1 109 37 view .LVU80
 296 0072 43EA0263 		orr	r3, r3, r2, lsl #24
 109:app/drivers/sht3x/sht3x.c ****     *id = serialNumberData[0] << 24 | serialNumberData[1] << 16 | serialNumberData[3] << 8 | serial
 297              		.loc 1 109 83 view .LVU81
 298 0076 9DF80B20 		ldrb	r2, [sp, #11]	@ zero_extendqisi2
 109:app/drivers/sht3x/sht3x.c ****     *id = serialNumberData[0] << 24 | serialNumberData[1] << 16 | serialNumberData[3] << 8 | serial
 299              		.loc 1 109 65 view .LVU82
 300 007a 43EA0223 		orr	r3, r3, r2, lsl #8
 109:app/drivers/sht3x/sht3x.c ****     *id = serialNumberData[0] << 24 | serialNumberData[1] << 16 | serialNumberData[3] << 8 | serial
 301              		.loc 1 109 110 view .LVU83
 302 007e 9DF80C20 		ldrb	r2, [sp, #12]	@ zero_extendqisi2
 109:app/drivers/sht3x/sht3x.c ****     *id = serialNumberData[0] << 24 | serialNumberData[1] << 16 | serialNumberData[3] << 8 | serial
 303              		.loc 1 109 92 view .LVU84
 304 0082 1343     		orrs	r3, r3, r2
 109:app/drivers/sht3x/sht3x.c ****     *id = serialNumberData[0] << 24 | serialNumberData[1] << 16 | serialNumberData[3] << 8 | serial
 305              		.loc 1 109 9 view .LVU85
 306 0084 2360     		str	r3, [r4]
 111:app/drivers/sht3x/sht3x.c ****     return SHT3x_OK;
 307              		.loc 1 111 5 is_stmt 1 view .LVU86
 308              	.LVL23:
 309              	.L18:
 112:app/drivers/sht3x/sht3x.c **** }
 310              		.loc 1 112 1 is_stmt 0 view .LVU87
 311 0086 2846     		mov	r0, r5
 312 0088 05B0     		add	sp, sp, #20
 313              	.LCFI7:
 314              		.cfi_remember_state
 315              		.cfi_def_cfa_offset 28
ARM GAS  /tmp/ccSl9oii.s 			page 10


 316              		@ sp needed
 317 008a BDE8F083 		pop	{r4, r5, r6, r7, r8, r9, pc}
 318              	.LVL24:
 319              	.L20:
 320              	.LCFI8:
 321              		.cfi_restore_state
 106:app/drivers/sht3x/sht3x.c ****       return SHT3x_CRC_ERROR;
 322              		.loc 1 106 14 view .LVU88
 323 008e 6FF00305 		mvn	r5, #3
 324              	.LVL25:
 106:app/drivers/sht3x/sht3x.c ****       return SHT3x_CRC_ERROR;
 325              		.loc 1 106 14 view .LVU89
 326 0092 F8E7     		b	.L18
 327              	.LVL26:
 328              	.L21:
 106:app/drivers/sht3x/sht3x.c ****       return SHT3x_CRC_ERROR;
 329              		.loc 1 106 14 view .LVU90
 330 0094 6FF00305 		mvn	r5, #3
 331              	.LVL27:
 106:app/drivers/sht3x/sht3x.c ****       return SHT3x_CRC_ERROR;
 332              		.loc 1 106 14 view .LVU91
 333 0098 F5E7     		b	.L18
 334              	.L24:
 335 009a 00BF     		.align	2
 336              	.L23:
 337 009c 00000000 		.word	.LANCHOR2
 338 00a0 00000000 		.word	.LANCHOR1
 339              		.cfi_endproc
 340              	.LFE140:
 342              		.section	.text.SHT3x_RawToTemperatureC,"ax",%progbits
 343              		.align	1
 344              		.global	SHT3x_RawToTemperatureC
 345              		.syntax unified
 346              		.thumb
 347              		.thumb_func
 348              		.fpu fpv4-sp-d16
 350              	SHT3x_RawToTemperatureC:
 351              	.LVL28:
 352              	.LFB141:
 114:app/drivers/sht3x/sht3x.c **** float SHT3x_RawToTemperatureC(uint16_t rawTemperature) {
 353              		.loc 1 114 56 is_stmt 1 view -0
 354              		.cfi_startproc
 355              		@ args = 0, pretend = 0, frame = 0
 356              		@ frame_needed = 0, uses_anonymous_args = 0
 357              		@ link register save eliminated.
 114:app/drivers/sht3x/sht3x.c **** float SHT3x_RawToTemperatureC(uint16_t rawTemperature) {
 358              		.loc 1 114 56 is_stmt 0 view .LVU93
 359 0000 07EE100A 		vmov	s14, r0	@ int
 115:app/drivers/sht3x/sht3x.c ****   return -45.0f + 175.0f * (rawTemperature / 65535.0f);
 360              		.loc 1 115 3 is_stmt 1 view .LVU94
 115:app/drivers/sht3x/sht3x.c ****   return -45.0f + 175.0f * (rawTemperature / 65535.0f);
 361              		.loc 1 115 44 is_stmt 0 view .LVU95
 362 0004 B8EEC77A 		vcvt.f32.s32	s14, s14
 363 0008 DFED066A 		vldr.32	s13, .L26
 364 000c C7EE267A 		vdiv.f32	s15, s14, s13
 115:app/drivers/sht3x/sht3x.c ****   return -45.0f + 175.0f * (rawTemperature / 65535.0f);
 365              		.loc 1 115 26 view .LVU96
ARM GAS  /tmp/ccSl9oii.s 			page 11


 366 0010 9FED050A 		vldr.32	s0, .L26+4
 367 0014 67EE807A 		vmul.f32	s15, s15, s0
 116:app/drivers/sht3x/sht3x.c **** }
 368              		.loc 1 116 1 view .LVU97
 369 0018 9FED040A 		vldr.32	s0, .L26+8
 370 001c 37EEC00A 		vsub.f32	s0, s15, s0
 371 0020 7047     		bx	lr
 372              	.L27:
 373 0022 00BF     		.align	2
 374              	.L26:
 375 0024 00FF7F47 		.word	1199570688
 376 0028 00002F43 		.word	1127153664
 377 002c 00003442 		.word	1110704128
 378              		.cfi_endproc
 379              	.LFE141:
 381              		.section	.text.SHT3x_RawToHumidityRH,"ax",%progbits
 382              		.align	1
 383              		.global	SHT3x_RawToHumidityRH
 384              		.syntax unified
 385              		.thumb
 386              		.thumb_func
 387              		.fpu fpv4-sp-d16
 389              	SHT3x_RawToHumidityRH:
 390              	.LVL29:
 391              	.LFB142:
 118:app/drivers/sht3x/sht3x.c **** float SHT3x_RawToHumidityRH(uint16_t rawHumidity) {
 392              		.loc 1 118 51 is_stmt 1 view -0
 393              		.cfi_startproc
 394              		@ args = 0, pretend = 0, frame = 0
 395              		@ frame_needed = 0, uses_anonymous_args = 0
 396              		@ link register save eliminated.
 118:app/drivers/sht3x/sht3x.c **** float SHT3x_RawToHumidityRH(uint16_t rawHumidity) {
 397              		.loc 1 118 51 is_stmt 0 view .LVU99
 398 0000 07EE900A 		vmov	s15, r0	@ int
 119:app/drivers/sht3x/sht3x.c ****   return 100.0f * (rawHumidity / 65535.0f);
 399              		.loc 1 119 3 is_stmt 1 view .LVU100
 119:app/drivers/sht3x/sht3x.c ****   return 100.0f * (rawHumidity / 65535.0f);
 400              		.loc 1 119 32 is_stmt 0 view .LVU101
 401 0004 F8EEE77A 		vcvt.f32.s32	s15, s15
 402 0008 9FED047A 		vldr.32	s14, .L29
 403 000c 87EE870A 		vdiv.f32	s0, s15, s14
 120:app/drivers/sht3x/sht3x.c **** }
 404              		.loc 1 120 1 view .LVU102
 405 0010 DFED037A 		vldr.32	s15, .L29+4
 406 0014 20EE270A 		vmul.f32	s0, s0, s15
 407 0018 7047     		bx	lr
 408              	.L30:
 409 001a 00BF     		.align	2
 410              	.L29:
 411 001c 00FF7F47 		.word	1199570688
 412 0020 0000C842 		.word	1120403456
 413              		.cfi_endproc
 414              	.LFE142:
 416              		.global	SHT3x_IO
 417              		.section	.rodata
 418              		.align	2
 419              		.set	.LANCHOR2,. + 0
ARM GAS  /tmp/ccSl9oii.s 			page 12


 420              	.LC0:
 421 0000 00000000 		.ascii	"\000\000\000\000\000\000"
 421      0000
 422              		.section	.bss.SHT3x_IO,"aw",%nobits
 423              		.align	2
 424              		.set	.LANCHOR1,. + 0
 427              	SHT3x_IO:
 428 0000 00000000 		.space	20
 428      00000000 
 428      00000000 
 428      00000000 
 428      00000000 
 429              		.section	.rodata.crc8LookupTable,"a"
 430              		.align	2
 431              		.set	.LANCHOR0,. + 0
 434              	crc8LookupTable:
 435 0000 00316253 		.ascii	"\0001bS\304\365\246\227\271\210\333\352}L\037.Cr!\020"
 435      C4F5A697 
 435      B988DBEA 
 435      7D4C1F2E 
 435      43722110 
 436 0014 87B6E5D4 		.ascii	"\207\266\345\324\372\313\230\251>\017\\m\206\267\344"
 436      FACB98A9 
 436      3E0F5C6D 
 436      86B7E4
 437 0023 D5427320 		.ascii	"\325Bs \021?\016]l\373\312\231\250\305\364\247\226\001"
 437      113F0E5D 
 437      6CFBCA99 
 437      A8C5F4A7 
 437      9601
 438 0035 3063527C 		.ascii	"0cR|M\036/\270\211\332\353=\014_n\371\310\233\252\204"
 438      4D1E2FB8 
 438      89DAEB3D 
 438      0C5F6EF9 
 438      C89BAA84 
 439 0049 B5E6D740 		.ascii	"\265\346\327@q\"\023~O\034-\272\213\330\351\307\366"
 439      7122137E 
 439      4F1C2DBA 
 439      8BD8E9C7 
 439      F6
 440 005a A5940332 		.ascii	"\245\224\0032aP\273\212\331\350\177N\035,\0023`Q\306"
 440      6150BB8A 
 440      D9E87F4E 
 440      1D2C0233 
 440      6051C6
 441 006d F7A495F8 		.ascii	"\367\244\225\370\311\232\253<\015^oAp#\022\205\264\347"
 441      C99AAB3C 
 441      0D5E6F41 
 441      70231285 
 441      B4E7
 442 007f D67A4B18 		.ascii	"\326zK\030)\276\217\334\355\303\362\241\220\0076eT9"
 442      29BE8FDC 
 442      EDC3F2A1 
 442      90073665 
 442      5439
 443 0091 085B6AFD 		.ascii	"\010[j\375\314\237\256\200\261\342\323Du&\027\374\315"
 443      CC9FAE80 
ARM GAS  /tmp/ccSl9oii.s 			page 13


 443      B1E2D344 
 443      752617FC 
 443      CD
 444 00a2 9EAF3809 		.ascii	"\236\2578\011ZkEt'\026\201\260\343\322\277\216\335\354"
 444      5A6B4574 
 444      271681B0 
 444      E3D2BF8E 
 444      DDEC
 445 00b4 7B4A1928 		.ascii	"{J\031(\0067dU\302\363\240\221Gv%\024\203\262\341\320"
 445      06376455 
 445      C2F3A091 
 445      47762514 
 445      83B2E1D0 
 446 00c8 FECF9CAD 		.ascii	"\376\317\234\255:\013Xi\0045fW\300\361\242\223\275\214"
 446      3A0B5869 
 446      04356657 
 446      C0F1A293 
 446      BD8C
 447 00da DFEE7948 		.ascii	"\337\356yH\033*\301\360\243\222\0054gVxI\032+\274\215"
 447      1B2AC1F0 
 447      A3920534 
 447      67567849 
 447      1A2BBC8D 
 448 00ee DEEF82B3 		.ascii	"\336\357\202\263\340\321Fw$\025;\012Yh\377\316\235\254"
 448      E0D14677 
 448      24153B0A 
 448      5968FFCE 
 448      9DAC
 449              		.text
 450              	.Letext0:
 451              		.file 2 "/usr/include/newlib/machine/_default_types.h"
 452              		.file 3 "/usr/include/newlib/sys/_stdint.h"
 453              		.file 4 "app/drivers/sht3x/sht3x.h"
ARM GAS  /tmp/ccSl9oii.s 			page 14


DEFINED SYMBOLS
                            *ABS*:0000000000000000 sht3x.c
     /tmp/ccSl9oii.s:18     .text.SHT3x_CRC8:0000000000000000 $t
     /tmp/ccSl9oii.s:26     .text.SHT3x_CRC8:0000000000000000 SHT3x_CRC8
     /tmp/ccSl9oii.s:95     .text.SHT3x_CRC8:0000000000000028 $d
     /tmp/ccSl9oii.s:100    .text.SHT3x_InitIO:0000000000000000 $t
     /tmp/ccSl9oii.s:107    .text.SHT3x_InitIO:0000000000000000 SHT3x_InitIO
     /tmp/ccSl9oii.s:168    .text.SHT3x_InitIO:0000000000000020 $d
     /tmp/ccSl9oii.s:174    .text.SHT3x_ReadDeviceID:0000000000000000 $t
     /tmp/ccSl9oii.s:181    .text.SHT3x_ReadDeviceID:0000000000000000 SHT3x_ReadDeviceID
     /tmp/ccSl9oii.s:337    .text.SHT3x_ReadDeviceID:000000000000009c $d
     /tmp/ccSl9oii.s:343    .text.SHT3x_RawToTemperatureC:0000000000000000 $t
     /tmp/ccSl9oii.s:350    .text.SHT3x_RawToTemperatureC:0000000000000000 SHT3x_RawToTemperatureC
     /tmp/ccSl9oii.s:375    .text.SHT3x_RawToTemperatureC:0000000000000024 $d
     /tmp/ccSl9oii.s:382    .text.SHT3x_RawToHumidityRH:0000000000000000 $t
     /tmp/ccSl9oii.s:389    .text.SHT3x_RawToHumidityRH:0000000000000000 SHT3x_RawToHumidityRH
     /tmp/ccSl9oii.s:411    .text.SHT3x_RawToHumidityRH:000000000000001c $d
     /tmp/ccSl9oii.s:427    .bss.SHT3x_IO:0000000000000000 SHT3x_IO
     /tmp/ccSl9oii.s:418    .rodata:0000000000000000 $d
     /tmp/ccSl9oii.s:423    .bss.SHT3x_IO:0000000000000000 $d
     /tmp/ccSl9oii.s:430    .rodata.crc8LookupTable:0000000000000000 $d
     /tmp/ccSl9oii.s:434    .rodata.crc8LookupTable:0000000000000000 crc8LookupTable

NO UNDEFINED SYMBOLS
