ARM GAS  /tmp/cc96l0Ts.s 			page 1


   1              		.cpu cortex-m4
   2              		.eabi_attribute 27, 1
   3              		.eabi_attribute 28, 1
   4              		.eabi_attribute 20, 1
   5              		.eabi_attribute 21, 1
   6              		.eabi_attribute 23, 3
   7              		.eabi_attribute 24, 1
   8              		.eabi_attribute 25, 1
   9              		.eabi_attribute 26, 1
  10              		.eabi_attribute 30, 1
  11              		.eabi_attribute 34, 1
  12              		.eabi_attribute 18, 4
  13              		.file	"stm32l4xx_hal_crc_ex.c"
  14              		.text
  15              	.Ltext0:
  16              		.cfi_sections	.debug_frame
  17              		.section	.text.HAL_CRCEx_Polynomial_Set,"ax",%progbits
  18              		.align	1
  19              		.global	HAL_CRCEx_Polynomial_Set
  20              		.arch armv7e-m
  21              		.syntax unified
  22              		.thumb
  23              		.thumb_func
  24              		.fpu fpv4-sp-d16
  26              	HAL_CRCEx_Polynomial_Set:
  27              	.LVL0:
  28              	.LFB132:
  29              		.file 1 "Drivers/STM32L4xx_HAL_Driver/Src/stm32l4xx_hal_crc_ex.c"
   1:Drivers/STM32L4xx_HAL_Driver/Src/stm32l4xx_hal_crc_ex.c **** /**
   2:Drivers/STM32L4xx_HAL_Driver/Src/stm32l4xx_hal_crc_ex.c ****   ******************************************************************************
   3:Drivers/STM32L4xx_HAL_Driver/Src/stm32l4xx_hal_crc_ex.c ****   * @file    stm32l4xx_hal_crc_ex.c
   4:Drivers/STM32L4xx_HAL_Driver/Src/stm32l4xx_hal_crc_ex.c ****   * @author  MCD Application Team
   5:Drivers/STM32L4xx_HAL_Driver/Src/stm32l4xx_hal_crc_ex.c ****   * @brief   Extended CRC HAL module driver.
   6:Drivers/STM32L4xx_HAL_Driver/Src/stm32l4xx_hal_crc_ex.c ****   *          This file provides firmware functions to manage the extended
   7:Drivers/STM32L4xx_HAL_Driver/Src/stm32l4xx_hal_crc_ex.c ****   *          functionalities of the CRC peripheral.
   8:Drivers/STM32L4xx_HAL_Driver/Src/stm32l4xx_hal_crc_ex.c ****   *
   9:Drivers/STM32L4xx_HAL_Driver/Src/stm32l4xx_hal_crc_ex.c ****   ******************************************************************************
  10:Drivers/STM32L4xx_HAL_Driver/Src/stm32l4xx_hal_crc_ex.c ****   * @attention
  11:Drivers/STM32L4xx_HAL_Driver/Src/stm32l4xx_hal_crc_ex.c ****   *
  12:Drivers/STM32L4xx_HAL_Driver/Src/stm32l4xx_hal_crc_ex.c ****   * Copyright (c) 2017 STMicroelectronics.
  13:Drivers/STM32L4xx_HAL_Driver/Src/stm32l4xx_hal_crc_ex.c ****   * All rights reserved.
  14:Drivers/STM32L4xx_HAL_Driver/Src/stm32l4xx_hal_crc_ex.c ****   *
  15:Drivers/STM32L4xx_HAL_Driver/Src/stm32l4xx_hal_crc_ex.c ****   * This software is licensed under terms that can be found in the LICENSE file
  16:Drivers/STM32L4xx_HAL_Driver/Src/stm32l4xx_hal_crc_ex.c ****   * in the root directory of this software component.
  17:Drivers/STM32L4xx_HAL_Driver/Src/stm32l4xx_hal_crc_ex.c ****   * If no LICENSE file comes with this software, it is provided AS-IS.
  18:Drivers/STM32L4xx_HAL_Driver/Src/stm32l4xx_hal_crc_ex.c ****   *
  19:Drivers/STM32L4xx_HAL_Driver/Src/stm32l4xx_hal_crc_ex.c ****   ******************************************************************************
  20:Drivers/STM32L4xx_HAL_Driver/Src/stm32l4xx_hal_crc_ex.c ****   @verbatim
  21:Drivers/STM32L4xx_HAL_Driver/Src/stm32l4xx_hal_crc_ex.c **** ================================================================================
  22:Drivers/STM32L4xx_HAL_Driver/Src/stm32l4xx_hal_crc_ex.c ****             ##### How to use this driver #####
  23:Drivers/STM32L4xx_HAL_Driver/Src/stm32l4xx_hal_crc_ex.c **** ================================================================================
  24:Drivers/STM32L4xx_HAL_Driver/Src/stm32l4xx_hal_crc_ex.c ****     [..]
  25:Drivers/STM32L4xx_HAL_Driver/Src/stm32l4xx_hal_crc_ex.c ****          (+) Set user-defined generating polynomial through HAL_CRCEx_Polynomial_Set()
  26:Drivers/STM32L4xx_HAL_Driver/Src/stm32l4xx_hal_crc_ex.c ****          (+) Configure Input or Output data inversion
  27:Drivers/STM32L4xx_HAL_Driver/Src/stm32l4xx_hal_crc_ex.c **** 
  28:Drivers/STM32L4xx_HAL_Driver/Src/stm32l4xx_hal_crc_ex.c ****   @endverbatim
  29:Drivers/STM32L4xx_HAL_Driver/Src/stm32l4xx_hal_crc_ex.c ****   ******************************************************************************
ARM GAS  /tmp/cc96l0Ts.s 			page 2


  30:Drivers/STM32L4xx_HAL_Driver/Src/stm32l4xx_hal_crc_ex.c ****   */
  31:Drivers/STM32L4xx_HAL_Driver/Src/stm32l4xx_hal_crc_ex.c **** 
  32:Drivers/STM32L4xx_HAL_Driver/Src/stm32l4xx_hal_crc_ex.c **** /* Includes ------------------------------------------------------------------*/
  33:Drivers/STM32L4xx_HAL_Driver/Src/stm32l4xx_hal_crc_ex.c **** #include "stm32l4xx_hal.h"
  34:Drivers/STM32L4xx_HAL_Driver/Src/stm32l4xx_hal_crc_ex.c **** 
  35:Drivers/STM32L4xx_HAL_Driver/Src/stm32l4xx_hal_crc_ex.c **** /** @addtogroup STM32L4xx_HAL_Driver
  36:Drivers/STM32L4xx_HAL_Driver/Src/stm32l4xx_hal_crc_ex.c ****   * @{
  37:Drivers/STM32L4xx_HAL_Driver/Src/stm32l4xx_hal_crc_ex.c ****   */
  38:Drivers/STM32L4xx_HAL_Driver/Src/stm32l4xx_hal_crc_ex.c **** 
  39:Drivers/STM32L4xx_HAL_Driver/Src/stm32l4xx_hal_crc_ex.c **** /** @defgroup CRCEx CRCEx
  40:Drivers/STM32L4xx_HAL_Driver/Src/stm32l4xx_hal_crc_ex.c ****   * @brief CRC Extended HAL module driver
  41:Drivers/STM32L4xx_HAL_Driver/Src/stm32l4xx_hal_crc_ex.c ****   * @{
  42:Drivers/STM32L4xx_HAL_Driver/Src/stm32l4xx_hal_crc_ex.c ****   */
  43:Drivers/STM32L4xx_HAL_Driver/Src/stm32l4xx_hal_crc_ex.c **** 
  44:Drivers/STM32L4xx_HAL_Driver/Src/stm32l4xx_hal_crc_ex.c **** #ifdef HAL_CRC_MODULE_ENABLED
  45:Drivers/STM32L4xx_HAL_Driver/Src/stm32l4xx_hal_crc_ex.c **** 
  46:Drivers/STM32L4xx_HAL_Driver/Src/stm32l4xx_hal_crc_ex.c **** /* Private typedef -----------------------------------------------------------*/
  47:Drivers/STM32L4xx_HAL_Driver/Src/stm32l4xx_hal_crc_ex.c **** /* Private define ------------------------------------------------------------*/
  48:Drivers/STM32L4xx_HAL_Driver/Src/stm32l4xx_hal_crc_ex.c **** /* Private macro -------------------------------------------------------------*/
  49:Drivers/STM32L4xx_HAL_Driver/Src/stm32l4xx_hal_crc_ex.c **** /* Private variables ---------------------------------------------------------*/
  50:Drivers/STM32L4xx_HAL_Driver/Src/stm32l4xx_hal_crc_ex.c **** /* Private function prototypes -----------------------------------------------*/
  51:Drivers/STM32L4xx_HAL_Driver/Src/stm32l4xx_hal_crc_ex.c **** /* Exported functions --------------------------------------------------------*/
  52:Drivers/STM32L4xx_HAL_Driver/Src/stm32l4xx_hal_crc_ex.c **** 
  53:Drivers/STM32L4xx_HAL_Driver/Src/stm32l4xx_hal_crc_ex.c **** /** @defgroup CRCEx_Exported_Functions CRC Extended Exported Functions
  54:Drivers/STM32L4xx_HAL_Driver/Src/stm32l4xx_hal_crc_ex.c ****   * @{
  55:Drivers/STM32L4xx_HAL_Driver/Src/stm32l4xx_hal_crc_ex.c ****   */
  56:Drivers/STM32L4xx_HAL_Driver/Src/stm32l4xx_hal_crc_ex.c **** 
  57:Drivers/STM32L4xx_HAL_Driver/Src/stm32l4xx_hal_crc_ex.c **** /** @defgroup CRCEx_Exported_Functions_Group1 Extended Initialization/de-initialization functions
  58:Drivers/STM32L4xx_HAL_Driver/Src/stm32l4xx_hal_crc_ex.c ****   * @brief    Extended Initialization and Configuration functions.
  59:Drivers/STM32L4xx_HAL_Driver/Src/stm32l4xx_hal_crc_ex.c ****   *
  60:Drivers/STM32L4xx_HAL_Driver/Src/stm32l4xx_hal_crc_ex.c **** @verbatim
  61:Drivers/STM32L4xx_HAL_Driver/Src/stm32l4xx_hal_crc_ex.c ****  ===============================================================================
  62:Drivers/STM32L4xx_HAL_Driver/Src/stm32l4xx_hal_crc_ex.c ****             ##### Extended configuration functions #####
  63:Drivers/STM32L4xx_HAL_Driver/Src/stm32l4xx_hal_crc_ex.c ****  ===============================================================================
  64:Drivers/STM32L4xx_HAL_Driver/Src/stm32l4xx_hal_crc_ex.c ****     [..]  This section provides functions allowing to:
  65:Drivers/STM32L4xx_HAL_Driver/Src/stm32l4xx_hal_crc_ex.c ****       (+) Configure the generating polynomial
  66:Drivers/STM32L4xx_HAL_Driver/Src/stm32l4xx_hal_crc_ex.c ****       (+) Configure the input data inversion
  67:Drivers/STM32L4xx_HAL_Driver/Src/stm32l4xx_hal_crc_ex.c ****       (+) Configure the output data inversion
  68:Drivers/STM32L4xx_HAL_Driver/Src/stm32l4xx_hal_crc_ex.c **** 
  69:Drivers/STM32L4xx_HAL_Driver/Src/stm32l4xx_hal_crc_ex.c **** @endverbatim
  70:Drivers/STM32L4xx_HAL_Driver/Src/stm32l4xx_hal_crc_ex.c ****   * @{
  71:Drivers/STM32L4xx_HAL_Driver/Src/stm32l4xx_hal_crc_ex.c ****   */
  72:Drivers/STM32L4xx_HAL_Driver/Src/stm32l4xx_hal_crc_ex.c **** 
  73:Drivers/STM32L4xx_HAL_Driver/Src/stm32l4xx_hal_crc_ex.c **** 
  74:Drivers/STM32L4xx_HAL_Driver/Src/stm32l4xx_hal_crc_ex.c **** /**
  75:Drivers/STM32L4xx_HAL_Driver/Src/stm32l4xx_hal_crc_ex.c ****   * @brief  Initialize the CRC polynomial if different from default one.
  76:Drivers/STM32L4xx_HAL_Driver/Src/stm32l4xx_hal_crc_ex.c ****   * @param  hcrc CRC handle
  77:Drivers/STM32L4xx_HAL_Driver/Src/stm32l4xx_hal_crc_ex.c ****   * @param  Pol CRC generating polynomial (7, 8, 16 or 32-bit long).
  78:Drivers/STM32L4xx_HAL_Driver/Src/stm32l4xx_hal_crc_ex.c ****   *         This parameter is written in normal representation, e.g.
  79:Drivers/STM32L4xx_HAL_Driver/Src/stm32l4xx_hal_crc_ex.c ****   *         @arg for a polynomial of degree 7, X^7 + X^6 + X^5 + X^2 + 1 is written 0x65
  80:Drivers/STM32L4xx_HAL_Driver/Src/stm32l4xx_hal_crc_ex.c ****   *         @arg for a polynomial of degree 16, X^16 + X^12 + X^5 + 1 is written 0x1021
  81:Drivers/STM32L4xx_HAL_Driver/Src/stm32l4xx_hal_crc_ex.c ****   * @param  PolyLength CRC polynomial length.
  82:Drivers/STM32L4xx_HAL_Driver/Src/stm32l4xx_hal_crc_ex.c ****   *         This parameter can be one of the following values:
  83:Drivers/STM32L4xx_HAL_Driver/Src/stm32l4xx_hal_crc_ex.c ****   *          @arg @ref CRC_POLYLENGTH_7B  7-bit long CRC (generating polynomial of degree 7)
  84:Drivers/STM32L4xx_HAL_Driver/Src/stm32l4xx_hal_crc_ex.c ****   *          @arg @ref CRC_POLYLENGTH_8B  8-bit long CRC (generating polynomial of degree 8)
  85:Drivers/STM32L4xx_HAL_Driver/Src/stm32l4xx_hal_crc_ex.c ****   *          @arg @ref CRC_POLYLENGTH_16B 16-bit long CRC (generating polynomial of degree 16)
  86:Drivers/STM32L4xx_HAL_Driver/Src/stm32l4xx_hal_crc_ex.c ****   *          @arg @ref CRC_POLYLENGTH_32B 32-bit long CRC (generating polynomial of degree 32)
ARM GAS  /tmp/cc96l0Ts.s 			page 3


  87:Drivers/STM32L4xx_HAL_Driver/Src/stm32l4xx_hal_crc_ex.c ****   * @retval HAL status
  88:Drivers/STM32L4xx_HAL_Driver/Src/stm32l4xx_hal_crc_ex.c ****   */
  89:Drivers/STM32L4xx_HAL_Driver/Src/stm32l4xx_hal_crc_ex.c **** HAL_StatusTypeDef HAL_CRCEx_Polynomial_Set(CRC_HandleTypeDef *hcrc, uint32_t Pol, uint32_t PolyLeng
  90:Drivers/STM32L4xx_HAL_Driver/Src/stm32l4xx_hal_crc_ex.c **** {
  30              		.loc 1 90 1 view -0
  31              		.cfi_startproc
  32              		@ args = 0, pretend = 0, frame = 0
  33              		@ frame_needed = 0, uses_anonymous_args = 0
  34              		@ link register save eliminated.
  91:Drivers/STM32L4xx_HAL_Driver/Src/stm32l4xx_hal_crc_ex.c ****   HAL_StatusTypeDef status = HAL_OK;
  35              		.loc 1 91 3 view .LVU1
  92:Drivers/STM32L4xx_HAL_Driver/Src/stm32l4xx_hal_crc_ex.c ****   uint32_t msb = 31U; /* polynomial degree is 32 at most, so msb is initialized to max value */
  36              		.loc 1 92 3 view .LVU2
  93:Drivers/STM32L4xx_HAL_Driver/Src/stm32l4xx_hal_crc_ex.c **** 
  94:Drivers/STM32L4xx_HAL_Driver/Src/stm32l4xx_hal_crc_ex.c ****   /* Check the parameters */
  95:Drivers/STM32L4xx_HAL_Driver/Src/stm32l4xx_hal_crc_ex.c ****   assert_param(IS_CRC_POL_LENGTH(PolyLength));
  37              		.loc 1 95 3 view .LVU3
  96:Drivers/STM32L4xx_HAL_Driver/Src/stm32l4xx_hal_crc_ex.c **** 
  97:Drivers/STM32L4xx_HAL_Driver/Src/stm32l4xx_hal_crc_ex.c ****   /* Ensure that the generating polynomial is odd */
  98:Drivers/STM32L4xx_HAL_Driver/Src/stm32l4xx_hal_crc_ex.c ****   if ((Pol & (uint32_t)(0x1U)) ==  0U)
  38              		.loc 1 98 3 view .LVU4
  39              		.loc 1 98 6 is_stmt 0 view .LVU5
  40 0000 11F0010F 		tst	r1, #1
  41 0004 30D0     		beq	.L10
  90:Drivers/STM32L4xx_HAL_Driver/Src/stm32l4xx_hal_crc_ex.c ****   HAL_StatusTypeDef status = HAL_OK;
  42              		.loc 1 90 1 view .LVU6
  43 0006 10B4     		push	{r4}
  44              	.LCFI0:
  45              		.cfi_def_cfa_offset 4
  46              		.cfi_offset 4, -4
  92:Drivers/STM32L4xx_HAL_Driver/Src/stm32l4xx_hal_crc_ex.c **** 
  47              		.loc 1 92 12 view .LVU7
  48 0008 1F23     		movs	r3, #31
  49              	.LVL1:
  50              	.L4:
  99:Drivers/STM32L4xx_HAL_Driver/Src/stm32l4xx_hal_crc_ex.c ****   {
 100:Drivers/STM32L4xx_HAL_Driver/Src/stm32l4xx_hal_crc_ex.c ****     status =  HAL_ERROR;
 101:Drivers/STM32L4xx_HAL_Driver/Src/stm32l4xx_hal_crc_ex.c ****   }
 102:Drivers/STM32L4xx_HAL_Driver/Src/stm32l4xx_hal_crc_ex.c ****   else
 103:Drivers/STM32L4xx_HAL_Driver/Src/stm32l4xx_hal_crc_ex.c ****   {
 104:Drivers/STM32L4xx_HAL_Driver/Src/stm32l4xx_hal_crc_ex.c ****     /* check polynomial definition vs polynomial size:
 105:Drivers/STM32L4xx_HAL_Driver/Src/stm32l4xx_hal_crc_ex.c ****      * polynomial length must be aligned with polynomial
 106:Drivers/STM32L4xx_HAL_Driver/Src/stm32l4xx_hal_crc_ex.c ****      * definition. HAL_ERROR is reported if Pol degree is
 107:Drivers/STM32L4xx_HAL_Driver/Src/stm32l4xx_hal_crc_ex.c ****      * larger than that indicated by PolyLength.
 108:Drivers/STM32L4xx_HAL_Driver/Src/stm32l4xx_hal_crc_ex.c ****      * Look for MSB position: msb will contain the degree of
 109:Drivers/STM32L4xx_HAL_Driver/Src/stm32l4xx_hal_crc_ex.c ****      *  the second to the largest polynomial member. E.g., for
 110:Drivers/STM32L4xx_HAL_Driver/Src/stm32l4xx_hal_crc_ex.c ****      *  X^7 + X^6 + X^5 + X^2 + 1, msb = 6. */
 111:Drivers/STM32L4xx_HAL_Driver/Src/stm32l4xx_hal_crc_ex.c ****     while ((msb-- > 0U) && ((Pol & ((uint32_t)(0x1U) << (msb & 0x1FU))) == 0U))
 112:Drivers/STM32L4xx_HAL_Driver/Src/stm32l4xx_hal_crc_ex.c ****     {
 113:Drivers/STM32L4xx_HAL_Driver/Src/stm32l4xx_hal_crc_ex.c ****     }
  51              		.loc 1 113 5 is_stmt 1 discriminator 2 view .LVU8
 111:Drivers/STM32L4xx_HAL_Driver/Src/stm32l4xx_hal_crc_ex.c ****     {
  52              		.loc 1 111 11 discriminator 2 view .LVU9
  53 000a 1C46     		mov	r4, r3
 111:Drivers/STM32L4xx_HAL_Driver/Src/stm32l4xx_hal_crc_ex.c ****     {
  54              		.loc 1 111 16 is_stmt 0 discriminator 2 view .LVU10
  55 000c 013B     		subs	r3, r3, #1
ARM GAS  /tmp/cc96l0Ts.s 			page 4


  56              	.LVL2:
 111:Drivers/STM32L4xx_HAL_Driver/Src/stm32l4xx_hal_crc_ex.c ****     {
  57              		.loc 1 111 11 discriminator 2 view .LVU11
  58 000e 34B1     		cbz	r4, .L3
 111:Drivers/STM32L4xx_HAL_Driver/Src/stm32l4xx_hal_crc_ex.c ****     {
  59              		.loc 1 111 62 discriminator 1 view .LVU12
  60 0010 03F01F0C 		and	ip, r3, #31
 111:Drivers/STM32L4xx_HAL_Driver/Src/stm32l4xx_hal_crc_ex.c ****     {
  61              		.loc 1 111 73 discriminator 1 view .LVU13
  62 0014 21FA0CFC 		lsr	ip, r1, ip
 111:Drivers/STM32L4xx_HAL_Driver/Src/stm32l4xx_hal_crc_ex.c ****     {
  63              		.loc 1 111 25 discriminator 1 view .LVU14
  64 0018 1CF0010F 		tst	ip, #1
  65 001c F5D0     		beq	.L4
  66              	.L3:
 114:Drivers/STM32L4xx_HAL_Driver/Src/stm32l4xx_hal_crc_ex.c **** 
 115:Drivers/STM32L4xx_HAL_Driver/Src/stm32l4xx_hal_crc_ex.c ****     switch (PolyLength)
  67              		.loc 1 115 5 is_stmt 1 view .LVU15
  68 001e 182A     		cmp	r2, #24
  69 0020 24D8     		bhi	.L11
  70 0022 DFE802F0 		tbb	[pc, r2]
  71              	.L6:
  72 0026 0F       		.byte	(.L9-.L6)/2
  73 0027 23       		.byte	(.L11-.L6)/2
  74 0028 23       		.byte	(.L11-.L6)/2
  75 0029 23       		.byte	(.L11-.L6)/2
  76 002a 23       		.byte	(.L11-.L6)/2
  77 002b 23       		.byte	(.L11-.L6)/2
  78 002c 23       		.byte	(.L11-.L6)/2
  79 002d 23       		.byte	(.L11-.L6)/2
  80 002e 1D       		.byte	(.L8-.L6)/2
  81 002f 23       		.byte	(.L11-.L6)/2
  82 0030 23       		.byte	(.L11-.L6)/2
  83 0031 23       		.byte	(.L11-.L6)/2
  84 0032 23       		.byte	(.L11-.L6)/2
  85 0033 23       		.byte	(.L11-.L6)/2
  86 0034 23       		.byte	(.L11-.L6)/2
  87 0035 23       		.byte	(.L11-.L6)/2
  88 0036 19       		.byte	(.L7-.L6)/2
  89 0037 23       		.byte	(.L11-.L6)/2
  90 0038 23       		.byte	(.L11-.L6)/2
  91 0039 23       		.byte	(.L11-.L6)/2
  92 003a 23       		.byte	(.L11-.L6)/2
  93 003b 23       		.byte	(.L11-.L6)/2
  94 003c 23       		.byte	(.L11-.L6)/2
  95 003d 23       		.byte	(.L11-.L6)/2
  96 003e 0D       		.byte	(.L5-.L6)/2
  97 003f 00       		.p2align 1
  98              	.L5:
 116:Drivers/STM32L4xx_HAL_Driver/Src/stm32l4xx_hal_crc_ex.c ****     {
 117:Drivers/STM32L4xx_HAL_Driver/Src/stm32l4xx_hal_crc_ex.c **** 
 118:Drivers/STM32L4xx_HAL_Driver/Src/stm32l4xx_hal_crc_ex.c ****       case CRC_POLYLENGTH_7B:
 119:Drivers/STM32L4xx_HAL_Driver/Src/stm32l4xx_hal_crc_ex.c ****         if (msb >= HAL_CRC_LENGTH_7B)
  99              		.loc 1 119 9 view .LVU16
 100              		.loc 1 119 12 is_stmt 0 view .LVU17
 101 0040 062B     		cmp	r3, #6
 102 0042 17D8     		bhi	.L12
ARM GAS  /tmp/cc96l0Ts.s 			page 5


 103              	.L9:
 104              	.LVL3:
 120:Drivers/STM32L4xx_HAL_Driver/Src/stm32l4xx_hal_crc_ex.c ****         {
 121:Drivers/STM32L4xx_HAL_Driver/Src/stm32l4xx_hal_crc_ex.c ****           status =   HAL_ERROR;
 122:Drivers/STM32L4xx_HAL_Driver/Src/stm32l4xx_hal_crc_ex.c ****         }
 123:Drivers/STM32L4xx_HAL_Driver/Src/stm32l4xx_hal_crc_ex.c ****         break;
 124:Drivers/STM32L4xx_HAL_Driver/Src/stm32l4xx_hal_crc_ex.c ****       case CRC_POLYLENGTH_8B:
 125:Drivers/STM32L4xx_HAL_Driver/Src/stm32l4xx_hal_crc_ex.c ****         if (msb >= HAL_CRC_LENGTH_8B)
 126:Drivers/STM32L4xx_HAL_Driver/Src/stm32l4xx_hal_crc_ex.c ****         {
 127:Drivers/STM32L4xx_HAL_Driver/Src/stm32l4xx_hal_crc_ex.c ****           status =   HAL_ERROR;
 128:Drivers/STM32L4xx_HAL_Driver/Src/stm32l4xx_hal_crc_ex.c ****         }
 129:Drivers/STM32L4xx_HAL_Driver/Src/stm32l4xx_hal_crc_ex.c ****         break;
 130:Drivers/STM32L4xx_HAL_Driver/Src/stm32l4xx_hal_crc_ex.c ****       case CRC_POLYLENGTH_16B:
 131:Drivers/STM32L4xx_HAL_Driver/Src/stm32l4xx_hal_crc_ex.c ****         if (msb >= HAL_CRC_LENGTH_16B)
 132:Drivers/STM32L4xx_HAL_Driver/Src/stm32l4xx_hal_crc_ex.c ****         {
 133:Drivers/STM32L4xx_HAL_Driver/Src/stm32l4xx_hal_crc_ex.c ****           status =   HAL_ERROR;
 134:Drivers/STM32L4xx_HAL_Driver/Src/stm32l4xx_hal_crc_ex.c ****         }
 135:Drivers/STM32L4xx_HAL_Driver/Src/stm32l4xx_hal_crc_ex.c ****         break;
 136:Drivers/STM32L4xx_HAL_Driver/Src/stm32l4xx_hal_crc_ex.c **** 
 137:Drivers/STM32L4xx_HAL_Driver/Src/stm32l4xx_hal_crc_ex.c ****       case CRC_POLYLENGTH_32B:
 138:Drivers/STM32L4xx_HAL_Driver/Src/stm32l4xx_hal_crc_ex.c ****         /* no polynomial definition vs. polynomial length issue possible */
 139:Drivers/STM32L4xx_HAL_Driver/Src/stm32l4xx_hal_crc_ex.c ****         break;
 140:Drivers/STM32L4xx_HAL_Driver/Src/stm32l4xx_hal_crc_ex.c ****       default:
 141:Drivers/STM32L4xx_HAL_Driver/Src/stm32l4xx_hal_crc_ex.c ****         status =  HAL_ERROR;
 142:Drivers/STM32L4xx_HAL_Driver/Src/stm32l4xx_hal_crc_ex.c ****         break;
 143:Drivers/STM32L4xx_HAL_Driver/Src/stm32l4xx_hal_crc_ex.c ****     }
 144:Drivers/STM32L4xx_HAL_Driver/Src/stm32l4xx_hal_crc_ex.c ****   }
 145:Drivers/STM32L4xx_HAL_Driver/Src/stm32l4xx_hal_crc_ex.c ****   if (status == HAL_OK)
 146:Drivers/STM32L4xx_HAL_Driver/Src/stm32l4xx_hal_crc_ex.c ****   {
 147:Drivers/STM32L4xx_HAL_Driver/Src/stm32l4xx_hal_crc_ex.c ****     /* set generating polynomial */
 148:Drivers/STM32L4xx_HAL_Driver/Src/stm32l4xx_hal_crc_ex.c ****     WRITE_REG(hcrc->Instance->POL, Pol);
 105              		.loc 1 148 5 is_stmt 1 view .LVU18
 106 0044 0368     		ldr	r3, [r0]
 107              	.LVL4:
 108              		.loc 1 148 5 is_stmt 0 view .LVU19
 109 0046 5961     		str	r1, [r3, #20]
 149:Drivers/STM32L4xx_HAL_Driver/Src/stm32l4xx_hal_crc_ex.c **** 
 150:Drivers/STM32L4xx_HAL_Driver/Src/stm32l4xx_hal_crc_ex.c ****     /* set generating polynomial size */
 151:Drivers/STM32L4xx_HAL_Driver/Src/stm32l4xx_hal_crc_ex.c ****     MODIFY_REG(hcrc->Instance->CR, CRC_CR_POLYSIZE, PolyLength);
 110              		.loc 1 151 5 is_stmt 1 view .LVU20
 111 0048 0168     		ldr	r1, [r0]
 112              	.LVL5:
 113              		.loc 1 151 5 is_stmt 0 view .LVU21
 114 004a 8B68     		ldr	r3, [r1, #8]
 115              	.LVL6:
 116              		.loc 1 151 5 view .LVU22
 117 004c 23F01803 		bic	r3, r3, #24
 118 0050 1A43     		orrs	r2, r2, r3
 119              	.LVL7:
 120              		.loc 1 151 5 view .LVU23
 121 0052 8A60     		str	r2, [r1, #8]
 122 0054 0020     		movs	r0, #0
 123              	.LVL8:
 124              		.loc 1 151 5 view .LVU24
 125 0056 0AE0     		b	.L2
 126              	.LVL9:
 127              	.L7:
ARM GAS  /tmp/cc96l0Ts.s 			page 6


 125:Drivers/STM32L4xx_HAL_Driver/Src/stm32l4xx_hal_crc_ex.c ****         {
 128              		.loc 1 125 9 is_stmt 1 view .LVU25
 125:Drivers/STM32L4xx_HAL_Driver/Src/stm32l4xx_hal_crc_ex.c ****         {
 129              		.loc 1 125 12 is_stmt 0 view .LVU26
 130 0058 072B     		cmp	r3, #7
 131 005a F3D9     		bls	.L9
 127:Drivers/STM32L4xx_HAL_Driver/Src/stm32l4xx_hal_crc_ex.c ****         }
 132              		.loc 1 127 18 view .LVU27
 133 005c 0120     		movs	r0, #1
 134              	.LVL10:
 127:Drivers/STM32L4xx_HAL_Driver/Src/stm32l4xx_hal_crc_ex.c ****         }
 135              		.loc 1 127 18 view .LVU28
 136 005e 06E0     		b	.L2
 137              	.LVL11:
 138              	.L8:
 131:Drivers/STM32L4xx_HAL_Driver/Src/stm32l4xx_hal_crc_ex.c ****         {
 139              		.loc 1 131 9 is_stmt 1 view .LVU29
 131:Drivers/STM32L4xx_HAL_Driver/Src/stm32l4xx_hal_crc_ex.c ****         {
 140              		.loc 1 131 12 is_stmt 0 view .LVU30
 141 0060 0F2B     		cmp	r3, #15
 142 0062 EFD9     		bls	.L9
 133:Drivers/STM32L4xx_HAL_Driver/Src/stm32l4xx_hal_crc_ex.c ****         }
 143              		.loc 1 133 18 view .LVU31
 144 0064 0120     		movs	r0, #1
 145              	.LVL12:
 133:Drivers/STM32L4xx_HAL_Driver/Src/stm32l4xx_hal_crc_ex.c ****         }
 146              		.loc 1 133 18 view .LVU32
 147 0066 02E0     		b	.L2
 148              	.LVL13:
 149              	.L10:
 150              	.LCFI1:
 151              		.cfi_def_cfa_offset 0
 152              		.cfi_restore 4
 100:Drivers/STM32L4xx_HAL_Driver/Src/stm32l4xx_hal_crc_ex.c ****   }
 153              		.loc 1 100 12 view .LVU33
 154 0068 0120     		movs	r0, #1
 155              	.LVL14:
 152:Drivers/STM32L4xx_HAL_Driver/Src/stm32l4xx_hal_crc_ex.c ****   }
 153:Drivers/STM32L4xx_HAL_Driver/Src/stm32l4xx_hal_crc_ex.c ****   /* Return function status */
 154:Drivers/STM32L4xx_HAL_Driver/Src/stm32l4xx_hal_crc_ex.c ****   return status;
 156              		.loc 1 154 3 is_stmt 1 view .LVU34
 155:Drivers/STM32L4xx_HAL_Driver/Src/stm32l4xx_hal_crc_ex.c **** }
 157              		.loc 1 155 1 is_stmt 0 view .LVU35
 158 006a 7047     		bx	lr
 159              	.LVL15:
 160              	.L11:
 161              	.LCFI2:
 162              		.cfi_def_cfa_offset 4
 163              		.cfi_offset 4, -4
 115:Drivers/STM32L4xx_HAL_Driver/Src/stm32l4xx_hal_crc_ex.c ****     {
 164              		.loc 1 115 5 view .LVU36
 165 006c 0120     		movs	r0, #1
 166              	.LVL16:
 167              	.L2:
 154:Drivers/STM32L4xx_HAL_Driver/Src/stm32l4xx_hal_crc_ex.c **** }
 168              		.loc 1 154 3 is_stmt 1 view .LVU37
 169              		.loc 1 155 1 is_stmt 0 view .LVU38
ARM GAS  /tmp/cc96l0Ts.s 			page 7


 170 006e 5DF8044B 		ldr	r4, [sp], #4
 171              	.LCFI3:
 172              		.cfi_remember_state
 173              		.cfi_restore 4
 174              		.cfi_def_cfa_offset 0
 175 0072 7047     		bx	lr
 176              	.LVL17:
 177              	.L12:
 178              	.LCFI4:
 179              		.cfi_restore_state
 121:Drivers/STM32L4xx_HAL_Driver/Src/stm32l4xx_hal_crc_ex.c ****         }
 180              		.loc 1 121 18 view .LVU39
 181 0074 0120     		movs	r0, #1
 182              	.LVL18:
 121:Drivers/STM32L4xx_HAL_Driver/Src/stm32l4xx_hal_crc_ex.c ****         }
 183              		.loc 1 121 18 view .LVU40
 184 0076 FAE7     		b	.L2
 185              		.cfi_endproc
 186              	.LFE132:
 188              		.section	.text.HAL_CRCEx_Input_Data_Reverse,"ax",%progbits
 189              		.align	1
 190              		.global	HAL_CRCEx_Input_Data_Reverse
 191              		.syntax unified
 192              		.thumb
 193              		.thumb_func
 194              		.fpu fpv4-sp-d16
 196              	HAL_CRCEx_Input_Data_Reverse:
 197              	.LVL19:
 198              	.LFB133:
 156:Drivers/STM32L4xx_HAL_Driver/Src/stm32l4xx_hal_crc_ex.c **** 
 157:Drivers/STM32L4xx_HAL_Driver/Src/stm32l4xx_hal_crc_ex.c **** /**
 158:Drivers/STM32L4xx_HAL_Driver/Src/stm32l4xx_hal_crc_ex.c ****   * @brief  Set the Reverse Input data mode.
 159:Drivers/STM32L4xx_HAL_Driver/Src/stm32l4xx_hal_crc_ex.c ****   * @param  hcrc CRC handle
 160:Drivers/STM32L4xx_HAL_Driver/Src/stm32l4xx_hal_crc_ex.c ****   * @param  InputReverseMode Input Data inversion mode.
 161:Drivers/STM32L4xx_HAL_Driver/Src/stm32l4xx_hal_crc_ex.c ****   *         This parameter can be one of the following values:
 162:Drivers/STM32L4xx_HAL_Driver/Src/stm32l4xx_hal_crc_ex.c ****   *          @arg @ref CRC_INPUTDATA_INVERSION_NONE     no change in bit order (default value)
 163:Drivers/STM32L4xx_HAL_Driver/Src/stm32l4xx_hal_crc_ex.c ****   *          @arg @ref CRC_INPUTDATA_INVERSION_BYTE     Byte-wise bit reversal
 164:Drivers/STM32L4xx_HAL_Driver/Src/stm32l4xx_hal_crc_ex.c ****   *          @arg @ref CRC_INPUTDATA_INVERSION_HALFWORD HalfWord-wise bit reversal
 165:Drivers/STM32L4xx_HAL_Driver/Src/stm32l4xx_hal_crc_ex.c ****   *          @arg @ref CRC_INPUTDATA_INVERSION_WORD     Word-wise bit reversal
 166:Drivers/STM32L4xx_HAL_Driver/Src/stm32l4xx_hal_crc_ex.c ****   * @retval HAL status
 167:Drivers/STM32L4xx_HAL_Driver/Src/stm32l4xx_hal_crc_ex.c ****   */
 168:Drivers/STM32L4xx_HAL_Driver/Src/stm32l4xx_hal_crc_ex.c **** HAL_StatusTypeDef HAL_CRCEx_Input_Data_Reverse(CRC_HandleTypeDef *hcrc, uint32_t InputReverseMode)
 169:Drivers/STM32L4xx_HAL_Driver/Src/stm32l4xx_hal_crc_ex.c **** {
 199              		.loc 1 169 1 is_stmt 1 view -0
 200              		.cfi_startproc
 201              		@ args = 0, pretend = 0, frame = 0
 202              		@ frame_needed = 0, uses_anonymous_args = 0
 203              		@ link register save eliminated.
 170:Drivers/STM32L4xx_HAL_Driver/Src/stm32l4xx_hal_crc_ex.c ****   /* Check the parameters */
 171:Drivers/STM32L4xx_HAL_Driver/Src/stm32l4xx_hal_crc_ex.c ****   assert_param(IS_CRC_INPUTDATA_INVERSION_MODE(InputReverseMode));
 204              		.loc 1 171 3 view .LVU42
 172:Drivers/STM32L4xx_HAL_Driver/Src/stm32l4xx_hal_crc_ex.c **** 
 173:Drivers/STM32L4xx_HAL_Driver/Src/stm32l4xx_hal_crc_ex.c ****   /* Change CRC peripheral state */
 174:Drivers/STM32L4xx_HAL_Driver/Src/stm32l4xx_hal_crc_ex.c ****   hcrc->State = HAL_CRC_STATE_BUSY;
 205              		.loc 1 174 3 view .LVU43
 206              		.loc 1 174 15 is_stmt 0 view .LVU44
 207 0000 0223     		movs	r3, #2
ARM GAS  /tmp/cc96l0Ts.s 			page 8


 208 0002 4377     		strb	r3, [r0, #29]
 175:Drivers/STM32L4xx_HAL_Driver/Src/stm32l4xx_hal_crc_ex.c **** 
 176:Drivers/STM32L4xx_HAL_Driver/Src/stm32l4xx_hal_crc_ex.c ****   /* set input data inversion mode */
 177:Drivers/STM32L4xx_HAL_Driver/Src/stm32l4xx_hal_crc_ex.c ****   MODIFY_REG(hcrc->Instance->CR, CRC_CR_REV_IN, InputReverseMode);
 209              		.loc 1 177 3 is_stmt 1 view .LVU45
 210 0004 0268     		ldr	r2, [r0]
 211 0006 9368     		ldr	r3, [r2, #8]
 212 0008 23F06003 		bic	r3, r3, #96
 213 000c 0B43     		orrs	r3, r3, r1
 214 000e 9360     		str	r3, [r2, #8]
 178:Drivers/STM32L4xx_HAL_Driver/Src/stm32l4xx_hal_crc_ex.c ****   /* Change CRC peripheral state */
 179:Drivers/STM32L4xx_HAL_Driver/Src/stm32l4xx_hal_crc_ex.c ****   hcrc->State = HAL_CRC_STATE_READY;
 215              		.loc 1 179 3 view .LVU46
 216              		.loc 1 179 15 is_stmt 0 view .LVU47
 217 0010 0123     		movs	r3, #1
 218 0012 4377     		strb	r3, [r0, #29]
 180:Drivers/STM32L4xx_HAL_Driver/Src/stm32l4xx_hal_crc_ex.c **** 
 181:Drivers/STM32L4xx_HAL_Driver/Src/stm32l4xx_hal_crc_ex.c ****   /* Return function status */
 182:Drivers/STM32L4xx_HAL_Driver/Src/stm32l4xx_hal_crc_ex.c ****   return HAL_OK;
 219              		.loc 1 182 3 is_stmt 1 view .LVU48
 183:Drivers/STM32L4xx_HAL_Driver/Src/stm32l4xx_hal_crc_ex.c **** }
 220              		.loc 1 183 1 is_stmt 0 view .LVU49
 221 0014 0020     		movs	r0, #0
 222              	.LVL20:
 223              		.loc 1 183 1 view .LVU50
 224 0016 7047     		bx	lr
 225              		.cfi_endproc
 226              	.LFE133:
 228              		.section	.text.HAL_CRCEx_Output_Data_Reverse,"ax",%progbits
 229              		.align	1
 230              		.global	HAL_CRCEx_Output_Data_Reverse
 231              		.syntax unified
 232              		.thumb
 233              		.thumb_func
 234              		.fpu fpv4-sp-d16
 236              	HAL_CRCEx_Output_Data_Reverse:
 237              	.LVL21:
 238              	.LFB134:
 184:Drivers/STM32L4xx_HAL_Driver/Src/stm32l4xx_hal_crc_ex.c **** 
 185:Drivers/STM32L4xx_HAL_Driver/Src/stm32l4xx_hal_crc_ex.c **** /**
 186:Drivers/STM32L4xx_HAL_Driver/Src/stm32l4xx_hal_crc_ex.c ****   * @brief  Set the Reverse Output data mode.
 187:Drivers/STM32L4xx_HAL_Driver/Src/stm32l4xx_hal_crc_ex.c ****   * @param  hcrc CRC handle
 188:Drivers/STM32L4xx_HAL_Driver/Src/stm32l4xx_hal_crc_ex.c ****   * @param  OutputReverseMode Output Data inversion mode.
 189:Drivers/STM32L4xx_HAL_Driver/Src/stm32l4xx_hal_crc_ex.c ****   *         This parameter can be one of the following values:
 190:Drivers/STM32L4xx_HAL_Driver/Src/stm32l4xx_hal_crc_ex.c ****   *          @arg @ref CRC_OUTPUTDATA_INVERSION_DISABLE no CRC inversion (default value)
 191:Drivers/STM32L4xx_HAL_Driver/Src/stm32l4xx_hal_crc_ex.c ****   *          @arg @ref CRC_OUTPUTDATA_INVERSION_ENABLE  bit-level inversion (e.g. for a 8-bit CRC: 
 192:Drivers/STM32L4xx_HAL_Driver/Src/stm32l4xx_hal_crc_ex.c ****   * @retval HAL status
 193:Drivers/STM32L4xx_HAL_Driver/Src/stm32l4xx_hal_crc_ex.c ****   */
 194:Drivers/STM32L4xx_HAL_Driver/Src/stm32l4xx_hal_crc_ex.c **** HAL_StatusTypeDef HAL_CRCEx_Output_Data_Reverse(CRC_HandleTypeDef *hcrc, uint32_t OutputReverseMode
 195:Drivers/STM32L4xx_HAL_Driver/Src/stm32l4xx_hal_crc_ex.c **** {
 239              		.loc 1 195 1 is_stmt 1 view -0
 240              		.cfi_startproc
 241              		@ args = 0, pretend = 0, frame = 0
 242              		@ frame_needed = 0, uses_anonymous_args = 0
 243              		@ link register save eliminated.
 196:Drivers/STM32L4xx_HAL_Driver/Src/stm32l4xx_hal_crc_ex.c ****   /* Check the parameters */
 197:Drivers/STM32L4xx_HAL_Driver/Src/stm32l4xx_hal_crc_ex.c ****   assert_param(IS_CRC_OUTPUTDATA_INVERSION_MODE(OutputReverseMode));
ARM GAS  /tmp/cc96l0Ts.s 			page 9


 244              		.loc 1 197 3 view .LVU52
 198:Drivers/STM32L4xx_HAL_Driver/Src/stm32l4xx_hal_crc_ex.c **** 
 199:Drivers/STM32L4xx_HAL_Driver/Src/stm32l4xx_hal_crc_ex.c ****   /* Change CRC peripheral state */
 200:Drivers/STM32L4xx_HAL_Driver/Src/stm32l4xx_hal_crc_ex.c ****   hcrc->State = HAL_CRC_STATE_BUSY;
 245              		.loc 1 200 3 view .LVU53
 246              		.loc 1 200 15 is_stmt 0 view .LVU54
 247 0000 0223     		movs	r3, #2
 248 0002 4377     		strb	r3, [r0, #29]
 201:Drivers/STM32L4xx_HAL_Driver/Src/stm32l4xx_hal_crc_ex.c **** 
 202:Drivers/STM32L4xx_HAL_Driver/Src/stm32l4xx_hal_crc_ex.c ****   /* set output data inversion mode */
 203:Drivers/STM32L4xx_HAL_Driver/Src/stm32l4xx_hal_crc_ex.c ****   MODIFY_REG(hcrc->Instance->CR, CRC_CR_REV_OUT, OutputReverseMode);
 249              		.loc 1 203 3 is_stmt 1 view .LVU55
 250 0004 0268     		ldr	r2, [r0]
 251 0006 9368     		ldr	r3, [r2, #8]
 252 0008 23F08003 		bic	r3, r3, #128
 253 000c 0B43     		orrs	r3, r3, r1
 254 000e 9360     		str	r3, [r2, #8]
 204:Drivers/STM32L4xx_HAL_Driver/Src/stm32l4xx_hal_crc_ex.c **** 
 205:Drivers/STM32L4xx_HAL_Driver/Src/stm32l4xx_hal_crc_ex.c ****   /* Change CRC peripheral state */
 206:Drivers/STM32L4xx_HAL_Driver/Src/stm32l4xx_hal_crc_ex.c ****   hcrc->State = HAL_CRC_STATE_READY;
 255              		.loc 1 206 3 view .LVU56
 256              		.loc 1 206 15 is_stmt 0 view .LVU57
 257 0010 0123     		movs	r3, #1
 258 0012 4377     		strb	r3, [r0, #29]
 207:Drivers/STM32L4xx_HAL_Driver/Src/stm32l4xx_hal_crc_ex.c **** 
 208:Drivers/STM32L4xx_HAL_Driver/Src/stm32l4xx_hal_crc_ex.c ****   /* Return function status */
 209:Drivers/STM32L4xx_HAL_Driver/Src/stm32l4xx_hal_crc_ex.c ****   return HAL_OK;
 259              		.loc 1 209 3 is_stmt 1 view .LVU58
 210:Drivers/STM32L4xx_HAL_Driver/Src/stm32l4xx_hal_crc_ex.c **** }
 260              		.loc 1 210 1 is_stmt 0 view .LVU59
 261 0014 0020     		movs	r0, #0
 262              	.LVL22:
 263              		.loc 1 210 1 view .LVU60
 264 0016 7047     		bx	lr
 265              		.cfi_endproc
 266              	.LFE134:
 268              		.text
 269              	.Letext0:
 270              		.file 2 "/usr/lib/gcc/arm-none-eabi/10.3.1/include/stdint.h"
 271              		.file 3 "Drivers/CMSIS/Device/ST/STM32L4xx/Include/stm32l412xx.h"
 272              		.file 4 "Drivers/STM32L4xx_HAL_Driver/Inc/stm32l4xx_hal_def.h"
 273              		.file 5 "Drivers/STM32L4xx_HAL_Driver/Inc/stm32l4xx_hal_crc.h"
ARM GAS  /tmp/cc96l0Ts.s 			page 10


DEFINED SYMBOLS
                            *ABS*:0000000000000000 stm32l4xx_hal_crc_ex.c
     /tmp/cc96l0Ts.s:18     .text.HAL_CRCEx_Polynomial_Set:0000000000000000 $t
     /tmp/cc96l0Ts.s:26     .text.HAL_CRCEx_Polynomial_Set:0000000000000000 HAL_CRCEx_Polynomial_Set
     /tmp/cc96l0Ts.s:72     .text.HAL_CRCEx_Polynomial_Set:0000000000000026 $d
     /tmp/cc96l0Ts.s:189    .text.HAL_CRCEx_Input_Data_Reverse:0000000000000000 $t
     /tmp/cc96l0Ts.s:196    .text.HAL_CRCEx_Input_Data_Reverse:0000000000000000 HAL_CRCEx_Input_Data_Reverse
     /tmp/cc96l0Ts.s:229    .text.HAL_CRCEx_Output_Data_Reverse:0000000000000000 $t
     /tmp/cc96l0Ts.s:236    .text.HAL_CRCEx_Output_Data_Reverse:0000000000000000 HAL_CRCEx_Output_Data_Reverse
     /tmp/cc96l0Ts.s:97     .text.HAL_CRCEx_Polynomial_Set:000000000000003f $d
     /tmp/cc96l0Ts.s:97     .text.HAL_CRCEx_Polynomial_Set:0000000000000040 $t

NO UNDEFINED SYMBOLS
