ARM GAS  /tmp/cc3MxnSN.s 			page 1


   1              		.cpu cortex-m4
   2              		.eabi_attribute 27, 1
   3              		.eabi_attribute 28, 1
   4              		.eabi_attribute 20, 1
   5              		.eabi_attribute 21, 1
   6              		.eabi_attribute 23, 3
   7              		.eabi_attribute 24, 1
   8              		.eabi_attribute 25, 1
   9              		.eabi_attribute 26, 1
  10              		.eabi_attribute 30, 1
  11              		.eabi_attribute 34, 1
  12              		.eabi_attribute 18, 4
  13              		.file	"usbd_desc.c"
  14              		.text
  15              	.Ltext0:
  16              		.cfi_sections	.debug_frame
  17              		.section	.text.USBD_FS_DeviceDescriptor,"ax",%progbits
  18              		.align	1
  19              		.global	USBD_FS_DeviceDescriptor
  20              		.arch armv7e-m
  21              		.syntax unified
  22              		.thumb
  23              		.thumb_func
  24              		.fpu fpv4-sp-d16
  26              	USBD_FS_DeviceDescriptor:
  27              	.LVL0:
  28              	.LFB140:
  29              		.file 1 "USB_DEVICE/App/usbd_desc.c"
   1:USB_DEVICE/App/usbd_desc.c **** /* USER CODE BEGIN Header */
   2:USB_DEVICE/App/usbd_desc.c **** /**
   3:USB_DEVICE/App/usbd_desc.c ****   ******************************************************************************
   4:USB_DEVICE/App/usbd_desc.c ****   * @file           : App/usbd_desc.c
   5:USB_DEVICE/App/usbd_desc.c ****   * @version        : v2.0_Cube
   6:USB_DEVICE/App/usbd_desc.c ****   * @brief          : This file implements the USB device descriptors.
   7:USB_DEVICE/App/usbd_desc.c ****   ******************************************************************************
   8:USB_DEVICE/App/usbd_desc.c ****   * @attention
   9:USB_DEVICE/App/usbd_desc.c ****   *
  10:USB_DEVICE/App/usbd_desc.c ****   * Copyright (c) 2023 STMicroelectronics.
  11:USB_DEVICE/App/usbd_desc.c ****   * All rights reserved.
  12:USB_DEVICE/App/usbd_desc.c ****   *
  13:USB_DEVICE/App/usbd_desc.c ****   * This software is licensed under terms that can be found in the LICENSE file
  14:USB_DEVICE/App/usbd_desc.c ****   * in the root directory of this software component.
  15:USB_DEVICE/App/usbd_desc.c ****   * If no LICENSE file comes with this software, it is provided AS-IS.
  16:USB_DEVICE/App/usbd_desc.c ****   *
  17:USB_DEVICE/App/usbd_desc.c ****   ******************************************************************************
  18:USB_DEVICE/App/usbd_desc.c ****   */
  19:USB_DEVICE/App/usbd_desc.c **** /* USER CODE END Header */
  20:USB_DEVICE/App/usbd_desc.c **** 
  21:USB_DEVICE/App/usbd_desc.c **** /* Includes ------------------------------------------------------------------*/
  22:USB_DEVICE/App/usbd_desc.c **** #include "usbd_core.h"
  23:USB_DEVICE/App/usbd_desc.c **** #include "usbd_desc.h"
  24:USB_DEVICE/App/usbd_desc.c **** #include "usbd_conf.h"
  25:USB_DEVICE/App/usbd_desc.c **** 
  26:USB_DEVICE/App/usbd_desc.c **** /* USER CODE BEGIN INCLUDE */
  27:USB_DEVICE/App/usbd_desc.c **** 
  28:USB_DEVICE/App/usbd_desc.c **** /* USER CODE END INCLUDE */
  29:USB_DEVICE/App/usbd_desc.c **** 
ARM GAS  /tmp/cc3MxnSN.s 			page 2


  30:USB_DEVICE/App/usbd_desc.c **** /* Private typedef -----------------------------------------------------------*/
  31:USB_DEVICE/App/usbd_desc.c **** /* Private define ------------------------------------------------------------*/
  32:USB_DEVICE/App/usbd_desc.c **** /* Private macro -------------------------------------------------------------*/
  33:USB_DEVICE/App/usbd_desc.c **** 
  34:USB_DEVICE/App/usbd_desc.c **** /* USER CODE BEGIN PV */
  35:USB_DEVICE/App/usbd_desc.c **** /* Private variables ---------------------------------------------------------*/
  36:USB_DEVICE/App/usbd_desc.c **** 
  37:USB_DEVICE/App/usbd_desc.c **** /* USER CODE END PV */
  38:USB_DEVICE/App/usbd_desc.c **** 
  39:USB_DEVICE/App/usbd_desc.c **** /** @addtogroup STM32_USB_OTG_DEVICE_LIBRARY
  40:USB_DEVICE/App/usbd_desc.c ****   * @{
  41:USB_DEVICE/App/usbd_desc.c ****   */
  42:USB_DEVICE/App/usbd_desc.c **** 
  43:USB_DEVICE/App/usbd_desc.c **** /** @addtogroup USBD_DESC
  44:USB_DEVICE/App/usbd_desc.c ****   * @{
  45:USB_DEVICE/App/usbd_desc.c ****   */
  46:USB_DEVICE/App/usbd_desc.c **** 
  47:USB_DEVICE/App/usbd_desc.c **** /** @defgroup USBD_DESC_Private_TypesDefinitions USBD_DESC_Private_TypesDefinitions
  48:USB_DEVICE/App/usbd_desc.c ****   * @brief Private types.
  49:USB_DEVICE/App/usbd_desc.c ****   * @{
  50:USB_DEVICE/App/usbd_desc.c ****   */
  51:USB_DEVICE/App/usbd_desc.c **** 
  52:USB_DEVICE/App/usbd_desc.c **** /* USER CODE BEGIN PRIVATE_TYPES */
  53:USB_DEVICE/App/usbd_desc.c **** 
  54:USB_DEVICE/App/usbd_desc.c **** /* USER CODE END PRIVATE_TYPES */
  55:USB_DEVICE/App/usbd_desc.c **** 
  56:USB_DEVICE/App/usbd_desc.c **** /**
  57:USB_DEVICE/App/usbd_desc.c ****   * @}
  58:USB_DEVICE/App/usbd_desc.c ****   */
  59:USB_DEVICE/App/usbd_desc.c **** 
  60:USB_DEVICE/App/usbd_desc.c **** /** @defgroup USBD_DESC_Private_Defines USBD_DESC_Private_Defines
  61:USB_DEVICE/App/usbd_desc.c ****   * @brief Private defines.
  62:USB_DEVICE/App/usbd_desc.c ****   * @{
  63:USB_DEVICE/App/usbd_desc.c ****   */
  64:USB_DEVICE/App/usbd_desc.c **** 
  65:USB_DEVICE/App/usbd_desc.c **** #define USBD_VID     1155
  66:USB_DEVICE/App/usbd_desc.c **** #define USBD_LANGID_STRING     1033
  67:USB_DEVICE/App/usbd_desc.c **** #define USBD_MANUFACTURER_STRING     "STMicroelectronics"
  68:USB_DEVICE/App/usbd_desc.c **** #define USBD_PID_FS     22314
  69:USB_DEVICE/App/usbd_desc.c **** #define USBD_PRODUCT_STRING_FS     "STM32 Mass Storage"
  70:USB_DEVICE/App/usbd_desc.c **** #define USBD_CONFIGURATION_STRING_FS     "MSC Config"
  71:USB_DEVICE/App/usbd_desc.c **** #define USBD_INTERFACE_STRING_FS     "MSC Interface"
  72:USB_DEVICE/App/usbd_desc.c **** 
  73:USB_DEVICE/App/usbd_desc.c **** #define USB_SIZ_BOS_DESC            0x0C
  74:USB_DEVICE/App/usbd_desc.c **** 
  75:USB_DEVICE/App/usbd_desc.c **** /* USER CODE BEGIN PRIVATE_DEFINES */
  76:USB_DEVICE/App/usbd_desc.c **** 
  77:USB_DEVICE/App/usbd_desc.c **** /* USER CODE END PRIVATE_DEFINES */
  78:USB_DEVICE/App/usbd_desc.c **** 
  79:USB_DEVICE/App/usbd_desc.c **** /**
  80:USB_DEVICE/App/usbd_desc.c ****   * @}
  81:USB_DEVICE/App/usbd_desc.c ****   */
  82:USB_DEVICE/App/usbd_desc.c **** 
  83:USB_DEVICE/App/usbd_desc.c **** /* USER CODE BEGIN 0 */
  84:USB_DEVICE/App/usbd_desc.c **** 
  85:USB_DEVICE/App/usbd_desc.c **** /* USER CODE END 0 */
  86:USB_DEVICE/App/usbd_desc.c **** 
ARM GAS  /tmp/cc3MxnSN.s 			page 3


  87:USB_DEVICE/App/usbd_desc.c **** /** @defgroup USBD_DESC_Private_Macros USBD_DESC_Private_Macros
  88:USB_DEVICE/App/usbd_desc.c ****   * @brief Private macros.
  89:USB_DEVICE/App/usbd_desc.c ****   * @{
  90:USB_DEVICE/App/usbd_desc.c ****   */
  91:USB_DEVICE/App/usbd_desc.c **** 
  92:USB_DEVICE/App/usbd_desc.c **** /* USER CODE BEGIN PRIVATE_MACRO */
  93:USB_DEVICE/App/usbd_desc.c **** 
  94:USB_DEVICE/App/usbd_desc.c **** /* USER CODE END PRIVATE_MACRO */
  95:USB_DEVICE/App/usbd_desc.c **** 
  96:USB_DEVICE/App/usbd_desc.c **** /**
  97:USB_DEVICE/App/usbd_desc.c ****   * @}
  98:USB_DEVICE/App/usbd_desc.c ****   */
  99:USB_DEVICE/App/usbd_desc.c **** 
 100:USB_DEVICE/App/usbd_desc.c **** /** @defgroup USBD_DESC_Private_FunctionPrototypes USBD_DESC_Private_FunctionPrototypes
 101:USB_DEVICE/App/usbd_desc.c ****   * @brief Private functions declaration.
 102:USB_DEVICE/App/usbd_desc.c ****   * @{
 103:USB_DEVICE/App/usbd_desc.c ****   */
 104:USB_DEVICE/App/usbd_desc.c **** 
 105:USB_DEVICE/App/usbd_desc.c **** static void Get_SerialNum(void);
 106:USB_DEVICE/App/usbd_desc.c **** static void IntToUnicode(uint32_t value, uint8_t * pbuf, uint8_t len);
 107:USB_DEVICE/App/usbd_desc.c **** 
 108:USB_DEVICE/App/usbd_desc.c **** /**
 109:USB_DEVICE/App/usbd_desc.c ****   * @}
 110:USB_DEVICE/App/usbd_desc.c ****   */
 111:USB_DEVICE/App/usbd_desc.c **** 
 112:USB_DEVICE/App/usbd_desc.c **** /** @defgroup USBD_DESC_Private_FunctionPrototypes USBD_DESC_Private_FunctionPrototypes
 113:USB_DEVICE/App/usbd_desc.c ****   * @brief Private functions declaration for FS.
 114:USB_DEVICE/App/usbd_desc.c ****   * @{
 115:USB_DEVICE/App/usbd_desc.c ****   */
 116:USB_DEVICE/App/usbd_desc.c **** 
 117:USB_DEVICE/App/usbd_desc.c **** uint8_t * USBD_FS_DeviceDescriptor(USBD_SpeedTypeDef speed, uint16_t *length);
 118:USB_DEVICE/App/usbd_desc.c **** uint8_t * USBD_FS_LangIDStrDescriptor(USBD_SpeedTypeDef speed, uint16_t *length);
 119:USB_DEVICE/App/usbd_desc.c **** uint8_t * USBD_FS_ManufacturerStrDescriptor(USBD_SpeedTypeDef speed, uint16_t *length);
 120:USB_DEVICE/App/usbd_desc.c **** uint8_t * USBD_FS_ProductStrDescriptor(USBD_SpeedTypeDef speed, uint16_t *length);
 121:USB_DEVICE/App/usbd_desc.c **** uint8_t * USBD_FS_SerialStrDescriptor(USBD_SpeedTypeDef speed, uint16_t *length);
 122:USB_DEVICE/App/usbd_desc.c **** uint8_t * USBD_FS_ConfigStrDescriptor(USBD_SpeedTypeDef speed, uint16_t *length);
 123:USB_DEVICE/App/usbd_desc.c **** uint8_t * USBD_FS_InterfaceStrDescriptor(USBD_SpeedTypeDef speed, uint16_t *length);
 124:USB_DEVICE/App/usbd_desc.c **** #if (USBD_LPM_ENABLED == 1)
 125:USB_DEVICE/App/usbd_desc.c **** uint8_t * USBD_FS_USR_BOSDescriptor(USBD_SpeedTypeDef speed, uint16_t *length);
 126:USB_DEVICE/App/usbd_desc.c **** #endif /* (USBD_LPM_ENABLED == 1) */
 127:USB_DEVICE/App/usbd_desc.c **** 
 128:USB_DEVICE/App/usbd_desc.c **** /**
 129:USB_DEVICE/App/usbd_desc.c ****   * @}
 130:USB_DEVICE/App/usbd_desc.c ****   */
 131:USB_DEVICE/App/usbd_desc.c **** 
 132:USB_DEVICE/App/usbd_desc.c **** /** @defgroup USBD_DESC_Private_Variables USBD_DESC_Private_Variables
 133:USB_DEVICE/App/usbd_desc.c ****   * @brief Private variables.
 134:USB_DEVICE/App/usbd_desc.c ****   * @{
 135:USB_DEVICE/App/usbd_desc.c ****   */
 136:USB_DEVICE/App/usbd_desc.c **** 
 137:USB_DEVICE/App/usbd_desc.c **** USBD_DescriptorsTypeDef FS_Desc =
 138:USB_DEVICE/App/usbd_desc.c **** {
 139:USB_DEVICE/App/usbd_desc.c ****   USBD_FS_DeviceDescriptor
 140:USB_DEVICE/App/usbd_desc.c **** , USBD_FS_LangIDStrDescriptor
 141:USB_DEVICE/App/usbd_desc.c **** , USBD_FS_ManufacturerStrDescriptor
 142:USB_DEVICE/App/usbd_desc.c **** , USBD_FS_ProductStrDescriptor
 143:USB_DEVICE/App/usbd_desc.c **** , USBD_FS_SerialStrDescriptor
ARM GAS  /tmp/cc3MxnSN.s 			page 4


 144:USB_DEVICE/App/usbd_desc.c **** , USBD_FS_ConfigStrDescriptor
 145:USB_DEVICE/App/usbd_desc.c **** , USBD_FS_InterfaceStrDescriptor
 146:USB_DEVICE/App/usbd_desc.c **** #if (USBD_LPM_ENABLED == 1)
 147:USB_DEVICE/App/usbd_desc.c **** , USBD_FS_USR_BOSDescriptor
 148:USB_DEVICE/App/usbd_desc.c **** #endif /* (USBD_LPM_ENABLED == 1) */
 149:USB_DEVICE/App/usbd_desc.c **** };
 150:USB_DEVICE/App/usbd_desc.c **** 
 151:USB_DEVICE/App/usbd_desc.c **** #if defined ( __ICCARM__ ) /* IAR Compiler */
 152:USB_DEVICE/App/usbd_desc.c ****   #pragma data_alignment=4
 153:USB_DEVICE/App/usbd_desc.c **** #endif /* defined ( __ICCARM__ ) */
 154:USB_DEVICE/App/usbd_desc.c **** /** USB standard device descriptor. */
 155:USB_DEVICE/App/usbd_desc.c **** __ALIGN_BEGIN uint8_t USBD_FS_DeviceDesc[USB_LEN_DEV_DESC] __ALIGN_END =
 156:USB_DEVICE/App/usbd_desc.c **** {
 157:USB_DEVICE/App/usbd_desc.c ****   0x12,                       /*bLength */
 158:USB_DEVICE/App/usbd_desc.c ****   USB_DESC_TYPE_DEVICE,       /*bDescriptorType*/
 159:USB_DEVICE/App/usbd_desc.c **** #if (USBD_LPM_ENABLED == 1)
 160:USB_DEVICE/App/usbd_desc.c ****   0x01,                       /*bcdUSB */ /* changed to USB version 2.01
 161:USB_DEVICE/App/usbd_desc.c ****                                              in order to support LPM L1 suspend
 162:USB_DEVICE/App/usbd_desc.c ****                                              resume test of USBCV3.0*/
 163:USB_DEVICE/App/usbd_desc.c **** #else
 164:USB_DEVICE/App/usbd_desc.c ****   0x00,                       /*bcdUSB */
 165:USB_DEVICE/App/usbd_desc.c **** #endif /* (USBD_LPM_ENABLED == 1) */
 166:USB_DEVICE/App/usbd_desc.c ****   0x02,
 167:USB_DEVICE/App/usbd_desc.c ****   0x00,                       /*bDeviceClass*/
 168:USB_DEVICE/App/usbd_desc.c ****   0x00,                       /*bDeviceSubClass*/
 169:USB_DEVICE/App/usbd_desc.c ****   0x00,                       /*bDeviceProtocol*/
 170:USB_DEVICE/App/usbd_desc.c ****   USB_MAX_EP0_SIZE,           /*bMaxPacketSize*/
 171:USB_DEVICE/App/usbd_desc.c ****   LOBYTE(USBD_VID),           /*idVendor*/
 172:USB_DEVICE/App/usbd_desc.c ****   HIBYTE(USBD_VID),           /*idVendor*/
 173:USB_DEVICE/App/usbd_desc.c ****   LOBYTE(USBD_PID_FS),        /*idProduct*/
 174:USB_DEVICE/App/usbd_desc.c ****   HIBYTE(USBD_PID_FS),        /*idProduct*/
 175:USB_DEVICE/App/usbd_desc.c ****   0x00,                       /*bcdDevice rel. 2.00*/
 176:USB_DEVICE/App/usbd_desc.c ****   0x02,
 177:USB_DEVICE/App/usbd_desc.c ****   USBD_IDX_MFC_STR,           /*Index of manufacturer  string*/
 178:USB_DEVICE/App/usbd_desc.c ****   USBD_IDX_PRODUCT_STR,       /*Index of product string*/
 179:USB_DEVICE/App/usbd_desc.c ****   USBD_IDX_SERIAL_STR,        /*Index of serial number string*/
 180:USB_DEVICE/App/usbd_desc.c ****   USBD_MAX_NUM_CONFIGURATION  /*bNumConfigurations*/
 181:USB_DEVICE/App/usbd_desc.c **** };
 182:USB_DEVICE/App/usbd_desc.c **** 
 183:USB_DEVICE/App/usbd_desc.c **** /* USB_DeviceDescriptor */
 184:USB_DEVICE/App/usbd_desc.c **** /** BOS descriptor. */
 185:USB_DEVICE/App/usbd_desc.c **** #if (USBD_LPM_ENABLED == 1)
 186:USB_DEVICE/App/usbd_desc.c **** #if defined ( __ICCARM__ ) /* IAR Compiler */
 187:USB_DEVICE/App/usbd_desc.c ****   #pragma data_alignment=4
 188:USB_DEVICE/App/usbd_desc.c **** #endif /* defined ( __ICCARM__ ) */
 189:USB_DEVICE/App/usbd_desc.c **** __ALIGN_BEGIN uint8_t USBD_FS_BOSDesc[USB_SIZ_BOS_DESC] __ALIGN_END =
 190:USB_DEVICE/App/usbd_desc.c **** {
 191:USB_DEVICE/App/usbd_desc.c ****   0x5,
 192:USB_DEVICE/App/usbd_desc.c ****   USB_DESC_TYPE_BOS,
 193:USB_DEVICE/App/usbd_desc.c ****   0xC,
 194:USB_DEVICE/App/usbd_desc.c ****   0x0,
 195:USB_DEVICE/App/usbd_desc.c ****   0x1,  /* 1 device capability*/
 196:USB_DEVICE/App/usbd_desc.c ****         /* device capability*/
 197:USB_DEVICE/App/usbd_desc.c ****   0x7,
 198:USB_DEVICE/App/usbd_desc.c ****   USB_DEVICE_CAPABITY_TYPE,
 199:USB_DEVICE/App/usbd_desc.c ****   0x2,
 200:USB_DEVICE/App/usbd_desc.c ****   0x2,  /* LPM capability bit set*/
ARM GAS  /tmp/cc3MxnSN.s 			page 5


 201:USB_DEVICE/App/usbd_desc.c ****   0x0,
 202:USB_DEVICE/App/usbd_desc.c ****   0x0,
 203:USB_DEVICE/App/usbd_desc.c ****   0x0
 204:USB_DEVICE/App/usbd_desc.c **** };
 205:USB_DEVICE/App/usbd_desc.c **** #endif /* (USBD_LPM_ENABLED == 1) */
 206:USB_DEVICE/App/usbd_desc.c **** 
 207:USB_DEVICE/App/usbd_desc.c **** /**
 208:USB_DEVICE/App/usbd_desc.c ****   * @}
 209:USB_DEVICE/App/usbd_desc.c ****   */
 210:USB_DEVICE/App/usbd_desc.c **** 
 211:USB_DEVICE/App/usbd_desc.c **** /** @defgroup USBD_DESC_Private_Variables USBD_DESC_Private_Variables
 212:USB_DEVICE/App/usbd_desc.c ****   * @brief Private variables.
 213:USB_DEVICE/App/usbd_desc.c ****   * @{
 214:USB_DEVICE/App/usbd_desc.c ****   */
 215:USB_DEVICE/App/usbd_desc.c **** 
 216:USB_DEVICE/App/usbd_desc.c **** #if defined ( __ICCARM__ ) /* IAR Compiler */
 217:USB_DEVICE/App/usbd_desc.c ****   #pragma data_alignment=4
 218:USB_DEVICE/App/usbd_desc.c **** #endif /* defined ( __ICCARM__ ) */
 219:USB_DEVICE/App/usbd_desc.c **** 
 220:USB_DEVICE/App/usbd_desc.c **** /** USB lang identifier descriptor. */
 221:USB_DEVICE/App/usbd_desc.c **** __ALIGN_BEGIN uint8_t USBD_LangIDDesc[USB_LEN_LANGID_STR_DESC] __ALIGN_END =
 222:USB_DEVICE/App/usbd_desc.c **** {
 223:USB_DEVICE/App/usbd_desc.c ****      USB_LEN_LANGID_STR_DESC,
 224:USB_DEVICE/App/usbd_desc.c ****      USB_DESC_TYPE_STRING,
 225:USB_DEVICE/App/usbd_desc.c ****      LOBYTE(USBD_LANGID_STRING),
 226:USB_DEVICE/App/usbd_desc.c ****      HIBYTE(USBD_LANGID_STRING)
 227:USB_DEVICE/App/usbd_desc.c **** };
 228:USB_DEVICE/App/usbd_desc.c **** 
 229:USB_DEVICE/App/usbd_desc.c **** #if defined ( __ICCARM__ ) /* IAR Compiler */
 230:USB_DEVICE/App/usbd_desc.c ****   #pragma data_alignment=4
 231:USB_DEVICE/App/usbd_desc.c **** #endif /* defined ( __ICCARM__ ) */
 232:USB_DEVICE/App/usbd_desc.c **** /* Internal string descriptor. */
 233:USB_DEVICE/App/usbd_desc.c **** __ALIGN_BEGIN uint8_t USBD_StrDesc[USBD_MAX_STR_DESC_SIZ] __ALIGN_END;
 234:USB_DEVICE/App/usbd_desc.c **** 
 235:USB_DEVICE/App/usbd_desc.c **** #if defined ( __ICCARM__ ) /*!< IAR Compiler */
 236:USB_DEVICE/App/usbd_desc.c ****   #pragma data_alignment=4
 237:USB_DEVICE/App/usbd_desc.c **** #endif
 238:USB_DEVICE/App/usbd_desc.c **** __ALIGN_BEGIN uint8_t USBD_StringSerial[USB_SIZ_STRING_SERIAL] __ALIGN_END = {
 239:USB_DEVICE/App/usbd_desc.c ****   USB_SIZ_STRING_SERIAL,
 240:USB_DEVICE/App/usbd_desc.c ****   USB_DESC_TYPE_STRING,
 241:USB_DEVICE/App/usbd_desc.c **** };
 242:USB_DEVICE/App/usbd_desc.c **** 
 243:USB_DEVICE/App/usbd_desc.c **** /**
 244:USB_DEVICE/App/usbd_desc.c ****   * @}
 245:USB_DEVICE/App/usbd_desc.c ****   */
 246:USB_DEVICE/App/usbd_desc.c **** 
 247:USB_DEVICE/App/usbd_desc.c **** /** @defgroup USBD_DESC_Private_Functions USBD_DESC_Private_Functions
 248:USB_DEVICE/App/usbd_desc.c ****   * @brief Private functions.
 249:USB_DEVICE/App/usbd_desc.c ****   * @{
 250:USB_DEVICE/App/usbd_desc.c ****   */
 251:USB_DEVICE/App/usbd_desc.c **** 
 252:USB_DEVICE/App/usbd_desc.c **** /**
 253:USB_DEVICE/App/usbd_desc.c ****   * @brief  Return the device descriptor
 254:USB_DEVICE/App/usbd_desc.c ****   * @param  speed : Current device speed
 255:USB_DEVICE/App/usbd_desc.c ****   * @param  length : Pointer to data length variable
 256:USB_DEVICE/App/usbd_desc.c ****   * @retval Pointer to descriptor buffer
 257:USB_DEVICE/App/usbd_desc.c ****   */
ARM GAS  /tmp/cc3MxnSN.s 			page 6


 258:USB_DEVICE/App/usbd_desc.c **** uint8_t * USBD_FS_DeviceDescriptor(USBD_SpeedTypeDef speed, uint16_t *length)
 259:USB_DEVICE/App/usbd_desc.c **** {
  30              		.loc 1 259 1 view -0
  31              		.cfi_startproc
  32              		@ args = 0, pretend = 0, frame = 0
  33              		@ frame_needed = 0, uses_anonymous_args = 0
  34              		@ link register save eliminated.
 260:USB_DEVICE/App/usbd_desc.c ****   UNUSED(speed);
  35              		.loc 1 260 3 view .LVU1
 261:USB_DEVICE/App/usbd_desc.c ****   *length = sizeof(USBD_FS_DeviceDesc);
  36              		.loc 1 261 3 view .LVU2
  37              		.loc 1 261 11 is_stmt 0 view .LVU3
  38 0000 1223     		movs	r3, #18
  39 0002 0B80     		strh	r3, [r1]	@ movhi
 262:USB_DEVICE/App/usbd_desc.c ****   return USBD_FS_DeviceDesc;
  40              		.loc 1 262 3 is_stmt 1 view .LVU4
 263:USB_DEVICE/App/usbd_desc.c **** }
  41              		.loc 1 263 1 is_stmt 0 view .LVU5
  42 0004 0048     		ldr	r0, .L2
  43              	.LVL1:
  44              		.loc 1 263 1 view .LVU6
  45 0006 7047     		bx	lr
  46              	.L3:
  47              		.align	2
  48              	.L2:
  49 0008 00000000 		.word	.LANCHOR0
  50              		.cfi_endproc
  51              	.LFE140:
  53              		.section	.text.USBD_FS_LangIDStrDescriptor,"ax",%progbits
  54              		.align	1
  55              		.global	USBD_FS_LangIDStrDescriptor
  56              		.syntax unified
  57              		.thumb
  58              		.thumb_func
  59              		.fpu fpv4-sp-d16
  61              	USBD_FS_LangIDStrDescriptor:
  62              	.LVL2:
  63              	.LFB141:
 264:USB_DEVICE/App/usbd_desc.c **** 
 265:USB_DEVICE/App/usbd_desc.c **** /**
 266:USB_DEVICE/App/usbd_desc.c ****   * @brief  Return the LangID string descriptor
 267:USB_DEVICE/App/usbd_desc.c ****   * @param  speed : Current device speed
 268:USB_DEVICE/App/usbd_desc.c ****   * @param  length : Pointer to data length variable
 269:USB_DEVICE/App/usbd_desc.c ****   * @retval Pointer to descriptor buffer
 270:USB_DEVICE/App/usbd_desc.c ****   */
 271:USB_DEVICE/App/usbd_desc.c **** uint8_t * USBD_FS_LangIDStrDescriptor(USBD_SpeedTypeDef speed, uint16_t *length)
 272:USB_DEVICE/App/usbd_desc.c **** {
  64              		.loc 1 272 1 is_stmt 1 view -0
  65              		.cfi_startproc
  66              		@ args = 0, pretend = 0, frame = 0
  67              		@ frame_needed = 0, uses_anonymous_args = 0
  68              		@ link register save eliminated.
 273:USB_DEVICE/App/usbd_desc.c ****   UNUSED(speed);
  69              		.loc 1 273 3 view .LVU8
 274:USB_DEVICE/App/usbd_desc.c ****   *length = sizeof(USBD_LangIDDesc);
  70              		.loc 1 274 3 view .LVU9
  71              		.loc 1 274 11 is_stmt 0 view .LVU10
ARM GAS  /tmp/cc3MxnSN.s 			page 7


  72 0000 0423     		movs	r3, #4
  73 0002 0B80     		strh	r3, [r1]	@ movhi
 275:USB_DEVICE/App/usbd_desc.c ****   return USBD_LangIDDesc;
  74              		.loc 1 275 3 is_stmt 1 view .LVU11
 276:USB_DEVICE/App/usbd_desc.c **** }
  75              		.loc 1 276 1 is_stmt 0 view .LVU12
  76 0004 0048     		ldr	r0, .L5
  77              	.LVL3:
  78              		.loc 1 276 1 view .LVU13
  79 0006 7047     		bx	lr
  80              	.L6:
  81              		.align	2
  82              	.L5:
  83 0008 00000000 		.word	.LANCHOR1
  84              		.cfi_endproc
  85              	.LFE141:
  87              		.section	.text.USBD_FS_USR_BOSDescriptor,"ax",%progbits
  88              		.align	1
  89              		.global	USBD_FS_USR_BOSDescriptor
  90              		.syntax unified
  91              		.thumb
  92              		.thumb_func
  93              		.fpu fpv4-sp-d16
  95              	USBD_FS_USR_BOSDescriptor:
  96              	.LVL4:
  97              	.LFB147:
 277:USB_DEVICE/App/usbd_desc.c **** 
 278:USB_DEVICE/App/usbd_desc.c **** /**
 279:USB_DEVICE/App/usbd_desc.c ****   * @brief  Return the product string descriptor
 280:USB_DEVICE/App/usbd_desc.c ****   * @param  speed : Current device speed
 281:USB_DEVICE/App/usbd_desc.c ****   * @param  length : Pointer to data length variable
 282:USB_DEVICE/App/usbd_desc.c ****   * @retval Pointer to descriptor buffer
 283:USB_DEVICE/App/usbd_desc.c ****   */
 284:USB_DEVICE/App/usbd_desc.c **** uint8_t * USBD_FS_ProductStrDescriptor(USBD_SpeedTypeDef speed, uint16_t *length)
 285:USB_DEVICE/App/usbd_desc.c **** {
 286:USB_DEVICE/App/usbd_desc.c ****   if(speed == 0)
 287:USB_DEVICE/App/usbd_desc.c ****   {
 288:USB_DEVICE/App/usbd_desc.c ****     USBD_GetString((uint8_t *)USBD_PRODUCT_STRING_FS, USBD_StrDesc, length);
 289:USB_DEVICE/App/usbd_desc.c ****   }
 290:USB_DEVICE/App/usbd_desc.c ****   else
 291:USB_DEVICE/App/usbd_desc.c ****   {
 292:USB_DEVICE/App/usbd_desc.c ****     USBD_GetString((uint8_t *)USBD_PRODUCT_STRING_FS, USBD_StrDesc, length);
 293:USB_DEVICE/App/usbd_desc.c ****   }
 294:USB_DEVICE/App/usbd_desc.c ****   return USBD_StrDesc;
 295:USB_DEVICE/App/usbd_desc.c **** }
 296:USB_DEVICE/App/usbd_desc.c **** 
 297:USB_DEVICE/App/usbd_desc.c **** /**
 298:USB_DEVICE/App/usbd_desc.c ****   * @brief  Return the manufacturer string descriptor
 299:USB_DEVICE/App/usbd_desc.c ****   * @param  speed : Current device speed
 300:USB_DEVICE/App/usbd_desc.c ****   * @param  length : Pointer to data length variable
 301:USB_DEVICE/App/usbd_desc.c ****   * @retval Pointer to descriptor buffer
 302:USB_DEVICE/App/usbd_desc.c ****   */
 303:USB_DEVICE/App/usbd_desc.c **** uint8_t * USBD_FS_ManufacturerStrDescriptor(USBD_SpeedTypeDef speed, uint16_t *length)
 304:USB_DEVICE/App/usbd_desc.c **** {
 305:USB_DEVICE/App/usbd_desc.c ****   UNUSED(speed);
 306:USB_DEVICE/App/usbd_desc.c ****   USBD_GetString((uint8_t *)USBD_MANUFACTURER_STRING, USBD_StrDesc, length);
 307:USB_DEVICE/App/usbd_desc.c ****   return USBD_StrDesc;
ARM GAS  /tmp/cc3MxnSN.s 			page 8


 308:USB_DEVICE/App/usbd_desc.c **** }
 309:USB_DEVICE/App/usbd_desc.c **** 
 310:USB_DEVICE/App/usbd_desc.c **** /**
 311:USB_DEVICE/App/usbd_desc.c ****   * @brief  Return the serial number string descriptor
 312:USB_DEVICE/App/usbd_desc.c ****   * @param  speed : Current device speed
 313:USB_DEVICE/App/usbd_desc.c ****   * @param  length : Pointer to data length variable
 314:USB_DEVICE/App/usbd_desc.c ****   * @retval Pointer to descriptor buffer
 315:USB_DEVICE/App/usbd_desc.c ****   */
 316:USB_DEVICE/App/usbd_desc.c **** uint8_t * USBD_FS_SerialStrDescriptor(USBD_SpeedTypeDef speed, uint16_t *length)
 317:USB_DEVICE/App/usbd_desc.c **** {
 318:USB_DEVICE/App/usbd_desc.c ****   UNUSED(speed);
 319:USB_DEVICE/App/usbd_desc.c ****   *length = USB_SIZ_STRING_SERIAL;
 320:USB_DEVICE/App/usbd_desc.c **** 
 321:USB_DEVICE/App/usbd_desc.c ****   /* Update the serial number string descriptor with the data from the unique
 322:USB_DEVICE/App/usbd_desc.c ****    * ID */
 323:USB_DEVICE/App/usbd_desc.c ****   Get_SerialNum();
 324:USB_DEVICE/App/usbd_desc.c ****   /* USER CODE BEGIN USBD_FS_SerialStrDescriptor */
 325:USB_DEVICE/App/usbd_desc.c **** 
 326:USB_DEVICE/App/usbd_desc.c ****   /* USER CODE END USBD_FS_SerialStrDescriptor */
 327:USB_DEVICE/App/usbd_desc.c ****   return (uint8_t *) USBD_StringSerial;
 328:USB_DEVICE/App/usbd_desc.c **** }
 329:USB_DEVICE/App/usbd_desc.c **** 
 330:USB_DEVICE/App/usbd_desc.c **** /**
 331:USB_DEVICE/App/usbd_desc.c ****   * @brief  Return the configuration string descriptor
 332:USB_DEVICE/App/usbd_desc.c ****   * @param  speed : Current device speed
 333:USB_DEVICE/App/usbd_desc.c ****   * @param  length : Pointer to data length variable
 334:USB_DEVICE/App/usbd_desc.c ****   * @retval Pointer to descriptor buffer
 335:USB_DEVICE/App/usbd_desc.c ****   */
 336:USB_DEVICE/App/usbd_desc.c **** uint8_t * USBD_FS_ConfigStrDescriptor(USBD_SpeedTypeDef speed, uint16_t *length)
 337:USB_DEVICE/App/usbd_desc.c **** {
 338:USB_DEVICE/App/usbd_desc.c ****   if(speed == USBD_SPEED_HIGH)
 339:USB_DEVICE/App/usbd_desc.c ****   {
 340:USB_DEVICE/App/usbd_desc.c ****     USBD_GetString((uint8_t *)USBD_CONFIGURATION_STRING_FS, USBD_StrDesc, length);
 341:USB_DEVICE/App/usbd_desc.c ****   }
 342:USB_DEVICE/App/usbd_desc.c ****   else
 343:USB_DEVICE/App/usbd_desc.c ****   {
 344:USB_DEVICE/App/usbd_desc.c ****     USBD_GetString((uint8_t *)USBD_CONFIGURATION_STRING_FS, USBD_StrDesc, length);
 345:USB_DEVICE/App/usbd_desc.c ****   }
 346:USB_DEVICE/App/usbd_desc.c ****   return USBD_StrDesc;
 347:USB_DEVICE/App/usbd_desc.c **** }
 348:USB_DEVICE/App/usbd_desc.c **** 
 349:USB_DEVICE/App/usbd_desc.c **** /**
 350:USB_DEVICE/App/usbd_desc.c ****   * @brief  Return the interface string descriptor
 351:USB_DEVICE/App/usbd_desc.c ****   * @param  speed : Current device speed
 352:USB_DEVICE/App/usbd_desc.c ****   * @param  length : Pointer to data length variable
 353:USB_DEVICE/App/usbd_desc.c ****   * @retval Pointer to descriptor buffer
 354:USB_DEVICE/App/usbd_desc.c ****   */
 355:USB_DEVICE/App/usbd_desc.c **** uint8_t * USBD_FS_InterfaceStrDescriptor(USBD_SpeedTypeDef speed, uint16_t *length)
 356:USB_DEVICE/App/usbd_desc.c **** {
 357:USB_DEVICE/App/usbd_desc.c ****   if(speed == 0)
 358:USB_DEVICE/App/usbd_desc.c ****   {
 359:USB_DEVICE/App/usbd_desc.c ****     USBD_GetString((uint8_t *)USBD_INTERFACE_STRING_FS, USBD_StrDesc, length);
 360:USB_DEVICE/App/usbd_desc.c ****   }
 361:USB_DEVICE/App/usbd_desc.c ****   else
 362:USB_DEVICE/App/usbd_desc.c ****   {
 363:USB_DEVICE/App/usbd_desc.c ****     USBD_GetString((uint8_t *)USBD_INTERFACE_STRING_FS, USBD_StrDesc, length);
 364:USB_DEVICE/App/usbd_desc.c ****   }
ARM GAS  /tmp/cc3MxnSN.s 			page 9


 365:USB_DEVICE/App/usbd_desc.c ****   return USBD_StrDesc;
 366:USB_DEVICE/App/usbd_desc.c **** }
 367:USB_DEVICE/App/usbd_desc.c **** 
 368:USB_DEVICE/App/usbd_desc.c **** #if (USBD_LPM_ENABLED == 1)
 369:USB_DEVICE/App/usbd_desc.c **** /**
 370:USB_DEVICE/App/usbd_desc.c ****   * @brief  Return the BOS descriptor
 371:USB_DEVICE/App/usbd_desc.c ****   * @param  speed : Current device speed
 372:USB_DEVICE/App/usbd_desc.c ****   * @param  length : Pointer to data length variable
 373:USB_DEVICE/App/usbd_desc.c ****   * @retval Pointer to descriptor buffer
 374:USB_DEVICE/App/usbd_desc.c ****   */
 375:USB_DEVICE/App/usbd_desc.c **** uint8_t * USBD_FS_USR_BOSDescriptor(USBD_SpeedTypeDef speed, uint16_t *length)
 376:USB_DEVICE/App/usbd_desc.c **** {
  98              		.loc 1 376 1 is_stmt 1 view -0
  99              		.cfi_startproc
 100              		@ args = 0, pretend = 0, frame = 0
 101              		@ frame_needed = 0, uses_anonymous_args = 0
 102              		@ link register save eliminated.
 377:USB_DEVICE/App/usbd_desc.c ****   UNUSED(speed);
 103              		.loc 1 377 3 view .LVU15
 378:USB_DEVICE/App/usbd_desc.c ****   *length = sizeof(USBD_FS_BOSDesc);
 104              		.loc 1 378 3 view .LVU16
 105              		.loc 1 378 11 is_stmt 0 view .LVU17
 106 0000 0C23     		movs	r3, #12
 107 0002 0B80     		strh	r3, [r1]	@ movhi
 379:USB_DEVICE/App/usbd_desc.c ****   return (uint8_t*)USBD_FS_BOSDesc;
 108              		.loc 1 379 3 is_stmt 1 view .LVU18
 380:USB_DEVICE/App/usbd_desc.c **** }
 109              		.loc 1 380 1 is_stmt 0 view .LVU19
 110 0004 0048     		ldr	r0, .L8
 111              	.LVL5:
 112              		.loc 1 380 1 view .LVU20
 113 0006 7047     		bx	lr
 114              	.L9:
 115              		.align	2
 116              	.L8:
 117 0008 00000000 		.word	.LANCHOR2
 118              		.cfi_endproc
 119              	.LFE147:
 121              		.section	.text.IntToUnicode,"ax",%progbits
 122              		.align	1
 123              		.syntax unified
 124              		.thumb
 125              		.thumb_func
 126              		.fpu fpv4-sp-d16
 128              	IntToUnicode:
 129              	.LVL6:
 130              	.LFB149:
 381:USB_DEVICE/App/usbd_desc.c **** #endif /* (USBD_LPM_ENABLED == 1) */
 382:USB_DEVICE/App/usbd_desc.c **** 
 383:USB_DEVICE/App/usbd_desc.c **** /**
 384:USB_DEVICE/App/usbd_desc.c ****   * @brief  Create the serial number string descriptor
 385:USB_DEVICE/App/usbd_desc.c ****   * @param  None
 386:USB_DEVICE/App/usbd_desc.c ****   * @retval None
 387:USB_DEVICE/App/usbd_desc.c ****   */
 388:USB_DEVICE/App/usbd_desc.c **** static void Get_SerialNum(void)
 389:USB_DEVICE/App/usbd_desc.c **** {
 390:USB_DEVICE/App/usbd_desc.c ****   uint32_t deviceserial0;
ARM GAS  /tmp/cc3MxnSN.s 			page 10


 391:USB_DEVICE/App/usbd_desc.c ****   uint32_t deviceserial1;
 392:USB_DEVICE/App/usbd_desc.c ****   uint32_t deviceserial2;
 393:USB_DEVICE/App/usbd_desc.c **** 
 394:USB_DEVICE/App/usbd_desc.c ****   deviceserial0 = *(uint32_t *) DEVICE_ID1;
 395:USB_DEVICE/App/usbd_desc.c ****   deviceserial1 = *(uint32_t *) DEVICE_ID2;
 396:USB_DEVICE/App/usbd_desc.c ****   deviceserial2 = *(uint32_t *) DEVICE_ID3;
 397:USB_DEVICE/App/usbd_desc.c **** 
 398:USB_DEVICE/App/usbd_desc.c ****   deviceserial0 += deviceserial2;
 399:USB_DEVICE/App/usbd_desc.c **** 
 400:USB_DEVICE/App/usbd_desc.c ****   if (deviceserial0 != 0)
 401:USB_DEVICE/App/usbd_desc.c ****   {
 402:USB_DEVICE/App/usbd_desc.c ****     IntToUnicode(deviceserial0, &USBD_StringSerial[2], 8);
 403:USB_DEVICE/App/usbd_desc.c ****     IntToUnicode(deviceserial1, &USBD_StringSerial[18], 4);
 404:USB_DEVICE/App/usbd_desc.c ****   }
 405:USB_DEVICE/App/usbd_desc.c **** }
 406:USB_DEVICE/App/usbd_desc.c **** 
 407:USB_DEVICE/App/usbd_desc.c **** /**
 408:USB_DEVICE/App/usbd_desc.c ****   * @brief  Convert Hex 32Bits value into char
 409:USB_DEVICE/App/usbd_desc.c ****   * @param  value: value to convert
 410:USB_DEVICE/App/usbd_desc.c ****   * @param  pbuf: pointer to the buffer
 411:USB_DEVICE/App/usbd_desc.c ****   * @param  len: buffer length
 412:USB_DEVICE/App/usbd_desc.c ****   * @retval None
 413:USB_DEVICE/App/usbd_desc.c ****   */
 414:USB_DEVICE/App/usbd_desc.c **** static void IntToUnicode(uint32_t value, uint8_t * pbuf, uint8_t len)
 415:USB_DEVICE/App/usbd_desc.c **** {
 131              		.loc 1 415 1 is_stmt 1 view -0
 132              		.cfi_startproc
 133              		@ args = 0, pretend = 0, frame = 0
 134              		@ frame_needed = 0, uses_anonymous_args = 0
 416:USB_DEVICE/App/usbd_desc.c ****   uint8_t idx = 0;
 135              		.loc 1 416 3 view .LVU22
 417:USB_DEVICE/App/usbd_desc.c **** 
 418:USB_DEVICE/App/usbd_desc.c ****   for (idx = 0; idx < len; idx++)
 136              		.loc 1 418 3 view .LVU23
 137              		.loc 1 418 12 is_stmt 0 view .LVU24
 138 0000 0023     		movs	r3, #0
 139              	.LVL7:
 140              		.loc 1 418 17 is_stmt 1 view .LVU25
 141              		.loc 1 418 3 is_stmt 0 view .LVU26
 142 0002 9342     		cmp	r3, r2
 143 0004 1ED2     		bcs	.L18
 415:USB_DEVICE/App/usbd_desc.c ****   uint8_t idx = 0;
 144              		.loc 1 415 1 view .LVU27
 145 0006 00B5     		push	{lr}
 146              	.LCFI0:
 147              		.cfi_def_cfa_offset 4
 148              		.cfi_offset 14, -4
 149 0008 10E0     		b	.L14
 150              	.L12:
 419:USB_DEVICE/App/usbd_desc.c ****   {
 420:USB_DEVICE/App/usbd_desc.c ****     if (((value >> 28)) < 0xA)
 421:USB_DEVICE/App/usbd_desc.c ****     {
 422:USB_DEVICE/App/usbd_desc.c ****       pbuf[2 * idx] = (value >> 28) + '0';
 423:USB_DEVICE/App/usbd_desc.c ****     }
 424:USB_DEVICE/App/usbd_desc.c ****     else
 425:USB_DEVICE/App/usbd_desc.c ****     {
 426:USB_DEVICE/App/usbd_desc.c ****       pbuf[2 * idx] = (value >> 28) + 'A' - 10;
ARM GAS  /tmp/cc3MxnSN.s 			page 11


 151              		.loc 1 426 7 is_stmt 1 view .LVU28
 152              		.loc 1 426 43 is_stmt 0 view .LVU29
 153 000a 0CF1370C 		add	ip, ip, #55
 154              		.loc 1 426 21 view .LVU30
 155 000e 01F813C0 		strb	ip, [r1, r3, lsl #1]
 156              	.L13:
 427:USB_DEVICE/App/usbd_desc.c ****     }
 428:USB_DEVICE/App/usbd_desc.c **** 
 429:USB_DEVICE/App/usbd_desc.c ****     value = value << 4;
 157              		.loc 1 429 5 is_stmt 1 discriminator 2 view .LVU31
 158              		.loc 1 429 11 is_stmt 0 discriminator 2 view .LVU32
 159 0012 0001     		lsls	r0, r0, #4
 160              	.LVL8:
 430:USB_DEVICE/App/usbd_desc.c **** 
 431:USB_DEVICE/App/usbd_desc.c ****     pbuf[2 * idx + 1] = 0;
 161              		.loc 1 431 5 is_stmt 1 discriminator 2 view .LVU33
 162              		.loc 1 431 12 is_stmt 0 discriminator 2 view .LVU34
 163 0014 4FEA430C 		lsl	ip, r3, #1
 164              		.loc 1 431 9 discriminator 2 view .LVU35
 165 0018 0CF1010C 		add	ip, ip, #1
 166              		.loc 1 431 23 discriminator 2 view .LVU36
 167 001c 4FF0000E 		mov	lr, #0
 168 0020 01F80CE0 		strb	lr, [r1, ip]
 418:USB_DEVICE/App/usbd_desc.c ****   {
 169              		.loc 1 418 28 is_stmt 1 discriminator 2 view .LVU37
 418:USB_DEVICE/App/usbd_desc.c ****   {
 170              		.loc 1 418 31 is_stmt 0 discriminator 2 view .LVU38
 171 0024 0133     		adds	r3, r3, #1
 172              	.LVL9:
 418:USB_DEVICE/App/usbd_desc.c ****   {
 173              		.loc 1 418 31 discriminator 2 view .LVU39
 174 0026 DBB2     		uxtb	r3, r3
 175              	.LVL10:
 418:USB_DEVICE/App/usbd_desc.c ****   {
 176              		.loc 1 418 17 is_stmt 1 discriminator 2 view .LVU40
 418:USB_DEVICE/App/usbd_desc.c ****   {
 177              		.loc 1 418 3 is_stmt 0 discriminator 2 view .LVU41
 178 0028 9342     		cmp	r3, r2
 179 002a 09D2     		bcs	.L19
 180              	.L14:
 420:USB_DEVICE/App/usbd_desc.c ****     {
 181              		.loc 1 420 5 is_stmt 1 view .LVU42
 420:USB_DEVICE/App/usbd_desc.c ****     {
 182              		.loc 1 420 17 is_stmt 0 view .LVU43
 183 002c 4FEA107C 		lsr	ip, r0, #28
 420:USB_DEVICE/App/usbd_desc.c ****     {
 184              		.loc 1 420 8 view .LVU44
 185 0030 B0F1204F 		cmp	r0, #-1610612736
 186 0034 E9D2     		bcs	.L12
 422:USB_DEVICE/App/usbd_desc.c ****     }
 187              		.loc 1 422 7 is_stmt 1 view .LVU45
 422:USB_DEVICE/App/usbd_desc.c ****     }
 188              		.loc 1 422 37 is_stmt 0 view .LVU46
 189 0036 0CF1300C 		add	ip, ip, #48
 422:USB_DEVICE/App/usbd_desc.c ****     }
 190              		.loc 1 422 21 view .LVU47
 191 003a 01F813C0 		strb	ip, [r1, r3, lsl #1]
ARM GAS  /tmp/cc3MxnSN.s 			page 12


 192 003e E8E7     		b	.L13
 193              	.L19:
 432:USB_DEVICE/App/usbd_desc.c ****   }
 433:USB_DEVICE/App/usbd_desc.c **** }
 194              		.loc 1 433 1 view .LVU48
 195 0040 5DF804FB 		ldr	pc, [sp], #4
 196              	.L18:
 197              	.LCFI1:
 198              		.cfi_def_cfa_offset 0
 199              		.cfi_restore 14
 200              		.loc 1 433 1 view .LVU49
 201 0044 7047     		bx	lr
 202              		.cfi_endproc
 203              	.LFE149:
 205              		.section	.text.Get_SerialNum,"ax",%progbits
 206              		.align	1
 207              		.syntax unified
 208              		.thumb
 209              		.thumb_func
 210              		.fpu fpv4-sp-d16
 212              	Get_SerialNum:
 213              	.LFB148:
 389:USB_DEVICE/App/usbd_desc.c ****   uint32_t deviceserial0;
 214              		.loc 1 389 1 is_stmt 1 view -0
 215              		.cfi_startproc
 216              		@ args = 0, pretend = 0, frame = 0
 217              		@ frame_needed = 0, uses_anonymous_args = 0
 218 0000 38B5     		push	{r3, r4, r5, lr}
 219              	.LCFI2:
 220              		.cfi_def_cfa_offset 16
 221              		.cfi_offset 3, -16
 222              		.cfi_offset 4, -12
 223              		.cfi_offset 5, -8
 224              		.cfi_offset 14, -4
 390:USB_DEVICE/App/usbd_desc.c ****   uint32_t deviceserial1;
 225              		.loc 1 390 3 view .LVU51
 391:USB_DEVICE/App/usbd_desc.c ****   uint32_t deviceserial2;
 226              		.loc 1 391 3 view .LVU52
 392:USB_DEVICE/App/usbd_desc.c **** 
 227              		.loc 1 392 3 view .LVU53
 394:USB_DEVICE/App/usbd_desc.c ****   deviceserial1 = *(uint32_t *) DEVICE_ID2;
 228              		.loc 1 394 3 view .LVU54
 394:USB_DEVICE/App/usbd_desc.c ****   deviceserial1 = *(uint32_t *) DEVICE_ID2;
 229              		.loc 1 394 17 is_stmt 0 view .LVU55
 230 0002 0B4B     		ldr	r3, .L24
 231 0004 D3F89005 		ldr	r0, [r3, #1424]
 232              	.LVL11:
 395:USB_DEVICE/App/usbd_desc.c ****   deviceserial2 = *(uint32_t *) DEVICE_ID3;
 233              		.loc 1 395 3 is_stmt 1 view .LVU56
 395:USB_DEVICE/App/usbd_desc.c ****   deviceserial2 = *(uint32_t *) DEVICE_ID3;
 234              		.loc 1 395 17 is_stmt 0 view .LVU57
 235 0008 D3F89445 		ldr	r4, [r3, #1428]
 236              	.LVL12:
 396:USB_DEVICE/App/usbd_desc.c **** 
 237              		.loc 1 396 3 is_stmt 1 view .LVU58
 396:USB_DEVICE/App/usbd_desc.c **** 
 238              		.loc 1 396 17 is_stmt 0 view .LVU59
ARM GAS  /tmp/cc3MxnSN.s 			page 13


 239 000c D3F89835 		ldr	r3, [r3, #1432]
 240              	.LVL13:
 398:USB_DEVICE/App/usbd_desc.c **** 
 241              		.loc 1 398 3 is_stmt 1 view .LVU60
 400:USB_DEVICE/App/usbd_desc.c ****   {
 242              		.loc 1 400 3 view .LVU61
 400:USB_DEVICE/App/usbd_desc.c ****   {
 243              		.loc 1 400 6 is_stmt 0 view .LVU62
 244 0010 C018     		adds	r0, r0, r3
 245              	.LVL14:
 400:USB_DEVICE/App/usbd_desc.c ****   {
 246              		.loc 1 400 6 view .LVU63
 247 0012 00D1     		bne	.L23
 248              	.LVL15:
 249              	.L20:
 405:USB_DEVICE/App/usbd_desc.c **** 
 250              		.loc 1 405 1 view .LVU64
 251 0014 38BD     		pop	{r3, r4, r5, pc}
 252              	.LVL16:
 253              	.L23:
 402:USB_DEVICE/App/usbd_desc.c ****     IntToUnicode(deviceserial1, &USBD_StringSerial[18], 4);
 254              		.loc 1 402 5 is_stmt 1 view .LVU65
 255 0016 074D     		ldr	r5, .L24+4
 256 0018 0822     		movs	r2, #8
 257 001a A91C     		adds	r1, r5, #2
 258 001c FFF7FEFF 		bl	IntToUnicode
 259              	.LVL17:
 403:USB_DEVICE/App/usbd_desc.c ****   }
 260              		.loc 1 403 5 view .LVU66
 261 0020 0422     		movs	r2, #4
 262 0022 05F11201 		add	r1, r5, #18
 263 0026 2046     		mov	r0, r4
 264 0028 FFF7FEFF 		bl	IntToUnicode
 265              	.LVL18:
 405:USB_DEVICE/App/usbd_desc.c **** 
 266              		.loc 1 405 1 is_stmt 0 view .LVU67
 267 002c F2E7     		b	.L20
 268              	.L25:
 269 002e 00BF     		.align	2
 270              	.L24:
 271 0030 0070FF1F 		.word	536834048
 272 0034 00000000 		.word	.LANCHOR3
 273              		.cfi_endproc
 274              	.LFE148:
 276              		.section	.text.USBD_FS_SerialStrDescriptor,"ax",%progbits
 277              		.align	1
 278              		.global	USBD_FS_SerialStrDescriptor
 279              		.syntax unified
 280              		.thumb
 281              		.thumb_func
 282              		.fpu fpv4-sp-d16
 284              	USBD_FS_SerialStrDescriptor:
 285              	.LVL19:
 286              	.LFB144:
 317:USB_DEVICE/App/usbd_desc.c ****   UNUSED(speed);
 287              		.loc 1 317 1 is_stmt 1 view -0
 288              		.cfi_startproc
ARM GAS  /tmp/cc3MxnSN.s 			page 14


 289              		@ args = 0, pretend = 0, frame = 0
 290              		@ frame_needed = 0, uses_anonymous_args = 0
 317:USB_DEVICE/App/usbd_desc.c ****   UNUSED(speed);
 291              		.loc 1 317 1 is_stmt 0 view .LVU69
 292 0000 08B5     		push	{r3, lr}
 293              	.LCFI3:
 294              		.cfi_def_cfa_offset 8
 295              		.cfi_offset 3, -8
 296              		.cfi_offset 14, -4
 318:USB_DEVICE/App/usbd_desc.c ****   *length = USB_SIZ_STRING_SERIAL;
 297              		.loc 1 318 3 is_stmt 1 view .LVU70
 319:USB_DEVICE/App/usbd_desc.c **** 
 298              		.loc 1 319 3 view .LVU71
 319:USB_DEVICE/App/usbd_desc.c **** 
 299              		.loc 1 319 11 is_stmt 0 view .LVU72
 300 0002 1A23     		movs	r3, #26
 301 0004 0B80     		strh	r3, [r1]	@ movhi
 323:USB_DEVICE/App/usbd_desc.c ****   /* USER CODE BEGIN USBD_FS_SerialStrDescriptor */
 302              		.loc 1 323 3 is_stmt 1 view .LVU73
 303 0006 FFF7FEFF 		bl	Get_SerialNum
 304              	.LVL20:
 327:USB_DEVICE/App/usbd_desc.c **** }
 305              		.loc 1 327 3 view .LVU74
 328:USB_DEVICE/App/usbd_desc.c **** 
 306              		.loc 1 328 1 is_stmt 0 view .LVU75
 307 000a 0148     		ldr	r0, .L28
 308 000c 08BD     		pop	{r3, pc}
 309              	.L29:
 310 000e 00BF     		.align	2
 311              	.L28:
 312 0010 00000000 		.word	.LANCHOR3
 313              		.cfi_endproc
 314              	.LFE144:
 316              		.section	.rodata.USBD_FS_ProductStrDescriptor.str1.4,"aMS",%progbits,1
 317              		.align	2
 318              	.LC0:
 319 0000 53544D33 		.ascii	"STM32 Mass Storage\000"
 319      32204D61 
 319      73732053 
 319      746F7261 
 319      676500
 320              		.section	.text.USBD_FS_ProductStrDescriptor,"ax",%progbits
 321              		.align	1
 322              		.global	USBD_FS_ProductStrDescriptor
 323              		.syntax unified
 324              		.thumb
 325              		.thumb_func
 326              		.fpu fpv4-sp-d16
 328              	USBD_FS_ProductStrDescriptor:
 329              	.LVL21:
 330              	.LFB142:
 285:USB_DEVICE/App/usbd_desc.c ****   if(speed == 0)
 331              		.loc 1 285 1 is_stmt 1 view -0
 332              		.cfi_startproc
 333              		@ args = 0, pretend = 0, frame = 0
 334              		@ frame_needed = 0, uses_anonymous_args = 0
 285:USB_DEVICE/App/usbd_desc.c ****   if(speed == 0)
ARM GAS  /tmp/cc3MxnSN.s 			page 15


 335              		.loc 1 285 1 is_stmt 0 view .LVU77
 336 0000 08B5     		push	{r3, lr}
 337              	.LCFI4:
 338              		.cfi_def_cfa_offset 8
 339              		.cfi_offset 3, -8
 340              		.cfi_offset 14, -4
 341 0002 0A46     		mov	r2, r1
 286:USB_DEVICE/App/usbd_desc.c ****   {
 342              		.loc 1 286 3 is_stmt 1 view .LVU78
 286:USB_DEVICE/App/usbd_desc.c ****   {
 343              		.loc 1 286 5 is_stmt 0 view .LVU79
 344 0004 28B9     		cbnz	r0, .L31
 288:USB_DEVICE/App/usbd_desc.c ****   }
 345              		.loc 1 288 5 is_stmt 1 view .LVU80
 346 0006 0549     		ldr	r1, .L34
 347              	.LVL22:
 288:USB_DEVICE/App/usbd_desc.c ****   }
 348              		.loc 1 288 5 is_stmt 0 view .LVU81
 349 0008 0548     		ldr	r0, .L34+4
 350              	.LVL23:
 288:USB_DEVICE/App/usbd_desc.c ****   }
 351              		.loc 1 288 5 view .LVU82
 352 000a FFF7FEFF 		bl	USBD_GetString
 353              	.LVL24:
 354              	.L32:
 294:USB_DEVICE/App/usbd_desc.c **** }
 355              		.loc 1 294 3 is_stmt 1 view .LVU83
 295:USB_DEVICE/App/usbd_desc.c **** 
 356              		.loc 1 295 1 is_stmt 0 view .LVU84
 357 000e 0348     		ldr	r0, .L34
 358 0010 08BD     		pop	{r3, pc}
 359              	.LVL25:
 360              	.L31:
 292:USB_DEVICE/App/usbd_desc.c ****   }
 361              		.loc 1 292 5 is_stmt 1 view .LVU85
 362 0012 0249     		ldr	r1, .L34
 363              	.LVL26:
 292:USB_DEVICE/App/usbd_desc.c ****   }
 364              		.loc 1 292 5 is_stmt 0 view .LVU86
 365 0014 0248     		ldr	r0, .L34+4
 366              	.LVL27:
 292:USB_DEVICE/App/usbd_desc.c ****   }
 367              		.loc 1 292 5 view .LVU87
 368 0016 FFF7FEFF 		bl	USBD_GetString
 369              	.LVL28:
 292:USB_DEVICE/App/usbd_desc.c ****   }
 370              		.loc 1 292 5 view .LVU88
 371 001a F8E7     		b	.L32
 372              	.L35:
 373              		.align	2
 374              	.L34:
 375 001c 00000000 		.word	.LANCHOR4
 376 0020 00000000 		.word	.LC0
 377              		.cfi_endproc
 378              	.LFE142:
 380              		.section	.rodata.USBD_FS_ManufacturerStrDescriptor.str1.4,"aMS",%progbits,1
 381              		.align	2
ARM GAS  /tmp/cc3MxnSN.s 			page 16


 382              	.LC1:
 383 0000 53544D69 		.ascii	"STMicroelectronics\000"
 383      63726F65 
 383      6C656374 
 383      726F6E69 
 383      637300
 384              		.section	.text.USBD_FS_ManufacturerStrDescriptor,"ax",%progbits
 385              		.align	1
 386              		.global	USBD_FS_ManufacturerStrDescriptor
 387              		.syntax unified
 388              		.thumb
 389              		.thumb_func
 390              		.fpu fpv4-sp-d16
 392              	USBD_FS_ManufacturerStrDescriptor:
 393              	.LVL29:
 394              	.LFB143:
 304:USB_DEVICE/App/usbd_desc.c ****   UNUSED(speed);
 395              		.loc 1 304 1 is_stmt 1 view -0
 396              		.cfi_startproc
 397              		@ args = 0, pretend = 0, frame = 0
 398              		@ frame_needed = 0, uses_anonymous_args = 0
 304:USB_DEVICE/App/usbd_desc.c ****   UNUSED(speed);
 399              		.loc 1 304 1 is_stmt 0 view .LVU90
 400 0000 10B5     		push	{r4, lr}
 401              	.LCFI5:
 402              		.cfi_def_cfa_offset 8
 403              		.cfi_offset 4, -8
 404              		.cfi_offset 14, -4
 405 0002 0A46     		mov	r2, r1
 305:USB_DEVICE/App/usbd_desc.c ****   USBD_GetString((uint8_t *)USBD_MANUFACTURER_STRING, USBD_StrDesc, length);
 406              		.loc 1 305 3 is_stmt 1 view .LVU91
 306:USB_DEVICE/App/usbd_desc.c ****   return USBD_StrDesc;
 407              		.loc 1 306 3 view .LVU92
 408 0004 034C     		ldr	r4, .L38
 409 0006 2146     		mov	r1, r4
 410              	.LVL30:
 306:USB_DEVICE/App/usbd_desc.c ****   return USBD_StrDesc;
 411              		.loc 1 306 3 is_stmt 0 view .LVU93
 412 0008 0348     		ldr	r0, .L38+4
 413              	.LVL31:
 306:USB_DEVICE/App/usbd_desc.c ****   return USBD_StrDesc;
 414              		.loc 1 306 3 view .LVU94
 415 000a FFF7FEFF 		bl	USBD_GetString
 416              	.LVL32:
 307:USB_DEVICE/App/usbd_desc.c **** }
 417              		.loc 1 307 3 is_stmt 1 view .LVU95
 308:USB_DEVICE/App/usbd_desc.c **** 
 418              		.loc 1 308 1 is_stmt 0 view .LVU96
 419 000e 2046     		mov	r0, r4
 420 0010 10BD     		pop	{r4, pc}
 421              	.L39:
 422 0012 00BF     		.align	2
 423              	.L38:
 424 0014 00000000 		.word	.LANCHOR4
 425 0018 00000000 		.word	.LC1
 426              		.cfi_endproc
 427              	.LFE143:
ARM GAS  /tmp/cc3MxnSN.s 			page 17


 429              		.section	.rodata.USBD_FS_ConfigStrDescriptor.str1.4,"aMS",%progbits,1
 430              		.align	2
 431              	.LC2:
 432 0000 4D534320 		.ascii	"MSC Config\000"
 432      436F6E66 
 432      696700
 433              		.section	.text.USBD_FS_ConfigStrDescriptor,"ax",%progbits
 434              		.align	1
 435              		.global	USBD_FS_ConfigStrDescriptor
 436              		.syntax unified
 437              		.thumb
 438              		.thumb_func
 439              		.fpu fpv4-sp-d16
 441              	USBD_FS_ConfigStrDescriptor:
 442              	.LVL33:
 443              	.LFB145:
 337:USB_DEVICE/App/usbd_desc.c ****   if(speed == USBD_SPEED_HIGH)
 444              		.loc 1 337 1 is_stmt 1 view -0
 445              		.cfi_startproc
 446              		@ args = 0, pretend = 0, frame = 0
 447              		@ frame_needed = 0, uses_anonymous_args = 0
 337:USB_DEVICE/App/usbd_desc.c ****   if(speed == USBD_SPEED_HIGH)
 448              		.loc 1 337 1 is_stmt 0 view .LVU98
 449 0000 08B5     		push	{r3, lr}
 450              	.LCFI6:
 451              		.cfi_def_cfa_offset 8
 452              		.cfi_offset 3, -8
 453              		.cfi_offset 14, -4
 454 0002 0A46     		mov	r2, r1
 338:USB_DEVICE/App/usbd_desc.c ****   {
 455              		.loc 1 338 3 is_stmt 1 view .LVU99
 338:USB_DEVICE/App/usbd_desc.c ****   {
 456              		.loc 1 338 5 is_stmt 0 view .LVU100
 457 0004 28B9     		cbnz	r0, .L41
 340:USB_DEVICE/App/usbd_desc.c ****   }
 458              		.loc 1 340 5 is_stmt 1 view .LVU101
 459 0006 0549     		ldr	r1, .L44
 460              	.LVL34:
 340:USB_DEVICE/App/usbd_desc.c ****   }
 461              		.loc 1 340 5 is_stmt 0 view .LVU102
 462 0008 0548     		ldr	r0, .L44+4
 463              	.LVL35:
 340:USB_DEVICE/App/usbd_desc.c ****   }
 464              		.loc 1 340 5 view .LVU103
 465 000a FFF7FEFF 		bl	USBD_GetString
 466              	.LVL36:
 467              	.L42:
 346:USB_DEVICE/App/usbd_desc.c **** }
 468              		.loc 1 346 3 is_stmt 1 view .LVU104
 347:USB_DEVICE/App/usbd_desc.c **** 
 469              		.loc 1 347 1 is_stmt 0 view .LVU105
 470 000e 0348     		ldr	r0, .L44
 471 0010 08BD     		pop	{r3, pc}
 472              	.LVL37:
 473              	.L41:
 344:USB_DEVICE/App/usbd_desc.c ****   }
 474              		.loc 1 344 5 is_stmt 1 view .LVU106
ARM GAS  /tmp/cc3MxnSN.s 			page 18


 475 0012 0249     		ldr	r1, .L44
 476              	.LVL38:
 344:USB_DEVICE/App/usbd_desc.c ****   }
 477              		.loc 1 344 5 is_stmt 0 view .LVU107
 478 0014 0248     		ldr	r0, .L44+4
 479              	.LVL39:
 344:USB_DEVICE/App/usbd_desc.c ****   }
 480              		.loc 1 344 5 view .LVU108
 481 0016 FFF7FEFF 		bl	USBD_GetString
 482              	.LVL40:
 344:USB_DEVICE/App/usbd_desc.c ****   }
 483              		.loc 1 344 5 view .LVU109
 484 001a F8E7     		b	.L42
 485              	.L45:
 486              		.align	2
 487              	.L44:
 488 001c 00000000 		.word	.LANCHOR4
 489 0020 00000000 		.word	.LC2
 490              		.cfi_endproc
 491              	.LFE145:
 493              		.section	.rodata.USBD_FS_InterfaceStrDescriptor.str1.4,"aMS",%progbits,1
 494              		.align	2
 495              	.LC3:
 496 0000 4D534320 		.ascii	"MSC Interface\000"
 496      496E7465 
 496      72666163 
 496      6500
 497              		.section	.text.USBD_FS_InterfaceStrDescriptor,"ax",%progbits
 498              		.align	1
 499              		.global	USBD_FS_InterfaceStrDescriptor
 500              		.syntax unified
 501              		.thumb
 502              		.thumb_func
 503              		.fpu fpv4-sp-d16
 505              	USBD_FS_InterfaceStrDescriptor:
 506              	.LVL41:
 507              	.LFB146:
 356:USB_DEVICE/App/usbd_desc.c ****   if(speed == 0)
 508              		.loc 1 356 1 is_stmt 1 view -0
 509              		.cfi_startproc
 510              		@ args = 0, pretend = 0, frame = 0
 511              		@ frame_needed = 0, uses_anonymous_args = 0
 356:USB_DEVICE/App/usbd_desc.c ****   if(speed == 0)
 512              		.loc 1 356 1 is_stmt 0 view .LVU111
 513 0000 08B5     		push	{r3, lr}
 514              	.LCFI7:
 515              		.cfi_def_cfa_offset 8
 516              		.cfi_offset 3, -8
 517              		.cfi_offset 14, -4
 518 0002 0A46     		mov	r2, r1
 357:USB_DEVICE/App/usbd_desc.c ****   {
 519              		.loc 1 357 3 is_stmt 1 view .LVU112
 357:USB_DEVICE/App/usbd_desc.c ****   {
 520              		.loc 1 357 5 is_stmt 0 view .LVU113
 521 0004 28B9     		cbnz	r0, .L47
 359:USB_DEVICE/App/usbd_desc.c ****   }
 522              		.loc 1 359 5 is_stmt 1 view .LVU114
ARM GAS  /tmp/cc3MxnSN.s 			page 19


 523 0006 0549     		ldr	r1, .L50
 524              	.LVL42:
 359:USB_DEVICE/App/usbd_desc.c ****   }
 525              		.loc 1 359 5 is_stmt 0 view .LVU115
 526 0008 0548     		ldr	r0, .L50+4
 527              	.LVL43:
 359:USB_DEVICE/App/usbd_desc.c ****   }
 528              		.loc 1 359 5 view .LVU116
 529 000a FFF7FEFF 		bl	USBD_GetString
 530              	.LVL44:
 531              	.L48:
 365:USB_DEVICE/App/usbd_desc.c **** }
 532              		.loc 1 365 3 is_stmt 1 view .LVU117
 366:USB_DEVICE/App/usbd_desc.c **** 
 533              		.loc 1 366 1 is_stmt 0 view .LVU118
 534 000e 0348     		ldr	r0, .L50
 535 0010 08BD     		pop	{r3, pc}
 536              	.LVL45:
 537              	.L47:
 363:USB_DEVICE/App/usbd_desc.c ****   }
 538              		.loc 1 363 5 is_stmt 1 view .LVU119
 539 0012 0249     		ldr	r1, .L50
 540              	.LVL46:
 363:USB_DEVICE/App/usbd_desc.c ****   }
 541              		.loc 1 363 5 is_stmt 0 view .LVU120
 542 0014 0248     		ldr	r0, .L50+4
 543              	.LVL47:
 363:USB_DEVICE/App/usbd_desc.c ****   }
 544              		.loc 1 363 5 view .LVU121
 545 0016 FFF7FEFF 		bl	USBD_GetString
 546              	.LVL48:
 363:USB_DEVICE/App/usbd_desc.c ****   }
 547              		.loc 1 363 5 view .LVU122
 548 001a F8E7     		b	.L48
 549              	.L51:
 550              		.align	2
 551              	.L50:
 552 001c 00000000 		.word	.LANCHOR4
 553 0020 00000000 		.word	.LC3
 554              		.cfi_endproc
 555              	.LFE146:
 557              		.global	USBD_StringSerial
 558              		.global	USBD_StrDesc
 559              		.global	USBD_LangIDDesc
 560              		.global	USBD_FS_BOSDesc
 561              		.global	USBD_FS_DeviceDesc
 562              		.global	FS_Desc
 563              		.section	.bss.USBD_StrDesc,"aw",%nobits
 564              		.align	2
 565              		.set	.LANCHOR4,. + 0
 568              	USBD_StrDesc:
 569 0000 00000000 		.space	512
 569      00000000 
 569      00000000 
 569      00000000 
 569      00000000 
 570              		.section	.data.FS_Desc,"aw"
ARM GAS  /tmp/cc3MxnSN.s 			page 20


 571              		.align	2
 574              	FS_Desc:
 575 0000 00000000 		.word	USBD_FS_DeviceDescriptor
 576 0004 00000000 		.word	USBD_FS_LangIDStrDescriptor
 577 0008 00000000 		.word	USBD_FS_ManufacturerStrDescriptor
 578 000c 00000000 		.word	USBD_FS_ProductStrDescriptor
 579 0010 00000000 		.word	USBD_FS_SerialStrDescriptor
 580 0014 00000000 		.word	USBD_FS_ConfigStrDescriptor
 581 0018 00000000 		.word	USBD_FS_InterfaceStrDescriptor
 582 001c 00000000 		.word	USBD_FS_USR_BOSDescriptor
 583              		.section	.data.USBD_FS_BOSDesc,"aw"
 584              		.align	2
 585              		.set	.LANCHOR2,. + 0
 588              	USBD_FS_BOSDesc:
 589 0000 050F0C00 		.ascii	"\005\017\014\000\001\007\020\002\002\000\000\000"
 589      01071002 
 589      02000000 
 590              		.section	.data.USBD_FS_DeviceDesc,"aw"
 591              		.align	2
 592              		.set	.LANCHOR0,. + 0
 595              	USBD_FS_DeviceDesc:
 596 0000 12010102 		.ascii	"\022\001\001\002\000\000\000@\203\004*W\000\002\001"
 596      00000040 
 596      83042A57 
 596      000201
 597 000f 020301   		.ascii	"\002\003\001"
 598              		.section	.data.USBD_LangIDDesc,"aw"
 599              		.align	2
 600              		.set	.LANCHOR1,. + 0
 603              	USBD_LangIDDesc:
 604 0000 04030904 		.ascii	"\004\003\011\004"
 605              		.section	.data.USBD_StringSerial,"aw"
 606              		.align	2
 607              		.set	.LANCHOR3,. + 0
 610              	USBD_StringSerial:
 611 0000 1A0300   		.ascii	"\032\003\000"
 612 0003 00000000 		.space	23
 612      00000000 
 612      00000000 
 612      00000000 
 612      00000000 
 613              		.text
 614              	.Letext0:
 615              		.file 2 "/usr/include/newlib/machine/_default_types.h"
 616              		.file 3 "/usr/include/newlib/sys/_stdint.h"
 617              		.file 4 "Middlewares/ST/STM32_USB_Device_Library/Core/Inc/usbd_def.h"
 618              		.file 5 "USB_DEVICE/App/usbd_desc.h"
 619              		.file 6 "Middlewares/ST/STM32_USB_Device_Library/Core/Inc/usbd_ctlreq.h"
ARM GAS  /tmp/cc3MxnSN.s 			page 21


DEFINED SYMBOLS
                            *ABS*:0000000000000000 usbd_desc.c
     /tmp/cc3MxnSN.s:18     .text.USBD_FS_DeviceDescriptor:0000000000000000 $t
     /tmp/cc3MxnSN.s:26     .text.USBD_FS_DeviceDescriptor:0000000000000000 USBD_FS_DeviceDescriptor
     /tmp/cc3MxnSN.s:49     .text.USBD_FS_DeviceDescriptor:0000000000000008 $d
     /tmp/cc3MxnSN.s:54     .text.USBD_FS_LangIDStrDescriptor:0000000000000000 $t
     /tmp/cc3MxnSN.s:61     .text.USBD_FS_LangIDStrDescriptor:0000000000000000 USBD_FS_LangIDStrDescriptor
     /tmp/cc3MxnSN.s:83     .text.USBD_FS_LangIDStrDescriptor:0000000000000008 $d
     /tmp/cc3MxnSN.s:88     .text.USBD_FS_USR_BOSDescriptor:0000000000000000 $t
     /tmp/cc3MxnSN.s:95     .text.USBD_FS_USR_BOSDescriptor:0000000000000000 USBD_FS_USR_BOSDescriptor
     /tmp/cc3MxnSN.s:117    .text.USBD_FS_USR_BOSDescriptor:0000000000000008 $d
     /tmp/cc3MxnSN.s:122    .text.IntToUnicode:0000000000000000 $t
     /tmp/cc3MxnSN.s:128    .text.IntToUnicode:0000000000000000 IntToUnicode
     /tmp/cc3MxnSN.s:206    .text.Get_SerialNum:0000000000000000 $t
     /tmp/cc3MxnSN.s:212    .text.Get_SerialNum:0000000000000000 Get_SerialNum
     /tmp/cc3MxnSN.s:271    .text.Get_SerialNum:0000000000000030 $d
     /tmp/cc3MxnSN.s:277    .text.USBD_FS_SerialStrDescriptor:0000000000000000 $t
     /tmp/cc3MxnSN.s:284    .text.USBD_FS_SerialStrDescriptor:0000000000000000 USBD_FS_SerialStrDescriptor
     /tmp/cc3MxnSN.s:312    .text.USBD_FS_SerialStrDescriptor:0000000000000010 $d
     /tmp/cc3MxnSN.s:317    .rodata.USBD_FS_ProductStrDescriptor.str1.4:0000000000000000 $d
     /tmp/cc3MxnSN.s:321    .text.USBD_FS_ProductStrDescriptor:0000000000000000 $t
     /tmp/cc3MxnSN.s:328    .text.USBD_FS_ProductStrDescriptor:0000000000000000 USBD_FS_ProductStrDescriptor
     /tmp/cc3MxnSN.s:375    .text.USBD_FS_ProductStrDescriptor:000000000000001c $d
     /tmp/cc3MxnSN.s:381    .rodata.USBD_FS_ManufacturerStrDescriptor.str1.4:0000000000000000 $d
     /tmp/cc3MxnSN.s:385    .text.USBD_FS_ManufacturerStrDescriptor:0000000000000000 $t
     /tmp/cc3MxnSN.s:392    .text.USBD_FS_ManufacturerStrDescriptor:0000000000000000 USBD_FS_ManufacturerStrDescriptor
     /tmp/cc3MxnSN.s:424    .text.USBD_FS_ManufacturerStrDescriptor:0000000000000014 $d
     /tmp/cc3MxnSN.s:430    .rodata.USBD_FS_ConfigStrDescriptor.str1.4:0000000000000000 $d
     /tmp/cc3MxnSN.s:434    .text.USBD_FS_ConfigStrDescriptor:0000000000000000 $t
     /tmp/cc3MxnSN.s:441    .text.USBD_FS_ConfigStrDescriptor:0000000000000000 USBD_FS_ConfigStrDescriptor
     /tmp/cc3MxnSN.s:488    .text.USBD_FS_ConfigStrDescriptor:000000000000001c $d
     /tmp/cc3MxnSN.s:494    .rodata.USBD_FS_InterfaceStrDescriptor.str1.4:0000000000000000 $d
     /tmp/cc3MxnSN.s:498    .text.USBD_FS_InterfaceStrDescriptor:0000000000000000 $t
     /tmp/cc3MxnSN.s:505    .text.USBD_FS_InterfaceStrDescriptor:0000000000000000 USBD_FS_InterfaceStrDescriptor
     /tmp/cc3MxnSN.s:552    .text.USBD_FS_InterfaceStrDescriptor:000000000000001c $d
     /tmp/cc3MxnSN.s:610    .data.USBD_StringSerial:0000000000000000 USBD_StringSerial
     /tmp/cc3MxnSN.s:568    .bss.USBD_StrDesc:0000000000000000 USBD_StrDesc
     /tmp/cc3MxnSN.s:603    .data.USBD_LangIDDesc:0000000000000000 USBD_LangIDDesc
     /tmp/cc3MxnSN.s:588    .data.USBD_FS_BOSDesc:0000000000000000 USBD_FS_BOSDesc
     /tmp/cc3MxnSN.s:595    .data.USBD_FS_DeviceDesc:0000000000000000 USBD_FS_DeviceDesc
     /tmp/cc3MxnSN.s:574    .data.FS_Desc:0000000000000000 FS_Desc
     /tmp/cc3MxnSN.s:564    .bss.USBD_StrDesc:0000000000000000 $d
     /tmp/cc3MxnSN.s:571    .data.FS_Desc:0000000000000000 $d
     /tmp/cc3MxnSN.s:584    .data.USBD_FS_BOSDesc:0000000000000000 $d
     /tmp/cc3MxnSN.s:591    .data.USBD_FS_DeviceDesc:0000000000000000 $d
     /tmp/cc3MxnSN.s:599    .data.USBD_LangIDDesc:0000000000000000 $d
     /tmp/cc3MxnSN.s:606    .data.USBD_StringSerial:0000000000000000 $d

UNDEFINED SYMBOLS
USBD_GetString
